\BOOKMARK [1][-]{section*.2}{\376\377\144\130\211\201}{}% 1
\BOOKMARK [1][-]{section*.3}{\376\377\000A\000b\000s\000t\000r\000a\000c\000t}{}% 2
\BOOKMARK [1][-]{section.1}{\376\377\176\352\213\272}{}% 3
\BOOKMARK [2][-]{subsection.1.1}{\376\377\213\376\230\230\200\314\146\157\123\312\170\024\172\166\141\017\116\111}{section.1}% 4
\BOOKMARK [3][-]{subsubsection.1.1.1}{\376\377\170\024\172\166\200\314\146\157}{subsection.1.1}% 5
\BOOKMARK [3][-]{subsubsection.1.1.2}{\376\377\170\024\172\166\141\017\116\111}{subsection.1.1}% 6
\BOOKMARK [2][-]{subsection.1.2}{\376\377\170\024\172\166\163\260\162\266\123\312\123\321\134\125\226\276\160\271}{section.1}% 7
\BOOKMARK [3][-]{subsubsection.1.2.1}{\376\377\170\024\172\166\163\260\162\266}{subsection.1.2}% 8
\BOOKMARK [3][-]{subsubsection.1.2.2}{\376\377\123\321\134\125\226\276\160\271}{subsection.1.2}% 9
\BOOKMARK [2][-]{subsection.1.3}{\376\377\170\024\172\166\121\205\133\271\123\312\172\340\202\202\133\211\143\222}{section.1}% 10
\BOOKMARK [1][-]{section.2}{\376\377\166\356\150\007\150\300\155\113\166\370\121\163\173\227\154\325}{}% 11
\BOOKMARK [2][-]{subsection.2.1}{\376\377\166\356\150\007\150\300\155\113\173\227\154\325\151\202\217\360}{section.2}% 12
\BOOKMARK [2][-]{subsection.2.2}{\376\377\000R\000-\000C\000N\000N\174\373\122\027}{section.2}% 13
\BOOKMARK [3][-]{subsubsection.2.2.1}{\376\377\000R\000-\000C\000N\000N}{subsection.2.2}% 14
\BOOKMARK [3][-]{subsubsection.2.2.2}{\376\377\000S\000P\000P\000\040\000N\000e\000t}{subsection.2.2}% 15
\BOOKMARK [3][-]{subsubsection.2.2.3}{\376\377\000F\000a\000s\000t\000\040\000R\000-\000C\000N\000N}{subsection.2.2}% 16
\BOOKMARK [3][-]{subsubsection.2.2.4}{\376\377\000F\000a\000s\000t\000e\000r\000\040\000R\000-\000C\000N\000N}{subsection.2.2}% 17
\BOOKMARK [2][-]{subsection.2.3}{\376\377\000Y\000O\000L\000O\174\373\122\027}{section.2}% 18
\BOOKMARK [3][-]{subsubsection.2.3.1}{\376\377\000Y\000O\000L\000O}{subsection.2.3}% 19
\BOOKMARK [3][-]{subsubsection.2.3.2}{\376\377\000S\000S\000D}{subsection.2.3}% 20
\BOOKMARK [2][-]{subsection.2.4}{\376\377\147\054\172\340\134\017\176\323}{section.2}% 21
\BOOKMARK [1][-]{section.3}{\376\377\164\346\162\107\143\137\133\263\150\300\155\113\173\227\154\325\213\276\213\241}{}% 22
\BOOKMARK [2][-]{subsection.3.1}{\376\377\164\346\162\107\143\137\133\263\150\300\155\113\155\101\172\013}{section.3}% 23
\BOOKMARK [2][-]{subsection.3.2}{\376\377\000S\000S\000D\173\227\154\325\150\070\137\303\140\035\140\363}{section.3}% 24
\BOOKMARK [2][-]{subsection.3.3}{\376\377\000S\000S\000D\152\041\127\213\176\323\147\204}{section.3}% 25
\BOOKMARK [2][-]{subsection.3.4}{\376\377\143\137\131\061\121\375\145\160}{section.3}% 26
\BOOKMARK [3][-]{subsubsection.3.4.1}{\376\377\000S\000S\000D\116\055\221\307\165\050\166\204\143\137\131\061\121\375\145\160}{subsection.3.4}% 27
\BOOKMARK [3][-]{subsubsection.3.4.2}{\376\377\145\071\217\333\143\137\131\061\121\375\145\160\000-\000F\000o\000c\000a\000l\000\040\000L\000o\000s\000s}{subsection.3.4}% 28
\BOOKMARK [3][-]{subsubsection.3.4.3}{\376\377\145\071\217\333\000N\000M\000S\000,\221\307\165\050\000S\000o\000f\000t\000-\000N\000M\000S}{subsection.3.4}% 29
\BOOKMARK [2][-]{subsection.3.5}{\376\377\000S\000S\000D\152\041\127\213\213\255\176\303}{section.3}% 30
\BOOKMARK [2][-]{subsection.3.6}{\376\377\147\054\172\340\134\017\176\323}{section.3}% 31
\BOOKMARK [1][-]{section.4}{\376\377\164\346\162\107\143\137\133\263\150\300\155\113\173\227\154\325\133\236\163\260}{}% 32
\BOOKMARK [2][-]{subsection.4.1}{\376\377\126\376\120\317\230\204\131\004\164\006}{section.4}% 33
\BOOKMARK [3][-]{subsubsection.4.1.1}{\376\377\150\007\154\350\135\345\121\167}{subsection.4.1}% 34
\BOOKMARK [3][-]{subsubsection.4.1.2}{\376\377\145\160\143\156\226\306}{subsection.4.1}% 35
\BOOKMARK [3][-]{subsubsection.4.1.3}{\376\377\000P\000y\000t\000o\000r\000c\000h\116\313\176\315}{subsection.4.1}% 36
\BOOKMARK [3][-]{subsubsection.4.1.4}{\376\377\000O\000p\000e\000n\000C\000V\116\313\176\315}{subsection.4.1}% 37
\BOOKMARK [3][-]{subsubsection.4.1.5}{\376\377\134\006\126\376\162\107\122\007\122\162\142\020\0003\0000\0000\000p\000x\131\047\134\017}{subsection.4.1}% 38
\BOOKMARK [2][-]{subsection.4.2}{\376\377\177\121\176\334\152\041\127\213\133\236\163\260}{section.4}% 39
\BOOKMARK [3][-]{subsubsection.4.2.1}{\376\377\152\041\127\213\213\276\213\241}{subsection.4.2}% 40
\BOOKMARK [3][-]{subsubsection.4.2.2}{\376\377\000L\0002\000N\000o\000r\000m\0002\000d}{subsection.4.2}% 41
\BOOKMARK [3][-]{subsubsection.4.2.3}{\376\377\000S\000S\000D\000\040\000L\000a\000y\000e\000r}{subsection.4.2}% 42
\BOOKMARK [3][-]{subsubsection.4.2.4}{\376\377\000M\000u\000l\000t\000i\000b\000o\000x\000\040\000L\000a\000y\000e\000r}{subsection.4.2}% 43
\BOOKMARK [2][-]{subsection.4.3}{\376\377\143\137\131\061\121\375\145\160}{section.4}% 44
\BOOKMARK [3][-]{subsubsection.4.3.1}{\376\377\000l\000o\000c\000\137\000l\000o\000s\000s}{subsection.4.3}% 45
\BOOKMARK [3][-]{subsubsection.4.3.2}{\376\377\000c\000o\000n\000f\000\137\000l\000o\000s\000s}{subsection.4.3}% 46
\BOOKMARK [2][-]{subsection.4.4}{\376\377\152\041\127\213\213\255\176\303\000/\155\113\213\325}{section.4}% 47
\BOOKMARK [3][-]{subsubsection.4.4.1}{\376\377\213\255\176\303\173\126\165\145}{subsection.4.4}% 48
\BOOKMARK [1][-]{section.5}{\376\377\133\236\232\214\176\323\147\234\116\016\122\006\147\220}{}% 49
\BOOKMARK [2][-]{subsection.5.1}{\376\377\213\255\176\303\145\366\166\204\143\137\131\061\145\133\145\143\140\305\121\265}{section.5}% 50
\BOOKMARK [2][-]{subsection.5.2}{\376\377\145\071\217\333\000S\000S\000D\173\227\154\325\166\204\133\236\232\214\176\323\147\234}{section.5}% 51
\BOOKMARK [2][-]{subsection.5.3}{\376\377\145\071\217\333\000S\000S\000D\133\371\164\346\162\107\143\137\133\263\150\300\155\113\166\204\121\306\170\156\163\207\133\236\232\214}{section.5}% 52
\BOOKMARK [2][-]{subsection.5.4}{\376\377\133\236\232\214\176\323\147\234\122\006\147\220}{section.5}% 53
\BOOKMARK [2][-]{subsection.5.5}{\376\377\173\227\154\325\145\071\217\333\136\372\213\256}{section.5}% 54
\BOOKMARK [1][-]{section.6}{\376\377\140\073\176\323\123\312\134\125\147\033}{}% 55
\BOOKMARK [1][-]{section*.26}{\376\377\214\042\217\236}{}% 56
