This is XeTeX, Version 3.14159265-2.6-0.99998 (TeX Live 2017/Debian) (preloaded format=xelatex 2017.12.28)  6 MAY 2018 17:33
entering extended mode
 restricted \write18 enabled.
 %&-line parsing enabled.
**cover.tex
(./cover.tex
LaTeX2e <2017-04-15>
Babel <3.12> and hyphenation patterns for 84 language(s) loaded.

! LaTeX Error: Environment table undefined.

See the LaTeX manual or LaTeX Companion for explanation.
Type  H <return>  for immediate help.
 ...                                              
                                                  
l.4 \begin{table}
                 [ht]
Your command was ignored.
Type  I <command> <return>  to replace it with another command,
or  <return>  to continue without it.


! LaTeX Error: Missing \begin{document}.

See the LaTeX manual or LaTeX Companion for explanation.
Type  H <return>  for immediate help.
 ...                                              
                                                  
l.4 \begin{table}[
                  ht]
You're in trouble here.  Try typing  <return>  to proceed.
If that doesn't work, type  X <return>  to quit.

Missing character: There is no [ in font nullfont!
Missing character: There is no h in font nullfont!
Missing character: There is no t in font nullfont!
Missing character: There is no ] in font nullfont!
LaTeX Font Info:    External font `cmex10' loaded for size
(Font)              <7> on input line 6.
LaTeX Font Info:    External font `cmex10' loaded for size
(Font)              <5> on input line 6.
! Undefined control sequence.
\@sharp ->\includegraphics 
                           {./Pictures/usc.png}
l.7 ...4}{c}{\includegraphics{./Pictures/usc.png}}
                                                  \\
The control sequence at the end of the top line
of your error message was never \def'ed. If you have
misspelled it (e.g., `\hobx'), type `I' and the correct
spelling (e.g., `I\hbox'). Otherwise just continue,
and I'll forget about whatever was undefined.

Missing character: There is no . in font nullfont!
Missing character: There is no / in font nullfont!
Missing character: There is no P in font nullfont!
Missing character: There is no i in font nullfont!
Missing character: There is no c in font nullfont!
Missing character: There is no t in font nullfont!
Missing character: There is no u in font nullfont!
Missing character: There is no r in font nullfont!
Missing character: There is no e in font nullfont!
Missing character: There is no s in font nullfont!
Missing character: There is no / in font nullfont!
Missing character: There is no u in font nullfont!
Missing character: There is no s in font nullfont!
Missing character: There is no c in font nullfont!
Missing character: There is no . in font nullfont!
Missing character: There is no p in font nullfont!
Missing character: There is no n in font nullfont!
Missing character: There is no g in font nullfont!
! Undefined control sequence.
l.9 ^^I\specialrule
                   {0em}{10pt}{10pt}
The control sequence at the end of the top line
of your error message was never \def'ed. If you have
misspelled it (e.g., `\hobx'), type `I' and the correct
spelling (e.g., `I\hbox'). Otherwise just continue,
and I'll forget about whatever was undefined.

Missing character: There is no 0 in font nullfont!
Missing character: There is no e in font nullfont!
Missing character: There is no m in font nullfont!
Missing character: There is no 1 in font nullfont!
Missing character: There is no 0 in font nullfont!
Missing character: There is no p in font nullfont!
Missing character: There is no t in font nullfont!
Missing character: There is no 1 in font nullfont!
Missing character: There is no 0 in font nullfont!
Missing character: There is no p in font nullfont!
Missing character: There is no t in font nullfont!
! Misplaced \omit.
\multispan ->\omit 
                   \@multispan 
l.10 ...1} \songti è®¡ç®—æœºç§‘å­¦ä¸ŽæŠ€æœ¯å­¦é™¢}
                                                  \\
I expect to see \omit only after tab marks or the \cr of
an alignment. Proceed, and I'll ignore this case.

! Undefined control sequence.
\@sharp ->\zihao 
                 {1} \songti è®¡ç®—æœºç§‘å­¦ä¸ŽæŠ€æœ¯å­¦é™¢
l.10 ...1} \songti è®¡ç®—æœºç§‘å­¦ä¸ŽæŠ€æœ¯å­¦é™¢}
                                                  \\
The control sequence at the end of the top line
of your error message was never \def'ed. If you have
misspelled it (e.g., `\hobx'), type `I' and the correct
spelling (e.g., `I\hbox'). Otherwise just continue,
and I'll forget about whatever was undefined.

Missing character: There is no 1 in font nullfont!
! Undefined control sequence.
\@sharp ->\zihao {1} \songti 
                             è®¡ç®—æœºç§‘å­¦ä¸ŽæŠ€æœ¯å­¦é™¢
l.10 ...1} \songti è®¡ç®—æœºç§‘å­¦ä¸ŽæŠ€æœ¯å­¦é™¢}
                                                  \\
The control sequence at the end of the top line
of your error message was never \def'ed. If you have
misspelled it (e.g., `\hobx'), type `I' and the correct
spelling (e.g., `I\hbox'). Otherwise just continue,
and I'll forget about whatever was undefined.

Missing character: There is no è®¡ in font nullfont!
Missing character: There is no ç®— in font nullfont!
Missing character: There is no æœº in font nullfont!
Missing character: There is no ç§‘ in font nullfont!
Missing character: There is no å­¦ in font nullfont!
Missing character: There is no ä¸Ž in font nullfont!
Missing character: There is no æŠ€ in font nullfont!
Missing character: There is no æœ¯ in font nullfont!
Missing character: There is no å­¦ in font nullfont!
Missing character: There is no é™¢ in font nullfont!
! Undefined control sequence.
l.12 ^^I\specialrule
                    {0em}{10pt}{10pt}
The control sequence at the end of the top line
of your error message was never \def'ed. If you have
misspelled it (e.g., `\hobx'), type `I' and the correct
spelling (e.g., `I\hbox'). Otherwise just continue,
and I'll forget about whatever was undefined.

Missing character: There is no 0 in font nullfont!
Missing character: There is no e in font nullfont!
Missing character: There is no m in font nullfont!
Missing character: There is no 1 in font nullfont!
Missing character: There is no 0 in font nullfont!
Missing character: There is no p in font nullfont!
Missing character: There is no t in font nullfont!
Missing character: There is no 1 in font nullfont!
Missing character: There is no 0 in font nullfont!
Missing character: There is no p in font nullfont!
Missing character: There is no t in font nullfont!
! Misplaced \omit.
\multispan ->\omit 
                   \@multispan 
l.13 ...lumn{4}{c}{\zihao{2} \kaishu æ¯•ä¸šè®¾è®¡}
                                                  \\
I expect to see \omit only after tab marks or the \cr of
an alignment. Proceed, and I'll ignore this case.

! Undefined control sequence.
\@sharp ->\zihao 
                 {2} \kaishu æ¯•ä¸šè®¾è®¡
l.13 ...lumn{4}{c}{\zihao{2} \kaishu æ¯•ä¸šè®¾è®¡}
                                                  \\
The control sequence at the end of the top line
of your error message was never \def'ed. If you have
misspelled it (e.g., `\hobx'), type `I' and the correct
spelling (e.g., `I\hbox'). Otherwise just continue,
and I'll forget about whatever was undefined.

Missing character: There is no 2 in font nullfont!
! Undefined control sequence.
\@sharp ->\zihao {2} \kaishu 
                             æ¯•ä¸šè®¾è®¡
l.13 ...lumn{4}{c}{\zihao{2} \kaishu æ¯•ä¸šè®¾è®¡}
                                                  \\
The control sequence at the end of the top line
of your error message was never \def'ed. If you have
misspelled it (e.g., `\hobx'), type `I' and the correct
spelling (e.g., `I\hbox'). Otherwise just continue,
and I'll forget about whatever was undefined.

Missing character: There is no æ¯• in font nullfont!
Missing character: There is no ä¸š in font nullfont!
Missing character: There is no è®¾ in font nullfont!
Missing character: There is no è®¡ in font nullfont!
! Undefined control sequence.
l.15 ^^I\specialrule
                    {0em}{10pt}{5pt}
The control sequence at the end of the top line
of your error message was never \def'ed. If you have
misspelled it (e.g., `\hobx'), type `I' and the correct
spelling (e.g., `I\hbox'). Otherwise just continue,
and I'll forget about whatever was undefined.

Missing character: There is no 0 in font nullfont!
Missing character: There is no e in font nullfont!
Missing character: There is no m in font nullfont!
Missing character: There is no 1 in font nullfont!
Missing character: There is no 0 in font nullfont!
Missing character: There is no p in font nullfont!
Missing character: There is no t in font nullfont!
Missing character: There is no 5 in font nullfont!
Missing character: There is no p in font nullfont!
Missing character: There is no t in font nullfont!
! Undefined control sequence.
l.16 ^^I\songti
                \zihao{3}è®ºæ–‡é¢˜ç›®ã€€&  \multicolumn{3}{c}{\songti \zihao...
The control sequence at the end of the top line
of your error message was never \def'ed. If you have
misspelled it (e.g., `\hobx'), type `I' and the correct
spelling (e.g., `I\hbox'). Otherwise just continue,
and I'll forget about whatever was undefined.

! Undefined control sequence.
l.16 ^^I\songti \zihao
                      {3}è®ºæ–‡é¢˜ç›®ã€€&  \multicolumn{3}{c}{\songti \zihao...
The control sequence at the end of the top line
of your error message was never \def'ed. If you have
misspelled it (e.g., `\hobx'), type `I' and the correct
spelling (e.g., `I\hbox'). Otherwise just continue,
and I'll forget about whatever was undefined.

Missing character: There is no 3 in font nullfont!
Missing character: There is no è®º in font nullfont!
Missing character: There is no æ–‡ in font nullfont!
Missing character: There is no é¢˜ in font nullfont!
Missing character: There is no ç›® in font nullfont!
Missing character: There is no ã€€ in font nullfont!
! Undefined control sequence.
\@sharp ->\songti 
                  \zihao {3}åŸºäºŽSSDç½‘ç»œæ¨¡åž‹çš„æˆ¿å±‹ç“¦ç‰‡æŸå®³æ£€æµ‹
l.16 ...SDç½‘ç»œæ¨¡åž‹çš„æˆ¿å±‹ç“¦ç‰‡æŸå®³æ£€æµ‹}
                                                  \\
The control sequence at the end of the top line
of your error message was never \def'ed. If you have
misspelled it (e.g., `\hobx'), type `I' and the correct
spelling (e.g., `I\hbox'). Otherwise just continue,
and I'll forget about whatever was undefined.

! Undefined control sequence.
\@sharp ->\songti \zihao 
                         {3}åŸºäºŽSSDç½‘ç»œæ¨¡åž‹çš„æˆ¿å±‹ç“¦ç‰‡æŸå®³æ£€æµ‹
l.16 ...SDç½‘ç»œæ¨¡åž‹çš„æˆ¿å±‹ç“¦ç‰‡æŸå®³æ£€æµ‹}
                                                  \\
The control sequence at the end of the top line
of your error message was never \def'ed. If you have
misspelled it (e.g., `\hobx'), type `I' and the correct
spelling (e.g., `I\hbox'). Otherwise just continue,
and I'll forget about whatever was undefined.

Missing character: There is no 3 in font nullfont!
Missing character: There is no åŸº in font nullfont!
Missing character: There is no äºŽ in font nullfont!
Missing character: There is no S in font nullfont!
Missing character: There is no S in font nullfont!
Missing character: There is no D in font nullfont!
Missing character: There is no ç½‘ in font nullfont!
Missing character: There is no ç»œ in font nullfont!
Missing character: There is no æ¨¡ in font nullfont!
Missing character: There is no åž‹ in font nullfont!
Missing character: There is no çš„ in font nullfont!
Missing character: There is no æˆ¿ in font nullfont!
Missing character: There is no å±‹ in font nullfont!
Missing character: There is no ç“¦ in font nullfont!
Missing character: There is no ç‰‡ in font nullfont!
Missing character: There is no æŸ in font nullfont!
Missing character: There is no å®³ in font nullfont!
Missing character: There is no æ£€ in font nullfont!
Missing character: There is no æµ‹ in font nullfont!
! Undefined control sequence.
l.20 ^^I\specialrule
                    {0em}{10pt}{10pt}
The control sequence at the end of the top line
of your error message was never \def'ed. If you have
misspelled it (e.g., `\hobx'), type `I' and the correct
spelling (e.g., `I\hbox'). Otherwise just continue,
and I'll forget about whatever was undefined.

Missing character: There is no 0 in font nullfont!
Missing character: There is no e in font nullfont!
Missing character: There is no m in font nullfont!
Missing character: There is no 1 in font nullfont!
Missing character: There is no 0 in font nullfont!
Missing character: There is no p in font nullfont!
Missing character: There is no t in font nullfont!
Missing character: There is no 1 in font nullfont!
Missing character: There is no 0 in font nullfont!
Missing character: There is no p in font nullfont!
Missing character: There is no t in font nullfont!
! Undefined control sequence.
l.21 ^^I\songti
                \zihao{3}å­¦æ ¡å¯¼å¸ˆã€€& \songti \zihao{3}åˆ˜ç«‹ã€€&ã€€\son...
The control sequence at the end of the top line
of your error message was never \def'ed. If you have
misspelled it (e.g., `\hobx'), type `I' and the correct
spelling (e.g., `I\hbox'). Otherwise just continue,
and I'll forget about whatever was undefined.

! Undefined control sequence.
l.21 ^^I\songti \zihao
                      {3}å­¦æ ¡å¯¼å¸ˆã€€& \songti \zihao{3}åˆ˜ç«‹ã€€&ã€€\son...
The control sequence at the end of the top line
of your error message was never \def'ed. If you have
misspelled it (e.g., `\hobx'), type `I' and the correct
spelling (e.g., `I\hbox'). Otherwise just continue,
and I'll forget about whatever was undefined.

Missing character: There is no 3 in font nullfont!
Missing character: There is no å­¦ in font nullfont!
Missing character: There is no æ ¡ in font nullfont!
Missing character: There is no å¯¼ in font nullfont!
Missing character: There is no å¸ˆ in font nullfont!
Missing character: There is no ã€€ in font nullfont!
! Undefined control sequence.
l.21 ^^I\songti \zihao{3}å­¦æ ¡å¯¼å¸ˆã€€& \songti
                                                  \zihao{3}åˆ˜ç«‹ã€€&ã€€\son...
The control sequence at the end of the top line
of your error message was never \def'ed. If you have
misspelled it (e.g., `\hobx'), type `I' and the correct
spelling (e.g., `I\hbox'). Otherwise just continue,
and I'll forget about whatever was undefined.

! Undefined control sequence.
l.21 ...i \zihao{3}å­¦æ ¡å¯¼å¸ˆã€€& \songti \zihao
                                                  {3}åˆ˜ç«‹ã€€&ã€€\songti \z...
The control sequence at the end of the top line
of your error message was never \def'ed. If you have
misspelled it (e.g., `\hobx'), type `I' and the correct
spelling (e.g., `I\hbox'). Otherwise just continue,
and I'll forget about whatever was undefined.

Missing character: There is no 3 in font nullfont!
Missing character: There is no åˆ˜ in font nullfont!
Missing character: There is no ç«‹ in font nullfont!
Missing character: There is no ã€€ in font nullfont!
Missing character: There is no ã€€ in font nullfont!
! Undefined control sequence.
l.21 ...ã€€& \songti \zihao{3}åˆ˜ç«‹ã€€&ã€€\songti
                                                   \zihao{3}èŒç§°ã€€& \song...
The control sequence at the end of the top line
of your error message was never \def'ed. If you have
misspelled it (e.g., `\hobx'), type `I' and the correct
spelling (e.g., `I\hbox'). Otherwise just continue,
and I'll forget about whatever was undefined.

! Undefined control sequence.
l.21 ...ongti \zihao{3}åˆ˜ç«‹ã€€&ã€€\songti \zihao
                                                  {3}èŒç§°ã€€& \songti \zih...
The control sequence at the end of the top line
of your error message was never \def'ed. If you have
misspelled it (e.g., `\hobx'), type `I' and the correct
spelling (e.g., `I\hbox'). Otherwise just continue,
and I'll forget about whatever was undefined.

Missing character: There is no 3 in font nullfont!
Missing character: There is no èŒ in font nullfont!
Missing character: There is no ç§° in font nullfont!
Missing character: There is no ã€€ in font nullfont!
! Undefined control sequence.
l.21 ...ã€€&ã€€\songti \zihao{3}èŒç§°ã€€& \songti
                                                   \zihao{3}æ•™æŽˆ\\
The control sequence at the end of the top line
of your error message was never \def'ed. If you have
misspelled it (e.g., `\hobx'), type `I' and the correct
spelling (e.g., `I\hbox'). Otherwise just continue,
and I'll forget about whatever was undefined.

! Undefined control sequence.
l.21 ...\songti \zihao{3}èŒç§°ã€€& \songti \zihao
                                                  {3}æ•™æŽˆ\\
The control sequence at the end of the top line
of your error message was never \def'ed. If you have
misspelled it (e.g., `\hobx'), type `I' and the correct
spelling (e.g., `I\hbox'). Otherwise just continue,
and I'll forget about whatever was undefined.

Missing character: There is no 3 in font nullfont!
Missing character: There is no æ•™ in font nullfont!
Missing character: There is no æŽˆ in font nullfont!
! Undefined control sequence.
l.24 ^^I\specialrule
                    {0em}{10pt}{10pt}
The control sequence at the end of the top line
of your error message was never \def'ed. If you have
misspelled it (e.g., `\hobx'), type `I' and the correct
spelling (e.g., `I\hbox'). Otherwise just continue,
and I'll forget about whatever was undefined.

Missing character: There is no 0 in font nullfont!
Missing character: There is no e in font nullfont!
Missing character: There is no m in font nullfont!
Missing character: There is no 1 in font nullfont!
Missing character: There is no 0 in font nullfont!
Missing character: There is no p in font nullfont!
Missing character: There is no t in font nullfont!
Missing character: There is no 1 in font nullfont!
Missing character: There is no 0 in font nullfont!
Missing character: There is no p in font nullfont!
Missing character: There is no t in font nullfont!
! Undefined control sequence.
l.25 ^^I\songti
                \zihao{3}ä¼ä¸šå¯¼å¸ˆã€€& \songti \zihao{3}åˆ˜ç«‹ã€€&ã€€\son...
The control sequence at the end of the top line
of your error message was never \def'ed. If you have
misspelled it (e.g., `\hobx'), type `I' and the correct
spelling (e.g., `I\hbox'). Otherwise just continue,
and I'll forget about whatever was undefined.

! Undefined control sequence.
l.25 ^^I\songti \zihao
                      {3}ä¼ä¸šå¯¼å¸ˆã€€& \songti \zihao{3}åˆ˜ç«‹ã€€&ã€€\son...
The control sequence at the end of the top line
of your error message was never \def'ed. If you have
misspelled it (e.g., `\hobx'), type `I' and the correct
spelling (e.g., `I\hbox'). Otherwise just continue,
and I'll forget about whatever was undefined.

Missing character: There is no 3 in font nullfont!
Missing character: There is no ä¼ in font nullfont!
Missing character: There is no ä¸š in font nullfont!
Missing character: There is no å¯¼ in font nullfont!
Missing character: There is no å¸ˆ in font nullfont!
Missing character: There is no ã€€ in font nullfont!
! Undefined control sequence.
l.25 ^^I\songti \zihao{3}ä¼ä¸šå¯¼å¸ˆã€€& \songti
                                                  \zihao{3}åˆ˜ç«‹ã€€&ã€€\son...
The control sequence at the end of the top line
of your error message was never \def'ed. If you have
misspelled it (e.g., `\hobx'), type `I' and the correct
spelling (e.g., `I\hbox'). Otherwise just continue,
and I'll forget about whatever was undefined.

! Undefined control sequence.
l.25 ...i \zihao{3}ä¼ä¸šå¯¼å¸ˆã€€& \songti \zihao
                                                  {3}åˆ˜ç«‹ã€€&ã€€\songti \z...
The control sequence at the end of the top line
of your error message was never \def'ed. If you have
misspelled it (e.g., `\hobx'), type `I' and the correct
spelling (e.g., `I\hbox'). Otherwise just continue,
and I'll forget about whatever was undefined.

Missing character: There is no 3 in font nullfont!
Missing character: There is no åˆ˜ in font nullfont!
Missing character: There is no ç«‹ in font nullfont!
Missing character: There is no ã€€ in font nullfont!
Missing character: There is no ã€€ in font nullfont!
! Undefined control sequence.
l.25 ...ã€€& \songti \zihao{3}åˆ˜ç«‹ã€€&ã€€\songti
                                                   \zihao{3}èŒç§°ã€€& \song...
The control sequence at the end of the top line
of your error message was never \def'ed. If you have
misspelled it (e.g., `\hobx'), type `I' and the correct
spelling (e.g., `I\hbox'). Otherwise just continue,
and I'll forget about whatever was undefined.

! Undefined control sequence.
l.25 ...ongti \zihao{3}åˆ˜ç«‹ã€€&ã€€\songti \zihao
                                                  {3}èŒç§°ã€€& \songti ^^I\...
The control sequence at the end of the top line
of your error message was never \def'ed. If you have
misspelled it (e.g., `\hobx'), type `I' and the correct
spelling (e.g., `I\hbox'). Otherwise just continue,
and I'll forget about whatever was undefined.

Missing character: There is no 3 in font nullfont!
Missing character: There is no èŒ in font nullfont!
Missing character: There is no ç§° in font nullfont!
Missing character: There is no ã€€ in font nullfont!
! Undefined control sequence.
l.25 ...ã€€&ã€€\songti \zihao{3}èŒç§°ã€€& \songti
                                                   ^^I\zihao{3}æ•™æŽˆ\\
The control sequence at the end of the top line
of your error message was never \def'ed. If you have
misspelled it (e.g., `\hobx'), type `I' and the correct
spelling (e.g., `I\hbox'). Otherwise just continue,
and I'll forget about whatever was undefined.

! Undefined control sequence.
l.25 ...ngti \zihao{3}èŒç§°ã€€& \songti ^^I\zihao
                                                  {3}æ•™æŽˆ\\
The control sequence at the end of the top line
of your error message was never \def'ed. If you have
misspelled it (e.g., `\hobx'), type `I' and the correct
spelling (e.g., `I\hbox'). Otherwise just continue,
and I'll forget about whatever was undefined.

Missing character: There is no 3 in font nullfont!
Missing character: There is no æ•™ in font nullfont!
Missing character: There is no æŽˆ in font nullfont!
! Undefined control sequence.
l.28 ^^I\specialrule
                    {0em}{10pt}{10pt}
The control sequence at the end of the top line
of your error message was never \def'ed. If you have
misspelled it (e.g., `\hobx'), type `I' and the correct
spelling (e.g., `I\hbox'). Otherwise just continue,
and I'll forget about whatever was undefined.

Missing character: There is no 0 in font nullfont!
Missing character: There is no e in font nullfont!
Missing character: There is no m in font nullfont!
Missing character: There is no 1 in font nullfont!
Missing character: There is no 0 in font nullfont!
Missing character: There is no p in font nullfont!
Missing character: There is no t in font nullfont!
Missing character: There is no 1 in font nullfont!
Missing character: There is no 0 in font nullfont!
Missing character: There is no p in font nullfont!
Missing character: There is no t in font nullfont!
! Undefined control sequence.
l.29 ^^I\songti
                \zihao{3}
The control sequence at the end of the top line
of your error message was never \def'ed. If you have
misspelled it (e.g., `\hobx'), type `I' and the correct
spelling (e.g., `I\hbox'). Otherwise just continue,
and I'll forget about whatever was undefined.

! Undefined control sequence.
l.29 ^^I\songti \zihao
                      {3}
The control sequence at the end of the top line
of your error message was never \def'ed. If you have
misspelled it (e.g., `\hobx'), type `I' and the correct
spelling (e.g., `I\hbox'). Otherwise just continue,
and I'll forget about whatever was undefined.

Missing character: There is no 3 in font nullfont!
Missing character: There is no å­¦ in font nullfont!
Missing character: There is no ç”Ÿ in font nullfont!
Missing character: There is no å§“ in font nullfont!
Missing character: There is no å in font nullfont!
! Undefined control sequence.
l.30 ^^Iå­¦ç”Ÿå§“å& \songti
                              \zihao{3}æŽå¼€è¿ã€€&ã€€\songti \zihao{3}å­¦å...
The control sequence at the end of the top line
of your error message was never \def'ed. If you have
misspelled it (e.g., `\hobx'), type `I' and the correct
spelling (e.g., `I\hbox'). Otherwise just continue,
and I'll forget about whatever was undefined.

! Undefined control sequence.
l.30 ^^Iå­¦ç”Ÿå§“å& \songti \zihao
                                    {3}æŽå¼€è¿ã€€&ã€€\songti \zihao{3}å­¦å...
The control sequence at the end of the top line
of your error message was never \def'ed. If you have
misspelled it (e.g., `\hobx'), type `I' and the correct
spelling (e.g., `I\hbox'). Otherwise just continue,
and I'll forget about whatever was undefined.

Missing character: There is no 3 in font nullfont!
Missing character: There is no æŽ in font nullfont!
Missing character: There is no å¼€ in font nullfont!
Missing character: There is no è¿ in font nullfont!
Missing character: There is no ã€€ in font nullfont!
Missing character: There is no ã€€ in font nullfont!
! Undefined control sequence.
l.30 ...& \songti \zihao{3}æŽå¼€è¿ã€€&ã€€\songti
                                                   \zihao{3}å­¦å·ã€€& \song...
The control sequence at the end of the top line
of your error message was never \def'ed. If you have
misspelled it (e.g., `\hobx'), type `I' and the correct
spelling (e.g., `I\hbox'). Otherwise just continue,
and I'll forget about whatever was undefined.

! Undefined control sequence.
l.30 ...ti \zihao{3}æŽå¼€è¿ã€€&ã€€\songti \zihao
                                                  {3}å­¦å·ã€€& \songti \zih...
The control sequence at the end of the top line
of your error message was never \def'ed. If you have
misspelled it (e.g., `\hobx'), type `I' and the correct
spelling (e.g., `I\hbox'). Otherwise just continue,
and I'll forget about whatever was undefined.

Missing character: There is no 3 in font nullfont!
Missing character: There is no å­¦ in font nullfont!
Missing character: There is no å· in font nullfont!
Missing character: There is no ã€€ in font nullfont!
! Undefined control sequence.
l.30 ...ã€€&ã€€\songti \zihao{3}å­¦å·ã€€& \songti
                                                   \zihao{3}20144330106\\
The control sequence at the end of the top line
of your error message was never \def'ed. If you have
misspelled it (e.g., `\hobx'), type `I' and the correct
spelling (e.g., `I\hbox'). Otherwise just continue,
and I'll forget about whatever was undefined.

! Undefined control sequence.
l.30 ...\songti \zihao{3}å­¦å·ã€€& \songti \zihao
                                                  {3}20144330106\\
The control sequence at the end of the top line
of your error message was never \def'ed. If you have
misspelled it (e.g., `\hobx'), type `I' and the correct
spelling (e.g., `I\hbox'). Otherwise just continue,
and I'll forget about whatever was undefined.

Missing character: There is no 3 in font nullfont!
Missing character: There is no 2 in font nullfont!
Missing character: There is no 0 in font nullfont!
Missing character: There is no 1 in font nullfont!
Missing character: There is no 4 in font nullfont!
Missing character: There is no 4 in font nullfont!
Missing character: There is no 3 in font nullfont!
Missing character: There is no 3 in font nullfont!
Missing character: There is no 0 in font nullfont!
Missing character: There is no 1 in font nullfont!
Missing character: There is no 0 in font nullfont!
Missing character: There is no 6 in font nullfont!
! Undefined control sequence.
l.33 ^^I\specialrule
                    {0em}{10pt}{10pt}
The control sequence at the end of the top line
of your error message was never \def'ed. If you have
misspelled it (e.g., `\hobx'), type `I' and the correct
spelling (e.g., `I\hbox'). Otherwise just continue,
and I'll forget about whatever was undefined.

Missing character: There is no 0 in font nullfont!
Missing character: There is no e in font nullfont!
Missing character: There is no m in font nullfont!
Missing character: There is no 1 in font nullfont!
Missing character: There is no 0 in font nullfont!
Missing character: There is no p in font nullfont!
Missing character: There is no t in font nullfont!
Missing character: There is no 1 in font nullfont!
Missing character: There is no 0 in font nullfont!
Missing character: There is no p in font nullfont!
Missing character: There is no t in font nullfont!
! Undefined control sequence.
l.34 ^^I\songti
                \zihao{3}
The control sequence at the end of the top line
of your error message was never \def'ed. If you have
misspelled it (e.g., `\hobx'), type `I' and the correct
spelling (e.g., `I\hbox'). Otherwise just continue,
and I'll forget about whatever was undefined.

! Undefined control sequence.
l.34 ^^I\songti \zihao
                      {3}
The control sequence at the end of the top line
of your error message was never \def'ed. If you have
misspelled it (e.g., `\hobx'), type `I' and the correct
spelling (e.g., `I\hbox'). Otherwise just continue,
and I'll forget about whatever was undefined.

Missing character: There is no 3 in font nullfont!
Missing character: There is no ä¸“ in font nullfont!
Missing character: There is no ä¸š in font nullfont!
Missing character: There is no ç­ in font nullfont!
Missing character: There is no çº§ in font nullfont!
Missing character: There is no ã€€ in font nullfont!
! Undefined control sequence.
l.35 ^^Iä¸“ä¸šç­çº§ã€€& \songti
                                 \zihao{3}ç‰©è”ç½‘ã€€&ã€€\songti \zihao{3}ç...
The control sequence at the end of the top line
of your error message was never \def'ed. If you have
misspelled it (e.g., `\hobx'), type `I' and the correct
spelling (e.g., `I\hbox'). Otherwise just continue,
and I'll forget about whatever was undefined.

! Undefined control sequence.
l.35 ^^Iä¸“ä¸šç­çº§ã€€& \songti \zihao
                                       {3}ç‰©è”ç½‘ã€€&ã€€\songti \zihao{3}ç...
The control sequence at the end of the top line
of your error message was never \def'ed. If you have
misspelled it (e.g., `\hobx'), type `I' and the correct
spelling (e.g., `I\hbox'). Otherwise just continue,
and I'll forget about whatever was undefined.

Missing character: There is no 3 in font nullfont!
Missing character: There is no ç‰© in font nullfont!
Missing character: There is no è” in font nullfont!
Missing character: There is no ç½‘ in font nullfont!
Missing character: There is no ã€€ in font nullfont!
Missing character: There is no ã€€ in font nullfont!
! Undefined control sequence.
l.35 ...& \songti \zihao{3}ç‰©è”ç½‘ã€€&ã€€\songti
                                                   \zihao{3}ç­çº§ã€€& \song...
The control sequence at the end of the top line
of your error message was never \def'ed. If you have
misspelled it (e.g., `\hobx'), type `I' and the correct
spelling (e.g., `I\hbox'). Otherwise just continue,
and I'll forget about whatever was undefined.

! Undefined control sequence.
l.35 ...ti \zihao{3}ç‰©è”ç½‘ã€€&ã€€\songti \zihao
                                                  {3}ç­çº§ã€€& \songti \zih...
The control sequence at the end of the top line
of your error message was never \def'ed. If you have
misspelled it (e.g., `\hobx'), type `I' and the correct
spelling (e.g., `I\hbox'). Otherwise just continue,
and I'll forget about whatever was undefined.

Missing character: There is no 3 in font nullfont!
Missing character: There is no ç­ in font nullfont!
Missing character: There is no çº§ in font nullfont!
Missing character: There is no ã€€ in font nullfont!
! Undefined control sequence.
l.35 ...ã€€&ã€€\songti \zihao{3}ç­çº§ã€€& \songti
                                                   \zihao{3}14çº§01ç­\\
The control sequence at the end of the top line
of your error message was never \def'ed. If you have
misspelled it (e.g., `\hobx'), type `I' and the correct
spelling (e.g., `I\hbox'). Otherwise just continue,
and I'll forget about whatever was undefined.

! Undefined control sequence.
l.35 ...\songti \zihao{3}ç­çº§ã€€& \songti \zihao
                                                  {3}14çº§01ç­\\
The control sequence at the end of the top line
of your error message was never \def'ed. If you have
misspelled it (e.g., `\hobx'), type `I' and the correct
spelling (e.g., `I\hbox'). Otherwise just continue,
and I'll forget about whatever was undefined.

Missing character: There is no 3 in font nullfont!
Missing character: There is no 1 in font nullfont!
Missing character: There is no 4 in font nullfont!
Missing character: There is no çº§ in font nullfont!
Missing character: There is no 0 in font nullfont!
Missing character: There is no 1 in font nullfont!
Missing character: There is no ç­ in font nullfont!
! Undefined control sequence.
l.38 ^^I\specialrule
                    {0em}{10pt}{10pt}
The control sequence at the end of the top line
of your error message was never \def'ed. If you have
misspelled it (e.g., `\hobx'), type `I' and the correct
spelling (e.g., `I\hbox'). Otherwise just continue,
and I'll forget about whatever was undefined.

Missing character: There is no 0 in font nullfont!
Missing character: There is no e in font nullfont!
Missing character: There is no m in font nullfont!
Missing character: There is no 1 in font nullfont!
Missing character: There is no 0 in font nullfont!
Missing character: There is no p in font nullfont!
Missing character: There is no t in font nullfont!
Missing character: There is no 1 in font nullfont!
Missing character: There is no 0 in font nullfont!
Missing character: There is no p in font nullfont!
Missing character: There is no t in font nullfont!
! Undefined control sequence.
l.39 ^^I\songti
                \zihao{3}ç³»ä¸»ä»»ã€€& \songti \zihao{3}æ¯›å®‡ã€€&ã€€\songti...
The control sequence at the end of the top line
of your error message was never \def'ed. If you have
misspelled it (e.g., `\hobx'), type `I' and the correct
spelling (e.g., `I\hbox'). Otherwise just continue,
and I'll forget about whatever was undefined.

! Undefined control sequence.
l.39 ^^I\songti \zihao
                      {3}ç³»ä¸»ä»»ã€€& \songti \zihao{3}æ¯›å®‡ã€€&ã€€\songti...
The control sequence at the end of the top line
of your error message was never \def'ed. If you have
misspelled it (e.g., `\hobx'), type `I' and the correct
spelling (e.g., `I\hbox'). Otherwise just continue,
and I'll forget about whatever was undefined.

Missing character: There is no 3 in font nullfont!
Missing character: There is no ç³» in font nullfont!
Missing character: There is no ä¸» in font nullfont!
Missing character: There is no ä»» in font nullfont!
Missing character: There is no ã€€ in font nullfont!
! Undefined control sequence.
l.39 ^^I\songti \zihao{3}ç³»ä¸»ä»»ã€€& \songti
                                               \zihao{3}æ¯›å®‡ã€€&ã€€\songti...
The control sequence at the end of the top line
of your error message was never \def'ed. If you have
misspelled it (e.g., `\hobx'), type `I' and the correct
spelling (e.g., `I\hbox'). Otherwise just continue,
and I'll forget about whatever was undefined.

! Undefined control sequence.
l.39 ...ngti \zihao{3}ç³»ä¸»ä»»ã€€& \songti \zihao
                                                  {3}æ¯›å®‡ã€€&ã€€\songti \z...
The control sequence at the end of the top line
of your error message was never \def'ed. If you have
misspelled it (e.g., `\hobx'), type `I' and the correct
spelling (e.g., `I\hbox'). Otherwise just continue,
and I'll forget about whatever was undefined.

Missing character: There is no 3 in font nullfont!
Missing character: There is no æ¯› in font nullfont!
Missing character: There is no å®‡ in font nullfont!
Missing character: There is no ã€€ in font nullfont!
Missing character: There is no ã€€ in font nullfont!
! Undefined control sequence.
l.39 ...ã€€& \songti \zihao{3}æ¯›å®‡ã€€&ã€€\songti
                                                   \zihao{3}é™¢é•¿ã€€& \song...
The control sequence at the end of the top line
of your error message was never \def'ed. If you have
misspelled it (e.g., `\hobx'), type `I' and the correct
spelling (e.g., `I\hbox'). Otherwise just continue,
and I'll forget about whatever was undefined.

! Undefined control sequence.
l.39 ...ongti \zihao{3}æ¯›å®‡ã€€&ã€€\songti \zihao
                                                  {3}é™¢é•¿ã€€& \songti \zih...
The control sequence at the end of the top line
of your error message was never \def'ed. If you have
misspelled it (e.g., `\hobx'), type `I' and the correct
spelling (e.g., `I\hbox'). Otherwise just continue,
and I'll forget about whatever was undefined.

Missing character: There is no 3 in font nullfont!
Missing character: There is no é™¢ in font nullfont!
Missing character: There is no é•¿ in font nullfont!
Missing character: There is no ã€€ in font nullfont!
! Undefined control sequence.
l.39 ...ã€€&ã€€\songti \zihao{3}é™¢é•¿ã€€& \songti
                                                   \zihao{3}åˆ˜æŒ¯å®‡\\
The control sequence at the end of the top line
of your error message was never \def'ed. If you have
misspelled it (e.g., `\hobx'), type `I' and the correct
spelling (e.g., `I\hbox'). Otherwise just continue,
and I'll forget about whatever was undefined.

! Undefined control sequence.
l.39 ...\songti \zihao{3}é™¢é•¿ã€€& \songti \zihao
                                                  {3}åˆ˜æŒ¯å®‡\\
The control sequence at the end of the top line
of your error message was never \def'ed. If you have
misspelled it (e.g., `\hobx'), type `I' and the correct
spelling (e.g., `I\hbox'). Otherwise just continue,
and I'll forget about whatever was undefined.

Missing character: There is no 3 in font nullfont!
Missing character: There is no åˆ˜ in font nullfont!
Missing character: There is no æŒ¯ in font nullfont!
Missing character: There is no å®‡ in font nullfont!
! Undefined control sequence.
l.42 ^^I\specialrule
                    {0em}{10pt}{10pt}
The control sequence at the end of the top line
of your error message was never \def'ed. If you have
misspelled it (e.g., `\hobx'), type `I' and the correct
spelling (e.g., `I\hbox'). Otherwise just continue,
and I'll forget about whatever was undefined.

Missing character: There is no 0 in font nullfont!
Missing character: There is no e in font nullfont!
Missing character: There is no m in font nullfont!
Missing character: There is no 1 in font nullfont!
Missing character: There is no 0 in font nullfont!
Missing character: There is no p in font nullfont!
Missing character: There is no t in font nullfont!
Missing character: There is no 1 in font nullfont!
Missing character: There is no 0 in font nullfont!
Missing character: There is no p in font nullfont!
Missing character: There is no t in font nullfont!
! Undefined control sequence.
l.43 ^^I\songti
                \zihao{3}èµ·æ­¢æ—¶é—´ã€€&  \multicolumn{3}{c}{\songti \zihao...
The control sequence at the end of the top line
of your error message was never \def'ed. If you have
misspelled it (e.g., `\hobx'), type `I' and the correct
spelling (e.g., `I\hbox'). Otherwise just continue,
and I'll forget about whatever was undefined.

! Undefined control sequence.
l.43 ^^I\songti \zihao
                      {3}èµ·æ­¢æ—¶é—´ã€€&  \multicolumn{3}{c}{\songti \zihao...
The control sequence at the end of the top line
of your error message was never \def'ed. If you have
misspelled it (e.g., `\hobx'), type `I' and the correct
spelling (e.g., `I\hbox'). Otherwise just continue,
and I'll forget about whatever was undefined.

Missing character: There is no 3 in font nullfont!
Missing character: There is no èµ· in font nullfont!
Missing character: There is no æ­¢ in font nullfont!
Missing character: There is no æ—¶ in font nullfont!
Missing character: There is no é—´ in font nullfont!
Missing character: There is no ã€€ in font nullfont!
! Undefined control sequence.
\@sharp ->\songti 
                  \zihao {3}2017å¹´6æœˆ5æ—¥è‡³2018å¹´5æœˆ22æ—¥
l.43 ...ihao{3}2017å¹´6æœˆ5æ—¥è‡³2018å¹´5æœˆ22æ—¥}
                                                  \\
The control sequence at the end of the top line
of your error message was never \def'ed. If you have
misspelled it (e.g., `\hobx'), type `I' and the correct
spelling (e.g., `I\hbox'). Otherwise just continue,
and I'll forget about whatever was undefined.

! Undefined control sequence.
\@sharp ->\songti \zihao 
                         {3}2017å¹´6æœˆ5æ—¥è‡³2018å¹´5æœˆ22æ—¥
l.43 ...ihao{3}2017å¹´6æœˆ5æ—¥è‡³2018å¹´5æœˆ22æ—¥}
                                                  \\
The control sequence at the end of the top line
of your error message was never \def'ed. If you have
misspelled it (e.g., `\hobx'), type `I' and the correct
spelling (e.g., `I\hbox'). Otherwise just continue,
and I'll forget about whatever was undefined.

Missing character: There is no 3 in font nullfont!
Missing character: There is no 2 in font nullfont!
Missing character: There is no 0 in font nullfont!
Missing character: There is no 1 in font nullfont!
Missing character: There is no 7 in font nullfont!
Missing character: There is no å¹´ in font nullfont!
Missing character: There is no 6 in font nullfont!
Missing character: There is no æœˆ in font nullfont!
Missing character: There is no 5 in font nullfont!
Missing character: There is no æ—¥ in font nullfont!
Missing character: There is no è‡³ in font nullfont!
Missing character: There is no 2 in font nullfont!
Missing character: There is no 0 in font nullfont!
Missing character: There is no 1 in font nullfont!
Missing character: There is no 8 in font nullfont!
Missing character: There is no å¹´ in font nullfont!
Missing character: There is no 5 in font nullfont!
Missing character: There is no æœˆ in font nullfont!
Missing character: There is no 2 in font nullfont!
Missing character: There is no 2 in font nullfont!
Missing character: There is no æ—¥ in font nullfont!
! Undefined control sequence.
l.46 ^^I\specialrule
                    {0em}{15pt}{10pt}
The control sequence at the end of the top line
of your error message was never \def'ed. If you have
misspelled it (e.g., `\hobx'), type `I' and the correct
spelling (e.g., `I\hbox'). Otherwise just continue,
and I'll forget about whatever was undefined.

Missing character: There is no 0 in font nullfont!
Missing character: There is no e in font nullfont!
Missing character: There is no m in font nullfont!
Missing character: There is no 1 in font nullfont!
Missing character: There is no 5 in font nullfont!
Missing character: There is no p in font nullfont!
Missing character: There is no t in font nullfont!
Missing character: There is no 1 in font nullfont!
Missing character: There is no 0 in font nullfont!
Missing character: There is no p in font nullfont!
Missing character: There is no t in font nullfont!
! Misplaced \omit.
\multispan ->\omit 
                   \@multispan 
l.47 ...n{4}{c}{\zihao{3} \songti 2018å¹´3æœˆ8æ—¥}
                                                  \\
I expect to see \omit only after tab marks or the \cr of
an alignment. Proceed, and I'll ignore this case.

! Undefined control sequence.
\@sharp ->\zihao 
                 {3} \songti 2018å¹´3æœˆ8æ—¥
l.47 ...n{4}{c}{\zihao{3} \songti 2018å¹´3æœˆ8æ—¥}
                                                  \\
The control sequence at the end of the top line
of your error message was never \def'ed. If you have
misspelled it (e.g., `\hobx'), type `I' and the correct
spelling (e.g., `I\hbox'). Otherwise just continue,
and I'll forget about whatever was undefined.

Missing character: There is no 3 in font nullfont!
! Undefined control sequence.
\@sharp ->\zihao {3} \songti 
                             2018å¹´3æœˆ8æ—¥
l.47 ...n{4}{c}{\zihao{3} \songti 2018å¹´3æœˆ8æ—¥}
                                                  \\
The control sequence at the end of the top line
of your error message was never \def'ed. If you have
misspelled it (e.g., `\hobx'), type `I' and the correct
spelling (e.g., `I\hbox'). Otherwise just continue,
and I'll forget about whatever was undefined.

Missing character: There is no 2 in font nullfont!
Missing character: There is no 0 in font nullfont!
Missing character: There is no 1 in font nullfont!
Missing character: There is no 8 in font nullfont!
Missing character: There is no å¹´ in font nullfont!
Missing character: There is no 3 in font nullfont!
Missing character: There is no æœˆ in font nullfont!
Missing character: There is no 8 in font nullfont!
Missing character: There is no æ—¥ in font nullfont!

! LaTeX Error: \begin{document} ended by \end{table}.

See the LaTeX manual or LaTeX Companion for explanation.
Type  H <return>  for immediate help.
 ...                                              
                                                  
l.50 \end{table}
                
Your command was ignored.
Type  I <command> <return>  to replace it with another command,
or  <return>  to continue without it.


Overfull \hbox (20.0pt too wide) in paragraph at lines 4--51
[]
 []


Overfull \hbox (341.43304pt too wide) in paragraph at lines 4--51
[]
 []


! LaTeX Error: The font size command \normalsize is not defined:
               there is probably something wrong with the class file.

See the LaTeX manual or LaTeX Companion for explanation.
Type  H <return>  for immediate help.
 ...                                              
                                                  
l.51 \newpage
             
Your command was ignored.
Type  I <command> <return>  to replace it with another command,
or  <return>  to continue without it.

[1])
! Emergency stop.
<*> cover.tex
             
*** (job aborted, no legal \end found)

 
Here is how much of TeX's memory you used:
 18 strings out of 492998
 218 string characters out of 6136604
 65710 words of memory out of 5000000
 4095 multiletter control sequences out of 15000+600000
 3648 words of font info for 15 fonts, out of 8000000 for 9000
 1348 hyphenation exceptions out of 8191
 19i,8n,12p,103b,135s stack positions out of 5000i,500n,10000p,200000b,80000s
Output written on cover.pdf (1 page).
