This is XeTeX, Version 3.14159265-2.6-0.99992 (TeX Live 2015/Debian) (preloaded format=xelatex 2018.4.17)  24 APR 2018 10:52
entering extended mode
 restricted \write18 enabled.
 %&-line parsing enabled.
**section2-2.tex
(./section2-2.tex
LaTeX2e <2016/02/01>
Babel <3.9q> and hyphenation patterns for 81 language(s) loaded.

! LaTeX Error: Missing \begin{document}.

See the LaTeX manual or LaTeX Companion for explanation.
Type  H <return>  for immediate help.
 ...                                              
                                                  
l.1 åœ¨
       2001å¹´ï¼ŒViolaå’ŒJoneså‘è¡¨äº†ç»å…¸çš„\textit{Rapid Object Detecti...

You're in trouble here.  Try typing  <return>  to proceed.
If that doesn't work, type  X <return>  to quit.

Missing character: There is no åœ¨ in font nullfont!
Missing character: There is no 2 in font nullfont!
Missing character: There is no 0 in font nullfont!
Missing character: There is no 0 in font nullfont!
Missing character: There is no 1 in font nullfont!
Missing character: There is no å¹´ in font nullfont!
Missing character: There is no ï¼Œ in font nullfont!
Missing character: There is no V in font nullfont!
Missing character: There is no i in font nullfont!
Missing character: There is no o in font nullfont!
Missing character: There is no l in font nullfont!
Missing character: There is no a in font nullfont!
Missing character: There is no å’Œ in font nullfont!
Missing character: There is no J in font nullfont!
Missing character: There is no o in font nullfont!
Missing character: There is no n in font nullfont!
Missing character: There is no e in font nullfont!
Missing character: There is no s in font nullfont!
Missing character: There is no å‘ in font nullfont!
Missing character: There is no è¡¨ in font nullfont!
Missing character: There is no äº† in font nullfont!
Missing character: There is no ç» in font nullfont!
Missing character: There is no å…¸ in font nullfont!
Missing character: There is no çš„ in font nullfont!
Missing character: There is no [ in font nullfont!
\citation{repid}
! Undefined control sequence.
<write> ...: Citation `\@citeb ' on page \thepage 
                                                  \space undefined\on@line .^^J
l.1 ...ed Cascade of Simple Features} \cite{repid}
                                                  å’Œ\textit{Robust Real-Tim...
The control sequence at the end of the top line
of your error message was never \def'ed. If you have
misspelled it (e.g., `\hobx'), type `I' and the correct
spelling (e.g., `I\hbox'). Otherwise just continue,
and I'll forget about whatever was undefined.


LaTeX Warning: Citation `repid' on page  undefined on input line 1.

Missing character: There is no ] in font nullfont!
Missing character: There is no å’Œ in font nullfont!
Missing character: There is no [ in font nullfont!
\citation{robust}
! Undefined control sequence.
<write> ...: Citation `\@citeb ' on page \thepage 
                                                  \space undefined\on@line .^^J
l.1 ...ust Real-Time Face Detection} \cite{robust}
                                                  ï¼Œåœ¨AdaBoostç®—æ³•çš„åŸº...
The control sequence at the end of the top line
of your error message was never \def'ed. If you have
misspelled it (e.g., `\hobx'), type `I' and the correct
spelling (e.g., `I\hbox'). Otherwise just continue,
and I'll forget about whatever was undefined.


LaTeX Warning: Citation `robust' on page  undefined on input line 1.

Missing character: There is no ] in font nullfont!
Missing character: There is no ï¼Œ in font nullfont!
Missing character: There is no åœ¨ in font nullfont!
Missing character: There is no A in font nullfont!
Missing character: There is no d in font nullfont!
Missing character: There is no a in font nullfont!
Missing character: There is no B in font nullfont!
Missing character: There is no o in font nullfont!
Missing character: There is no o in font nullfont!
Missing character: There is no s in font nullfont!
Missing character: There is no t in font nullfont!
Missing character: There is no ç®— in font nullfont!
Missing character: There is no æ³• in font nullfont!
Missing character: There is no çš„ in font nullfont!
Missing character: There is no åŸº in font nullfont!
Missing character: There is no ç¡€ in font nullfont!
Missing character: There is no ä¸Š in font nullfont!
Missing character: There is no ï¼Œ in font nullfont!
Missing character: There is no ä½¿ in font nullfont!
Missing character: There is no ç”¨ in font nullfont!
Missing character: There is no H in font nullfont!
Missing character: There is no a in font nullfont!
Missing character: There is no a in font nullfont!
Missing character: There is no r in font nullfont!
Missing character: There is no - in font nullfont!
Missing character: There is no l in font nullfont!
Missing character: There is no i in font nullfont!
Missing character: There is no k in font nullfont!
Missing character: There is no e in font nullfont!
Missing character: There is no å° in font nullfont!
Missing character: There is no æ³¢ in font nullfont!
Missing character: There is no ç‰¹ in font nullfont!
Missing character: There is no å¾ in font nullfont!
Missing character: There is no ( in font nullfont!
Missing character: There is no ç®€ in font nullfont!
Missing character: There is no ç§° in font nullfont!
Missing character: There is no ç±» in font nullfont!
Missing character: There is no h in font nullfont!
Missing character: There is no a in font nullfont!
Missing character: There is no a in font nullfont!
Missing character: There is no r in font nullfont!
Missing character: There is no ç‰¹ in font nullfont!
Missing character: There is no å¾ in font nullfont!
Missing character: There is no ) in font nullfont!
Missing character: There is no å’Œ in font nullfont!
Missing character: There is no ç§¯ in font nullfont!
Missing character: There is no åˆ† in font nullfont!
Missing character: There is no å›¾ in font nullfont!
Missing character: There is no æ–¹ in font nullfont!
Missing character: There is no æ³• in font nullfont!
Missing character: There is no è¿› in font nullfont!
Missing character: There is no è¡Œ in font nullfont!
Missing character: There is no äºº in font nullfont!
Missing character: There is no è„¸ in font nullfont!
Missing character: There is no æ£€ in font nullfont!
Missing character: There is no æµ‹ in font nullfont!
Missing character: There is no ï¼Œ in font nullfont!
Missing character: There is no ä»– in font nullfont!
Missing character: There is no ä¿© in font nullfont!
Missing character: There is no ä¸ in font nullfont!
Missing character: There is no æ˜¯ in font nullfont!
Missing character: There is no æœ€ in font nullfont!
Missing character: There is no æ—© in font nullfont!
Missing character: There is no ä½¿ in font nullfont!
Missing character: There is no ç”¨ in font nullfont!
Missing character: There is no æ in font nullfont!
Missing character: There is no å‡º in font nullfont!
Missing character: There is no å° in font nullfont!
Missing character: There is no æ³¢ in font nullfont!
Missing character: There is no ç‰¹ in font nullfont!
Missing character: There is no å¾ in font nullfont!
Missing character: There is no çš„ in font nullfont!
Missing character: There is no ï¼Œ in font nullfont!
Missing character: There is no ä½† in font nullfont!
Missing character: There is no æ˜¯ in font nullfont!
Missing character: There is no ä»– in font nullfont!
Missing character: There is no ä»¬ in font nullfont!
Missing character: There is no è®¾ in font nullfont!
Missing character: There is no è®¡ in font nullfont!
Missing character: There is no äº† in font nullfont!
Missing character: There is no é’ˆ in font nullfont!
Missing character: There is no å¯¹ in font nullfont!
Missing character: There is no äºº in font nullfont!
Missing character: There is no è„¸ in font nullfont!
Missing character: There is no æ£€ in font nullfont!
Missing character: There is no æµ‹ in font nullfont!
Missing character: There is no æ›´ in font nullfont!
Missing character: There is no æœ‰ in font nullfont!
Missing character: There is no æ•ˆ in font nullfont!
Missing character: There is no çš„ in font nullfont!
Missing character: There is no ç‰¹ in font nullfont!
Missing character: There is no å¾ in font nullfont!
Missing character: There is no ï¼Œ in font nullfont!
Missing character: There is no å¹¶ in font nullfont!
Missing character: There is no å¯¹ in font nullfont!
Missing character: There is no A in font nullfont!
Missing character: There is no d in font nullfont!
Missing character: There is no a in font nullfont!
Missing character: There is no B in font nullfont!
Missing character: There is no o in font nullfont!
Missing character: There is no o in font nullfont!
Missing character: There is no s in font nullfont!
Missing character: There is no t in font nullfont!
Missing character: There is no è®­ in font nullfont!
Missing character: There is no ç»ƒ in font nullfont!
Missing character: There is no å‡º in font nullfont!
Missing character: There is no çš„ in font nullfont!
Missing character: There is no å¼º in font nullfont!
Missing character: There is no åˆ† in font nullfont!
Missing character: There is no ç±» in font nullfont!
Missing character: There is no å™¨ in font nullfont!
Missing character: There is no è¿› in font nullfont!
Missing character: There is no è¡Œ in font nullfont!
Missing character: There is no çº§ in font nullfont!
Missing character: There is no è” in font nullfont!
Missing character: There is no ã€‚ in font nullfont!
Missing character: There is no è¿™ in font nullfont!
Missing character: There is no å¯ in font nullfont!
Missing character: There is no ä»¥ in font nullfont!
Missing character: There is no è¯´ in font nullfont!
Missing character: There is no æ˜¯ in font nullfont!
Missing character: There is no äºº in font nullfont!
Missing character: There is no è„¸ in font nullfont!
Missing character: There is no æ£€ in font nullfont!
Missing character: There is no æµ‹ in font nullfont!
Missing character: There is no å² in font nullfont!
Missing character: There is no ä¸Š in font nullfont!
Missing character: There is no é‡Œ in font nullfont!
Missing character: There is no ç¨‹ in font nullfont!
Missing character: There is no ç¢‘ in font nullfont!
Missing character: There is no å¼ in font nullfont!
Missing character: There is no çš„ in font nullfont!
Missing character: There is no ä¸€ in font nullfont!
Missing character: There is no ç¬” in font nullfont!
Missing character: There is no äº† in font nullfont!
Missing character: There is no ï¼Œ in font nullfont!
Missing character: There is no ä¹Ÿ in font nullfont!
Missing character: There is no å›  in font nullfont!
Missing character: There is no æ­¤ in font nullfont!
Missing character: There is no å½“ in font nullfont!
Missing character: There is no æ—¶ in font nullfont!
Missing character: There is no æ in font nullfont!
Missing character: There is no å‡º in font nullfont!
Missing character: There is no çš„ in font nullfont!
Missing character: There is no è¿™ in font nullfont!
Missing character: There is no ä¸ª in font nullfont!
Missing character: There is no ç®— in font nullfont!
Missing character: There is no æ³• in font nullfont!
Missing character: There is no è¢« in font nullfont!
Missing character: There is no ç§° in font nullfont!
Missing character: There is no ä¸º in font nullfont!
Missing character: There is no V in font nullfont!
Missing character: There is no i in font nullfont!
Missing character: There is no o in font nullfont!
Missing character: There is no l in font nullfont!
Missing character: There is no a in font nullfont!
Missing character: There is no - in font nullfont!
Missing character: There is no J in font nullfont!
Missing character: There is no o in font nullfont!
Missing character: There is no n in font nullfont!
Missing character: There is no e in font nullfont!
Missing character: There is no s in font nullfont!
Missing character: There is no æ£€ in font nullfont!
Missing character: There is no æµ‹ in font nullfont!
Missing character: There is no å™¨ in font nullfont!
Missing character: There is no ã€‚ in font nullfont!

Overfull \hbox (45.18318pt too wide) in paragraph at lines 1--2
[]\OT1/cmr/m/it/10 Rapid
 []


Overfull \hbox (15.84433pt too wide) in paragraph at lines 1--2
\OT1/cmr/m/it/10 Ob-
 []


Overfull \hbox (15.07764pt too wide) in paragraph at lines 1--2
\OT1/cmr/m/it/10 ject
 []


Overfull \hbox (15.72765pt too wide) in paragraph at lines 1--2
\OT1/cmr/m/it/10 De-
 []


Overfull \hbox (15.58873pt too wide) in paragraph at lines 1--2
\OT1/cmr/m/it/10 tec-
 []


Overfull \hbox (17.12212pt too wide) in paragraph at lines 1--2
\OT1/cmr/m/it/10 tion
 []


Overfull \hbox (13.03325pt too wide) in paragraph at lines 1--2
\OT1/cmr/m/it/10 us-
 []


Overfull \hbox (13.2888pt too wide) in paragraph at lines 1--2
\OT1/cmr/m/it/10 ing
 []


Overfull \hbox (5.11108pt too wide) in paragraph at lines 1--2
\OT1/cmr/m/it/10 a
 []


Overfull \hbox (33.36087pt too wide) in paragraph at lines 1--2
\OT1/cmr/m/it/10 Boosted
 []


Overfull \hbox (19.9332pt too wide) in paragraph at lines 1--2
\OT1/cmr/m/it/10 Cas-
 []


Overfull \hbox (18.91096pt too wide) in paragraph at lines 1--2
\OT1/cmr/m/it/10 cade
 []


Overfull \hbox (8.17773pt too wide) in paragraph at lines 1--2
\OT1/cmr/m/it/10 of
 []


Overfull \hbox (20.44432pt too wide) in paragraph at lines 1--2
\OT1/cmr/m/it/10 Sim-
 []


Overfull \hbox (12.26659pt too wide) in paragraph at lines 1--2
\OT1/cmr/m/it/10 ple
 []


Overfull \hbox (18.53873pt too wide) in paragraph at lines 1--2
\OT1/cmr/m/it/10 Fea-
 []


Overfull \hbox (21.08316pt too wide) in paragraph at lines 1--2
\OT1/cmr/m/it/10 tures
 []


Overfull \hbox (34.70255pt too wide) in paragraph at lines 1--2
[]\OT1/cmr/m/it/10 Robust
 []


Overfull \hbox (22.11649pt too wide) in paragraph at lines 1--2
\OT1/cmr/m/it/10 Real-
 []


Overfull \hbox (22.99985pt too wide) in paragraph at lines 1--2
\OT1/cmr/m/it/10 Time
 []


Overfull \hbox (19.56094pt too wide) in paragraph at lines 1--2
\OT1/cmr/m/it/10 Face
 []


Overfull \hbox (15.72765pt too wide) in paragraph at lines 1--2
\OT1/cmr/m/it/10 De-
 []


Overfull \hbox (15.58873pt too wide) in paragraph at lines 1--2
\OT1/cmr/m/it/10 tec-
 []


Overfull \hbox (17.12212pt too wide) in paragraph at lines 1--2
\OT1/cmr/m/it/10 tion
 []


Overfull \hbox (5.43053pt too wide) in paragraph at lines 1--2
[] 
 []


! LaTeX Error: Missing \begin{document}.

See the LaTeX manual or LaTeX Companion for explanation.
Type  H <return>  for immediate help.
 ...                                              
                                                  
l.3 ç‰©
       ä½“æ£€æµ‹åœ¨æ•´ä¸ªè®¡ç®—æœºé¢†åŸŸé‡Œï¼ŒViola-Jonesäººè„¸æ£€æµ‹å™¨æ˜¯æ...

You're in trouble here.  Try typing  <return>  to proceed.
If that doesn't work, type  X <return>  to quit.

Missing character: There is no ç‰© in font nullfont!
Missing character: There is no ä½“ in font nullfont!
Missing character: There is no æ£€ in font nullfont!
Missing character: There is no æµ‹ in font nullfont!
Missing character: There is no åœ¨ in font nullfont!
Missing character: There is no æ•´ in font nullfont!
Missing character: There is no ä¸ª in font nullfont!
Missing character: There is no è®¡ in font nullfont!
Missing character: There is no ç®— in font nullfont!
Missing character: There is no æœº in font nullfont!
Missing character: There is no é¢† in font nullfont!
Missing character: There is no åŸŸ in font nullfont!
Missing character: There is no é‡Œ in font nullfont!
Missing character: There is no ï¼Œ in font nullfont!
Missing character: There is no V in font nullfont!
Missing character: There is no i in font nullfont!
Missing character: There is no o in font nullfont!
Missing character: There is no l in font nullfont!
Missing character: There is no a in font nullfont!
Missing character: There is no - in font nullfont!
Missing character: There is no J in font nullfont!
Missing character: There is no o in font nullfont!
Missing character: There is no n in font nullfont!
Missing character: There is no e in font nullfont!
Missing character: There is no s in font nullfont!
Missing character: There is no äºº in font nullfont!
Missing character: There is no è„¸ in font nullfont!
Missing character: There is no æ£€ in font nullfont!
Missing character: There is no æµ‹ in font nullfont!
Missing character: There is no å™¨ in font nullfont!
Missing character: There is no æ˜¯ in font nullfont!
Missing character: There is no æ—© in font nullfont!
Missing character: There is no æœŸ in font nullfont!
Missing character: There is no æ¯” in font nullfont!
Missing character: There is no è¾ƒ in font nullfont!
Missing character: There is no æˆ in font nullfont!
Missing character: There is no åŠŸ in font nullfont!
Missing character: There is no çš„ in font nullfont!
Missing character: There is no ä¸€ in font nullfont!
Missing character: There is no ä¸ª in font nullfont!
Missing character: There is no ä¾‹ in font nullfont!
Missing character: There is no å­ in font nullfont!
Missing character: There is no ï¼Œ in font nullfont!
Missing character: There is no å…¶ in font nullfont!
Missing character: There is no ä½¿ in font nullfont!
Missing character: There is no å¾— in font nullfont!
Missing character: There is no ç‰© in font nullfont!
Missing character: There is no ä½“ in font nullfont!
Missing character: There is no æ£€ in font nullfont!
Missing character: There is no æµ‹ in font nullfont!
Missing character: There is no ç›¸ in font nullfont!
Missing character: There is no æ¯” in font nullfont!
Missing character: There is no è€Œ in font nullfont!
Missing character: There is no è¨€ in font nullfont!
Missing character: There is no æˆ in font nullfont!
Missing character: There is no äº† in font nullfont!
Missing character: There is no ä¸€ in font nullfont!
Missing character: There is no é¡¹ in font nullfont!
Missing character: There is no è¾ƒ in font nullfont!
Missing character: There is no ä¸º in font nullfont!
Missing character: There is no æˆ in font nullfont!
Missing character: There is no ç†Ÿ in font nullfont!
Missing character: There is no çš„ in font nullfont!
Missing character: There is no æŠ€ in font nullfont!
Missing character: There is no æœ¯ in font nullfont!
Missing character: There is no ã€‚ in font nullfont!
Missing character: There is no è¿™ in font nullfont!
Missing character: There is no ä¸ª in font nullfont!
Missing character: There is no æ–¹ in font nullfont!
Missing character: There is no æ³• in font nullfont!
Missing character: There is no åŸº in font nullfont!
Missing character: There is no æœ¬ in font nullfont!
Missing character: There is no çš„ in font nullfont!
Missing character: There is no æ€ in font nullfont!
Missing character: There is no è·¯ in font nullfont!
Missing character: There is no å°± in font nullfont!
Missing character: There is no æ˜¯ in font nullfont!
Missing character: There is no æ»‘ in font nullfont!
Missing character: There is no åŠ¨ in font nullfont!
Missing character: There is no çª— in font nullfont!
Missing character: There is no å£ in font nullfont!
Missing character: There is no å¼ in font nullfont!
Missing character: There is no çš„ in font nullfont!
Missing character: There is no ï¼Œ in font nullfont!
Missing character: There is no ç”¨ in font nullfont!
Missing character: There is no ä¸€ in font nullfont!
Missing character: There is no ä¸ª in font nullfont!
Missing character: There is no å›º in font nullfont!
Missing character: There is no å®š in font nullfont!
Missing character: There is no å¤§ in font nullfont!
Missing character: There is no å° in font nullfont!
Missing character: There is no çš„ in font nullfont!
Missing character: There is no çª— in font nullfont!
Missing character: There is no å£ in font nullfont!
Missing character: There is no åœ¨ in font nullfont!
Missing character: There is no è¾“ in font nullfont!
Missing character: There is no å…¥ in font nullfont!
Missing character: There is no å›¾ in font nullfont!
Missing character: There is no åƒ in font nullfont!
Missing character: There is no è¿› in font nullfont!
Missing character: There is no è¡Œ in font nullfont!
Missing character: There is no æ»‘ in font nullfont!
Missing character: There is no åŠ¨ in font nullfont!
Missing character: There is no ï¼Œ in font nullfont!
Missing character: There is no çª— in font nullfont!
Missing character: There is no å£ in font nullfont!
Missing character: There is no æ¡† in font nullfont!
Missing character: There is no å®š in font nullfont!
Missing character: There is no çš„ in font nullfont!
Missing character: There is no åŒº in font nullfont!
Missing character: There is no åŸŸ in font nullfont!
Missing character: There is no ä¼š in font nullfont!
Missing character: There is no è¢« in font nullfont!
Missing character: There is no é€ in font nullfont!
Missing character: There is no å…¥ in font nullfont!
Missing character: There is no åˆ° in font nullfont!
Missing character: There is no åˆ† in font nullfont!
Missing character: There is no ç±» in font nullfont!
Missing character: There is no å™¨ in font nullfont!
Missing character: There is no ï¼Œ in font nullfont!
Missing character: There is no å» in font nullfont!
Missing character: There is no åˆ¤ in font nullfont!
Missing character: There is no æ–­ in font nullfont!
Missing character: There is no æ˜¯ in font nullfont!
Missing character: There is no äºº in font nullfont!
Missing character: There is no è„¸ in font nullfont!
Missing character: There is no çª— in font nullfont!
Missing character: There is no å£ in font nullfont!
Missing character: There is no è¿˜ in font nullfont!
Missing character: There is no æ˜¯ in font nullfont!
Missing character: There is no é in font nullfont!
Missing character: There is no äºº in font nullfont!
Missing character: There is no è„¸ in font nullfont!
Missing character: There is no çª— in font nullfont!
Missing character: There is no å£ in font nullfont!
Missing character: There is no ã€‚ in font nullfont!
Missing character: There is no æ»‘ in font nullfont!
Missing character: There is no åŠ¨ in font nullfont!
Missing character: There is no çš„ in font nullfont!
Missing character: There is no çª— in font nullfont!
Missing character: There is no å£ in font nullfont!
Missing character: There is no å…¶ in font nullfont!
Missing character: There is no å¤§ in font nullfont!
Missing character: There is no å° in font nullfont!
Missing character: There is no æ˜¯ in font nullfont!
Missing character: There is no å›º in font nullfont!
Missing character: There is no å®š in font nullfont!
Missing character: There is no çš„ in font nullfont!
Missing character: There is no ï¼Œ in font nullfont!
Missing character: There is no ä½† in font nullfont!
Missing character: There is no æ˜¯ in font nullfont!
Missing character: There is no äºº in font nullfont!
Missing character: There is no è„¸ in font nullfont!
Missing character: There is no çš„ in font nullfont!
Missing character: There is no å¤§ in font nullfont!
Missing character: There is no å° in font nullfont!
Missing character: There is no åˆ™ in font nullfont!
Missing character: There is no å¤š in font nullfont!
Missing character: There is no ç§ in font nullfont!
Missing character: There is no å¤š in font nullfont!
Missing character: There is no æ · in font nullfont!
Missing character: There is no ï¼Œ in font nullfont!
Missing character: There is no ä¸º in font nullfont!
Missing character: There is no äº† in font nullfont!
Missing character: There is no æ£€ in font nullfont!
Missing character: There is no æµ‹ in font nullfont!
Missing character: There is no ä¸ in font nullfont!
Missing character: There is no åŒ in font nullfont!
Missing character: There is no å¤§ in font nullfont!
Missing character: There is no å° in font nullfont!
Missing character: There is no çš„ in font nullfont!
Missing character: There is no äºº in font nullfont!
Missing character: There is no è„¸ in font nullfont!
Missing character: There is no ï¼Œ in font nullfont!
Missing character: There is no è¿˜ in font nullfont!
Missing character: There is no éœ€ in font nullfont!
Missing character: There is no è¦ in font nullfont!
Missing character: There is no æŠŠ in font nullfont!
Missing character: There is no è¾“ in font nullfont!
Missing character: There is no å…¥ in font nullfont!
Missing character: There is no å›¾ in font nullfont!
Missing character: There is no åƒ in font nullfont!
Missing character: There is no ç¼© in font nullfont!
Missing character: There is no æ”¾ in font nullfont!
Missing character: There is no åˆ° in font nullfont!
Missing character: There is no ä¸ in font nullfont!
Missing character: There is no åŒ in font nullfont!
Missing character: There is no å¤§ in font nullfont!
Missing character: There is no å° in font nullfont!
Missing character: There is no ï¼Œ in font nullfont!
Missing character: There is no ä½¿ in font nullfont!
Missing character: There is no å¾— in font nullfont!
Missing character: There is no ä¸ in font nullfont!
Missing character: There is no åŒ in font nullfont!
Missing character: There is no å¤§ in font nullfont!
Missing character: There is no å° in font nullfont!
Missing character: There is no çš„ in font nullfont!
Missing character: There is no äºº in font nullfont!
Missing character: There is no è„¸ in font nullfont!
Missing character: There is no èƒ½ in font nullfont!
Missing character: There is no å¤Ÿ in font nullfont!
Missing character: There is no åœ¨ in font nullfont!
Missing character: There is no æŸ in font nullfont!
Missing character: There is no ä¸ª in font nullfont!
Missing character: There is no å°º in font nullfont!
Missing character: There is no åº¦ in font nullfont!
Missing character: There is no ä¸Š in font nullfont!
Missing character: There is no å’Œ in font nullfont!
Missing character: There is no çª— in font nullfont!
Missing character: There is no å£ in font nullfont!
Missing character: There is no å¤§ in font nullfont!
Missing character: There is no å° in font nullfont!
Missing character: There is no ç›¸ in font nullfont!
Missing character: There is no åŒ¹ in font nullfont!
Missing character: There is no é… in font nullfont!
Missing character: There is no ã€‚ in font nullfont!
Missing character: There is no è¿™ in font nullfont!
Missing character: There is no ç§ in font nullfont!
Missing character: There is no æ»‘ in font nullfont!
Missing character: There is no åŠ¨ in font nullfont!
Missing character: There is no çª— in font nullfont!
Missing character: There is no å£ in font nullfont!
Missing character: There is no å¼ in font nullfont!
Missing character: There is no çš„ in font nullfont!
Missing character: There is no åš in font nullfont!
Missing character: There is no æ³• in font nullfont!
Missing character: There is no æœ‰ in font nullfont!
Missing character: There is no ä¸€ in font nullfont!
Missing character: There is no ä¸ª in font nullfont!
Missing character: There is no å¾ˆ in font nullfont!
Missing character: There is no æ˜ in font nullfont!
Missing character: There is no æ˜¾ in font nullfont!
Missing character: There is no çš„ in font nullfont!
Missing character: There is no é—® in font nullfont!
Missing character: There is no é¢˜ in font nullfont!
Missing character: There is no ï¼Œ in font nullfont!
Missing character: There is no å°± in font nullfont!
Missing character: There is no æ˜¯ in font nullfont!
Missing character: There is no æœ‰ in font nullfont!
Missing character: There is no å¤ª in font nullfont!
Missing character: There is no å¤š in font nullfont!
Missing character: There is no çš„ in font nullfont!
Missing character: There is no ä½ in font nullfont!
Missing character: There is no ç½® in font nullfont!
Missing character: There is no è¦ in font nullfont!
Missing character: There is no å» in font nullfont!
Missing character: There is no æ£€ in font nullfont!
Missing character: There is no æŸ¥ in font nullfont!
Missing character: There is no ï¼Œ in font nullfont!
Missing character: There is no å» in font nullfont!
Missing character: There is no åˆ¤ in font nullfont!
Missing character: There is no æ–­ in font nullfont!
Missing character: There is no æ˜¯ in font nullfont!
Missing character: There is no äºº in font nullfont!
Missing character: There is no è„¸ in font nullfont!
Missing character: There is no è¿˜ in font nullfont!
Missing character: There is no æ˜¯ in font nullfont!
Missing character: There is no é in font nullfont!
Missing character: There is no äºº in font nullfont!
Missing character: There is no è„¸ in font nullfont!
Missing character: There is no ã€‚ in font nullfont!

Overfull \hbox (20.0pt too wide) in paragraph at lines 3--4
[] 
 []


! LaTeX Error: Missing \begin{document}.

See the LaTeX manual or LaTeX Companion for explanation.
Type  H <return>  for immediate help.
 ...                                              
                                                  
l.5 åˆ¤
       æ–­æ˜¯ä¸æ˜¯äººè„¸ï¼Œè¿™æ˜¯ä¸¤ä¸ªåˆ†ç±»é—®é¢˜ï¼Œåœ¨2000å¹´çš„æ—¶å€™ï¼...

You're in trouble here.  Try typing  <return>  to proceed.
If that doesn't work, type  X <return>  to quit.

Missing character: There is no åˆ¤ in font nullfont!
Missing character: There is no æ–­ in font nullfont!
Missing character: There is no æ˜¯ in font nullfont!
Missing character: There is no ä¸ in font nullfont!
Missing character: There is no æ˜¯ in font nullfont!
Missing character: There is no äºº in font nullfont!
Missing character: There is no è„¸ in font nullfont!
Missing character: There is no ï¼Œ in font nullfont!
Missing character: There is no è¿™ in font nullfont!
Missing character: There is no æ˜¯ in font nullfont!
Missing character: There is no ä¸¤ in font nullfont!
Missing character: There is no ä¸ª in font nullfont!
Missing character: There is no åˆ† in font nullfont!
Missing character: There is no ç±» in font nullfont!
Missing character: There is no é—® in font nullfont!
Missing character: There is no é¢˜ in font nullfont!
Missing character: There is no ï¼Œ in font nullfont!
Missing character: There is no åœ¨ in font nullfont!
Missing character: There is no 2 in font nullfont!
Missing character: There is no 0 in font nullfont!
Missing character: There is no 0 in font nullfont!
Missing character: There is no 0 in font nullfont!
Missing character: There is no å¹´ in font nullfont!
Missing character: There is no çš„ in font nullfont!
Missing character: There is no æ—¶ in font nullfont!
Missing character: There is no å€™ in font nullfont!
Missing character: There is no ï¼Œ in font nullfont!
Missing character: There is no é‡‡ in font nullfont!
Missing character: There is no ç”¨ in font nullfont!
Missing character: There is no çš„ in font nullfont!
Missing character: There is no æ˜¯ in font nullfont!
Missing character: There is no A in font nullfont!
Missing character: There is no d in font nullfont!
Missing character: There is no a in font nullfont!
Missing character: There is no B in font nullfont!
Missing character: There is no o in font nullfont!
Missing character: There is no o in font nullfont!
Missing character: There is no s in font nullfont!
Missing character: There is no t in font nullfont!
Missing character: There is no åˆ† in font nullfont!
Missing character: There is no ç±» in font nullfont!
Missing character: There is no å™¨ in font nullfont!
Missing character: There is no ã€‚ in font nullfont!
Missing character: There is no è¿› in font nullfont!
Missing character: There is no è¡Œ in font nullfont!
Missing character: There is no åˆ† in font nullfont!
Missing character: There is no ç±» in font nullfont!
Missing character: There is no æ—¶ in font nullfont!
Missing character: There is no ï¼Œ in font nullfont!
Missing character: There is no åˆ† in font nullfont!
Missing character: There is no ç±» in font nullfont!
Missing character: There is no å™¨ in font nullfont!
Missing character: There is no çš„ in font nullfont!
Missing character: There is no è¾“ in font nullfont!
Missing character: There is no å…¥ in font nullfont!
Missing character: There is no ç”¨ in font nullfont!
Missing character: There is no çš„ in font nullfont!
Missing character: There is no æ˜¯ in font nullfont!
Missing character: There is no H in font nullfont!
Missing character: There is no a in font nullfont!
Missing character: There is no a in font nullfont!
Missing character: There is no r in font nullfont!
Missing character: There is no ç‰¹ in font nullfont!
Missing character: There is no å¾ in font nullfont!
Missing character: There is no ï¼Œ in font nullfont!
Missing character: There is no è¿™ in font nullfont!
Missing character: There is no æ˜¯ in font nullfont!
Missing character: There is no ä¸€ in font nullfont!
Missing character: There is no ç§ in font nullfont!
Missing character: There is no é in font nullfont!
Missing character: There is no å¸¸ in font nullfont!
Missing character: There is no ç®€ in font nullfont!
Missing character: There is no å• in font nullfont!
Missing character: There is no çš„ in font nullfont!
Missing character: There is no ç‰¹ in font nullfont!
Missing character: There is no å¾ in font nullfont!
Missing character: There is no ï¼Œ in font nullfont!
Missing character: There is no åœ¨ in font nullfont!
Missing character: There is no å›¾ in font nullfont!
Missing character: There is no ä¸Š in font nullfont!
Missing character: There is no å¯ in font nullfont!
Missing character: There is no ä»¥ in font nullfont!
Missing character: There is no çœ‹ in font nullfont!
Missing character: There is no åˆ° in font nullfont!
Missing character: There is no æœ‰ in font nullfont!
Missing character: There is no å¾ˆ in font nullfont!
Missing character: There is no å¤š in font nullfont!
Missing character: There is no é»‘ in font nullfont!
Missing character: There is no è‰² in font nullfont!
Missing character: There is no å’Œ in font nullfont!
Missing character: There is no ç™½ in font nullfont!
Missing character: There is no è‰² in font nullfont!
Missing character: There is no çš„ in font nullfont!
Missing character: There is no å° in font nullfont!
Missing character: There is no å— in font nullfont!
Missing character: There is no ï¼Œ in font nullfont!
Missing character: There is no H in font nullfont!
Missing character: There is no a in font nullfont!
Missing character: There is no a in font nullfont!
Missing character: There is no r in font nullfont!
Missing character: There is no ç‰¹ in font nullfont!
Missing character: There is no å¾ in font nullfont!
Missing character: There is no å°± in font nullfont!
Missing character: There is no æ˜¯ in font nullfont!
Missing character: There is no æŠŠ in font nullfont!
Missing character: There is no é»‘ in font nullfont!
Missing character: There is no è‰² in font nullfont!
Missing character: There is no åŒº in font nullfont!
Missing character: There is no åŸŸ in font nullfont!
Missing character: There is no æ‰€ in font nullfont!
Missing character: There is no æœ‰ in font nullfont!
Missing character: There is no åƒ in font nullfont!
Missing character: There is no ç´  in font nullfont!
Missing character: There is no å€¼ in font nullfont!
Missing character: There is no ä¹‹ in font nullfont!
Missing character: There is no å’Œ in font nullfont!
Missing character: There is no å‡ in font nullfont!
Missing character: There is no å» in font nullfont!
Missing character: There is no ç™½ in font nullfont!
Missing character: There is no è‰² in font nullfont!
Missing character: There is no åŒº in font nullfont!
Missing character: There is no åŸŸ in font nullfont!
Missing character: There is no æ‰€ in font nullfont!
Missing character: There is no æœ‰ in font nullfont!
Missing character: There is no åƒ in font nullfont!
Missing character: There is no ç´  in font nullfont!
Missing character: There is no å€¼ in font nullfont!
Missing character: There is no ä¹‹ in font nullfont!
Missing character: There is no å’Œ in font nullfont!
Missing character: There is no ï¼Œ in font nullfont!
Missing character: There is no ä»¥ in font nullfont!
Missing character: There is no è¿™ in font nullfont!
Missing character: There is no ä¸ª in font nullfont!
Missing character: There is no å·® in font nullfont!
Missing character: There is no å€¼ in font nullfont!
Missing character: There is no ä½œ in font nullfont!
Missing character: There is no ä¸º in font nullfont!
Missing character: There is no ä¸€ in font nullfont!
Missing character: There is no ä¸ª in font nullfont!
Missing character: There is no ç‰¹ in font nullfont!
Missing character: There is no å¾ in font nullfont!
Missing character: There is no ï¼Œ in font nullfont!
Missing character: There is no é»‘ in font nullfont!
Missing character: There is no è‰² in font nullfont!
Missing character: There is no å— in font nullfont!
Missing character: There is no å’Œ in font nullfont!
Missing character: There is no ç™½ in font nullfont!
Missing character: There is no è‰² in font nullfont!
Missing character: There is no å— in font nullfont!
Missing character: There is no æœ‰ in font nullfont!
Missing character: There is no ä¸ in font nullfont!
Missing character: There is no åŒ in font nullfont!
Missing character: There is no çš„ in font nullfont!
Missing character: There is no å¤§ in font nullfont!
Missing character: There is no å° in font nullfont!
Missing character: There is no å’Œ in font nullfont!
Missing character: There is no ç›¸ in font nullfont!
Missing character: There is no å¯¹ in font nullfont!
Missing character: There is no ä½ in font nullfont!
Missing character: There is no ç½® in font nullfont!
Missing character: There is no å…³ in font nullfont!
Missing character: There is no ç³» in font nullfont!
Missing character: There is no ï¼Œ in font nullfont!
Missing character: There is no è¿™ in font nullfont!
Missing character: There is no å°± in font nullfont!
Missing character: There is no å½¢ in font nullfont!
Missing character: There is no æˆ in font nullfont!
Missing character: There is no äº† in font nullfont!
Missing character: There is no å¾ˆ in font nullfont!
Missing character: There is no å¤š in font nullfont!
Missing character: There is no ä¸ª in font nullfont!
Missing character: There is no ä¸ in font nullfont!
Missing character: There is no åŒ in font nullfont!
Missing character: There is no çš„ in font nullfont!
Missing character: There is no H in font nullfont!
Missing character: There is no a in font nullfont!
Missing character: There is no a in font nullfont!
Missing character: There is no r in font nullfont!
Missing character: There is no ç‰¹ in font nullfont!
Missing character: There is no å¾ in font nullfont!
Missing character: There is no ã€‚ in font nullfont!
Missing character: There is no A in font nullfont!
Missing character: There is no d in font nullfont!
Missing character: There is no a in font nullfont!
Missing character: There is no B in font nullfont!
Missing character: There is no o in font nullfont!
Missing character: There is no o in font nullfont!
Missing character: There is no s in font nullfont!
Missing character: There is no t in font nullfont!
Missing character: There is no åˆ† in font nullfont!
Missing character: There is no ç±» in font nullfont!
Missing character: There is no å™¨ in font nullfont!
Missing character: There is no æ˜¯ in font nullfont!
Missing character: There is no ä¸€ in font nullfont!
Missing character: There is no ç§ in font nullfont!
Missing character: There is no ç”± in font nullfont!
Missing character: There is no å¤š in font nullfont!
Missing character: There is no ä¸ª in font nullfont!
Missing character: There is no å¼± in font nullfont!
Missing character: There is no åˆ† in font nullfont!
Missing character: There is no ç±» in font nullfont!
Missing character: There is no å™¨ in font nullfont!
Missing character: There is no ç»„ in font nullfont!
Missing character: There is no åˆ in font nullfont!
Missing character: There is no è€Œ in font nullfont!
Missing character: There is no æˆ in font nullfont!
Missing character: There is no çš„ in font nullfont!
Missing character: There is no å¼º in font nullfont!
Missing character: There is no åˆ† in font nullfont!
Missing character: There is no ç±» in font nullfont!
Missing character: There is no å™¨ in font nullfont!
Missing character: There is no ï¼Œ in font nullfont!
Missing character: There is no V in font nullfont!
Missing character: There is no i in font nullfont!
Missing character: There is no o in font nullfont!
Missing character: There is no l in font nullfont!
Missing character: There is no a in font nullfont!
Missing character: There is no - in font nullfont!
Missing character: There is no J in font nullfont!
Missing character: There is no o in font nullfont!
Missing character: There is no n in font nullfont!
Missing character: There is no e in font nullfont!
Missing character: There is no s in font nullfont!
Missing character: There is no æ£€ in font nullfont!
Missing character: There is no æµ‹ in font nullfont!
Missing character: There is no å™¨ in font nullfont!
Missing character: There is no æ˜¯ in font nullfont!
Missing character: There is no ç”± in font nullfont!
Missing character: There is no å¤š in font nullfont!
Missing character: There is no ä¸ª in font nullfont!
Missing character: There is no A in font nullfont!
Missing character: There is no d in font nullfont!
Missing character: There is no a in font nullfont!
Missing character: There is no B in font nullfont!
Missing character: There is no o in font nullfont!
Missing character: There is no o in font nullfont!
Missing character: There is no s in font nullfont!
Missing character: There is no t in font nullfont!
Missing character: There is no åˆ† in font nullfont!
Missing character: There is no ç±» in font nullfont!
Missing character: There is no å™¨ in font nullfont!
Missing character: There is no çº§ in font nullfont!
Missing character: There is no è” in font nullfont!
Missing character: There is no ç»„ in font nullfont!
Missing character: There is no æˆ in font nullfont!
Missing character: There is no ï¼Œ in font nullfont!
Missing character: There is no è¿™ in font nullfont!
Missing character: There is no ç§ in font nullfont!
Missing character: There is no çº§ in font nullfont!
Missing character: There is no è” in font nullfont!
Missing character: There is no ç»“ in font nullfont!
Missing character: There is no æ„ in font nullfont!
Missing character: There is no çš„ in font nullfont!
Missing character: There is no ä¸€ in font nullfont!
Missing character: There is no ä¸ª in font nullfont!
Missing character: There is no é‡ in font nullfont!
Missing character: There is no è¦ in font nullfont!
Missing character: There is no ä½œ in font nullfont!
Missing character: There is no ç”¨ in font nullfont!
Missing character: There is no å°± in font nullfont!
Missing character: There is no æ˜¯ in font nullfont!
Missing character: There is no åŠ  in font nullfont!
Missing character: There is no é€Ÿ in font nullfont!
Missing character: There is no ã€‚ in font nullfont!

Overfull \hbox (20.0pt too wide) in paragraph at lines 5--6
[] 
 []


! LaTeX Error: Missing \begin{document}.

See the LaTeX manual or LaTeX Companion for explanation.
Type  H <return>  for immediate help.
 ...                                              
                                                  
l.7 2
     000å¹´äººè„¸æ£€æµ‹æŠ€æœ¯å¼€å§‹æˆç†Ÿèµ·æ¥ä¹‹åï¼Œå°±å‡ºç°äº†ç›¸å…³çš...

You're in trouble here.  Try typing  <return>  to proceed.
If that doesn't work, type  X <return>  to quit.

Missing character: There is no 2 in font nullfont!
Missing character: There is no 0 in font nullfont!
Missing character: There is no 0 in font nullfont!
Missing character: There is no 0 in font nullfont!
Missing character: There is no å¹´ in font nullfont!
Missing character: There is no äºº in font nullfont!
Missing character: There is no è„¸ in font nullfont!
Missing character: There is no æ£€ in font nullfont!
Missing character: There is no æµ‹ in font nullfont!
Missing character: There is no æŠ€ in font nullfont!
Missing character: There is no æœ¯ in font nullfont!
Missing character: There is no å¼€ in font nullfont!
Missing character: There is no å§‹ in font nullfont!
Missing character: There is no æˆ in font nullfont!
Missing character: There is no ç†Ÿ in font nullfont!
Missing character: There is no èµ· in font nullfont!
Missing character: There is no æ¥ in font nullfont!
Missing character: There is no ä¹‹ in font nullfont!
Missing character: There is no å in font nullfont!
Missing character: There is no ï¼Œ in font nullfont!
Missing character: There is no å°± in font nullfont!
Missing character: There is no å‡º in font nullfont!
Missing character: There is no ç° in font nullfont!
Missing character: There is no äº† in font nullfont!
Missing character: There is no ç›¸ in font nullfont!
Missing character: There is no å…³ in font nullfont!
Missing character: There is no çš„ in font nullfont!
Missing character: There is no å® in font nullfont!
Missing character: There is no é™… in font nullfont!
Missing character: There is no åº” in font nullfont!
Missing character: There is no ç”¨ in font nullfont!
Missing character: There is no ï¼Œ in font nullfont!
Missing character: There is no ä¾‹ in font nullfont!
Missing character: There is no å¦‚ in font nullfont!
Missing character: There is no æ•° in font nullfont!
Missing character: There is no ç  in font nullfont!
Missing character: There is no ç›¸ in font nullfont!
Missing character: There is no æœº in font nullfont!
Missing character: There is no ä¸­ in font nullfont!
Missing character: There is no çš„ in font nullfont!
Missing character: There is no äºº in font nullfont!
Missing character: There is no è„¸ in font nullfont!
Missing character: There is no å¯¹ in font nullfont!
Missing character: There is no ç„¦ in font nullfont!
Missing character: There is no çš„ in font nullfont!
Missing character: There is no åŠŸ in font nullfont!
Missing character: There is no èƒ½ in font nullfont!
Missing character: There is no ï¼Œ in font nullfont!
Missing character: There is no ç…§ in font nullfont!
Missing character: There is no ç›¸ in font nullfont!
Missing character: There is no çš„ in font nullfont!
Missing character: There is no æ—¶ in font nullfont!
Missing character: There is no å€™ in font nullfont!
Missing character: There is no ï¼Œ in font nullfont!
Missing character: There is no ç›¸ in font nullfont!
Missing character: There is no æœº in font nullfont!
Missing character: There is no ä¼š in font nullfont!
Missing character: There is no è‡ª in font nullfont!
Missing character: There is no åŠ¨ in font nullfont!
Missing character: There is no æ£€ in font nullfont!
Missing character: There is no æµ‹ in font nullfont!
Missing character: There is no äºº in font nullfont!
Missing character: There is no è„¸ in font nullfont!
Missing character: There is no ï¼Œ in font nullfont!
Missing character: There is no ç„¶ in font nullfont!
Missing character: There is no å in font nullfont!
Missing character: There is no æ ¹ in font nullfont!
Missing character: There is no æ® in font nullfont!
Missing character: There is no äºº in font nullfont!
Missing character: There is no è„¸ in font nullfont!
Missing character: There is no çš„ in font nullfont!
Missing character: There is no ä½ in font nullfont!
Missing character: There is no ç½® in font nullfont!
Missing character: There is no æŠŠ in font nullfont!
Missing character: There is no ç„¦ in font nullfont!
Missing character: There is no è· in font nullfont!
Missing character: There is no è°ƒ in font nullfont!
Missing character: There is no æ•´ in font nullfont!
Missing character: There is no å¾— in font nullfont!
Missing character: There is no æ›´ in font nullfont!
Missing character: There is no å¥½ in font nullfont!
Missing character: There is no ã€‚ in font nullfont!
)
! Emergency stop.
<*> section2-2.tex
                  
*** (job aborted, no legal \end found)

 
Here is how much of TeX's memory you used:
 11 strings out of 493638
 115 string characters out of 6146796
 53600 words of memory out of 5000000
 3510 multiletter control sequences out of 15000+600000
 4294 words of font info for 16 fonts, out of 8000000 for 9000
 1328 hyphenation exceptions out of 8191
 20i,2n,26p,364b,93s stack positions out of 5000i,500n,10000p,200000b,80000s
No pages of output.
