This is XeTeX, Version 3.14159265-2.6-0.99992 (TeX Live 2015/Debian) (preloaded format=xelatex 2018.4.17)  26 APR 2018 09:28
entering extended mode
 restricted \write18 enabled.
 %&-line parsing enabled.
**section3-7.tex
(./section3-7.tex
LaTeX2e <2016/02/01>
Babel <3.9q> and hyphenation patterns for 81 language(s) loaded.
! Undefined control sequence.
l.1 \subsubsection
                  {SSDä¸­é‡‡ç”¨çš„æŸå¤±å‡½æ•°}
The control sequence at the end of the top line
of your error message was never \def'ed. If you have
misspelled it (e.g., `\hobx'), type `I' and the correct
spelling (e.g., `I\hbox'). Otherwise just continue,
and I'll forget about whatever was undefined.


! LaTeX Error: Missing \begin{document}.

See the LaTeX manual or LaTeX Companion for explanation.
Type  H <return>  for immediate help.
 ...                                              
                                                  
l.1 \subsubsection{S
                    SDä¸­é‡‡ç”¨çš„æŸå¤±å‡½æ•°}
You're in trouble here.  Try typing  <return>  to proceed.
If that doesn't work, type  X <return>  to quit.

Missing character: There is no S in font nullfont!
Missing character: There is no S in font nullfont!
Missing character: There is no D in font nullfont!
Missing character: There is no ä¸­ in font nullfont!
Missing character: There is no é‡‡ in font nullfont!
Missing character: There is no ç”¨ in font nullfont!
Missing character: There is no çš„ in font nullfont!
Missing character: There is no æŸ in font nullfont!
Missing character: There is no å¤± in font nullfont!
Missing character: There is no å‡½ in font nullfont!
Missing character: There is no æ•° in font nullfont!

Overfull \hbox (20.0pt too wide) in paragraph at lines 1--2
[] 
 []

! Undefined control sequence.
l.3 \subsubsection
                  {æŸå¤±å‡½æ•°-Focus Loss}
The control sequence at the end of the top line
of your error message was never \def'ed. If you have
misspelled it (e.g., `\hobx'), type `I' and the correct
spelling (e.g., `I\hbox'). Otherwise just continue,
and I'll forget about whatever was undefined.


! LaTeX Error: Missing \begin{document}.

See the LaTeX manual or LaTeX Companion for explanation.
Type  H <return>  for immediate help.
 ...                                              
                                                  
l.3 \subsubsection{æŸ
                      å¤±å‡½æ•°-Focus Loss}
You're in trouble here.  Try typing  <return>  to proceed.
If that doesn't work, type  X <return>  to quit.

Missing character: There is no æŸ in font nullfont!
Missing character: There is no å¤± in font nullfont!
Missing character: There is no å‡½ in font nullfont!
Missing character: There is no æ•° in font nullfont!
Missing character: There is no - in font nullfont!
Missing character: There is no F in font nullfont!
Missing character: There is no o in font nullfont!
Missing character: There is no c in font nullfont!
Missing character: There is no u in font nullfont!
Missing character: There is no s in font nullfont!
Missing character: There is no L in font nullfont!
Missing character: There is no o in font nullfont!
Missing character: There is no s in font nullfont!
Missing character: There is no s in font nullfont!
Missing character: There is no æˆ‘ in font nullfont!
Missing character: There is no ä»¬ in font nullfont!
Missing character: There is no çŸ¥ in font nullfont!
Missing character: There is no é“ in font nullfont!
Missing character: There is no o in font nullfont!
Missing character: There is no b in font nullfont!
Missing character: There is no j in font nullfont!
Missing character: There is no e in font nullfont!
Missing character: There is no c in font nullfont!
Missing character: There is no t in font nullfont!
Missing character: There is no d in font nullfont!
Missing character: There is no e in font nullfont!
Missing character: There is no t in font nullfont!
Missing character: There is no e in font nullfont!
Missing character: There is no c in font nullfont!
Missing character: There is no t in font nullfont!
Missing character: There is no i in font nullfont!
Missing character: There is no o in font nullfont!
Missing character: There is no n in font nullfont!
Missing character: There is no çš„ in font nullfont!
Missing character: There is no ç®— in font nullfont!
Missing character: There is no æ³• in font nullfont!
Missing character: There is no ä¸» in font nullfont!
Missing character: There is no è¦ in font nullfont!
Missing character: There is no å¯ in font nullfont!
Missing character: There is no ä»¥ in font nullfont!
Missing character: There is no åˆ† in font nullfont!
Missing character: There is no ä¸º in font nullfont!
Missing character: There is no ä¸¤ in font nullfont!
Missing character: There is no å¤§ in font nullfont!
Missing character: There is no ç±» in font nullfont!
Missing character: There is no ï¼š in font nullfont!
Missing character: There is no t in font nullfont!
Missing character: There is no w in font nullfont!
Missing character: There is no o in font nullfont!
Missing character: There is no - in font nullfont!
Missing character: There is no s in font nullfont!
Missing character: There is no t in font nullfont!
Missing character: There is no a in font nullfont!
Missing character: There is no g in font nullfont!
Missing character: There is no e in font nullfont!
Missing character: There is no d in font nullfont!
Missing character: There is no e in font nullfont!
Missing character: There is no t in font nullfont!
Missing character: There is no e in font nullfont!
Missing character: There is no c in font nullfont!
Missing character: There is no t in font nullfont!
Missing character: There is no o in font nullfont!
Missing character: There is no r in font nullfont!
Missing character: There is no å’Œ in font nullfont!
Missing character: There is no o in font nullfont!
Missing character: There is no n in font nullfont!
Missing character: There is no e in font nullfont!
Missing character: There is no - in font nullfont!
Missing character: There is no s in font nullfont!
Missing character: There is no t in font nullfont!
Missing character: There is no a in font nullfont!
Missing character: There is no g in font nullfont!
Missing character: There is no e in font nullfont!
Missing character: There is no d in font nullfont!
Missing character: There is no e in font nullfont!
Missing character: There is no t in font nullfont!
Missing character: There is no e in font nullfont!
Missing character: There is no c in font nullfont!
Missing character: There is no t in font nullfont!
Missing character: There is no o in font nullfont!
Missing character: There is no r in font nullfont!
Missing character: There is no ã€‚ in font nullfont!
Missing character: There is no å‰ in font nullfont!
Missing character: There is no è€… in font nullfont!
Missing character: There is no æ˜¯ in font nullfont!
Missing character: There is no æŒ‡ in font nullfont!
Missing character: There is no ç±» in font nullfont!
Missing character: There is no ä¼¼ in font nullfont!
Missing character: There is no F in font nullfont!
Missing character: There is no a in font nullfont!
Missing character: There is no s in font nullfont!
Missing character: There is no t in font nullfont!
Missing character: There is no e in font nullfont!
Missing character: There is no r in font nullfont!
Missing character: There is no R in font nullfont!
Missing character: There is no C in font nullfont!
Missing character: There is no N in font nullfont!
Missing character: There is no N in font nullfont!
Missing character: There is no ï¼Œ in font nullfont!
Missing character: There is no R in font nullfont!
Missing character: There is no F in font nullfont!
Missing character: There is no C in font nullfont!
Missing character: There is no N in font nullfont!
Missing character: There is no è¿™ in font nullfont!
Missing character: There is no æ · in font nullfont!
Missing character: There is no éœ€ in font nullfont!
Missing character: There is no è¦ in font nullfont!
Missing character: There is no r in font nullfont!
Missing character: There is no e in font nullfont!
Missing character: There is no g in font nullfont!
Missing character: There is no i in font nullfont!
Missing character: There is no o in font nullfont!
Missing character: There is no n in font nullfont!
Missing character: There is no p in font nullfont!
Missing character: There is no r in font nullfont!
Missing character: There is no o in font nullfont!
Missing character: There is no p in font nullfont!
Missing character: There is no o in font nullfont!
Missing character: There is no s in font nullfont!
Missing character: There is no a in font nullfont!
Missing character: There is no l in font nullfont!
Missing character: There is no çš„ in font nullfont!
Missing character: There is no æ£€ in font nullfont!
Missing character: There is no æµ‹ in font nullfont!
Missing character: There is no ç®— in font nullfont!
Missing character: There is no æ³• in font nullfont!
Missing character: There is no ï¼Œ in font nullfont!
Missing character: There is no è¿™ in font nullfont!
Missing character: There is no ç±» in font nullfont!
Missing character: There is no ç®— in font nullfont!
Missing character: There is no æ³• in font nullfont!
Missing character: There is no å¯ in font nullfont!
Missing character: There is no ä»¥ in font nullfont!
Missing character: There is no è¾¾ in font nullfont!
Missing character: There is no åˆ° in font nullfont!
Missing character: There is no å¾ˆ in font nullfont!
Missing character: There is no é«˜ in font nullfont!
Missing character: There is no çš„ in font nullfont!
Missing character: There is no å‡† in font nullfont!
Missing character: There is no ç¡® in font nullfont!
Missing character: There is no ç‡ in font nullfont!
Missing character: There is no ï¼Œ in font nullfont!
Missing character: There is no ä½† in font nullfont!
Missing character: There is no æ˜¯ in font nullfont!
Missing character: There is no é€Ÿ in font nullfont!
Missing character: There is no åº¦ in font nullfont!
Missing character: There is no è¾ƒ in font nullfont!
Missing character: There is no æ…¢ in font nullfont!
Missing character: There is no ã€‚ in font nullfont!
Missing character: There is no è™½ in font nullfont!
Missing character: There is no ç„¶ in font nullfont!
Missing character: There is no å¯ in font nullfont!
Missing character: There is no ä»¥ in font nullfont!
Missing character: There is no é€š in font nullfont!
Missing character: There is no è¿‡ in font nullfont!
Missing character: There is no å‡ in font nullfont!
Missing character: There is no å°‘ in font nullfont!
Missing character: There is no p in font nullfont!
Missing character: There is no r in font nullfont!
Missing character: There is no o in font nullfont!
Missing character: There is no p in font nullfont!
Missing character: There is no o in font nullfont!
Missing character: There is no s in font nullfont!
Missing character: There is no a in font nullfont!
Missing character: There is no l in font nullfont!
Missing character: There is no çš„ in font nullfont!
Missing character: There is no æ•° in font nullfont!
Missing character: There is no é‡ in font nullfont!
Missing character: There is no æˆ– in font nullfont!
Missing character: There is no é™ in font nullfont!
Missing character: There is no ä½ in font nullfont!
Missing character: There is no è¾“ in font nullfont!
Missing character: There is no å…¥ in font nullfont!
Missing character: There is no å›¾ in font nullfont!
Missing character: There is no åƒ in font nullfont!
Missing character: There is no çš„ in font nullfont!
Missing character: There is no åˆ† in font nullfont!
Missing character: There is no è¾¨ in font nullfont!
Missing character: There is no ç‡ in font nullfont!
Missing character: There is no ç­‰ in font nullfont!
Missing character: There is no æ–¹ in font nullfont!
Missing character: There is no å¼ in font nullfont!
Missing character: There is no è¾¾ in font nullfont!
Missing character: There is no åˆ° in font nullfont!
Missing character: There is no æ in font nullfont!
Missing character: There is no é€Ÿ in font nullfont!
Missing character: There is no ï¼Œ in font nullfont!
Missing character: There is no ä½† in font nullfont!
Missing character: There is no æ˜¯ in font nullfont!
Missing character: There is no é€Ÿ in font nullfont!
Missing character: There is no åº¦ in font nullfont!
Missing character: There is no å¹¶ in font nullfont!
Missing character: There is no æ²¡ in font nullfont!
Missing character: There is no æœ‰ in font nullfont!
Missing character: There is no è´¨ in font nullfont!
Missing character: There is no çš„ in font nullfont!
Missing character: There is no æ in font nullfont!
Missing character: There is no å‡ in font nullfont!
Missing character: There is no ã€‚ in font nullfont!
Missing character: There is no å in font nullfont!
Missing character: There is no è€… in font nullfont!
Missing character: There is no æ˜¯ in font nullfont!
Missing character: There is no æŒ‡ in font nullfont!
Missing character: There is no ç±» in font nullfont!
Missing character: There is no ä¼¼ in font nullfont!
Missing character: There is no Y in font nullfont!
Missing character: There is no O in font nullfont!
Missing character: There is no L in font nullfont!
Missing character: There is no O in font nullfont!
Missing character: There is no ï¼Œ in font nullfont!
Missing character: There is no S in font nullfont!
Missing character: There is no S in font nullfont!
Missing character: There is no D in font nullfont!
Missing character: There is no è¿™ in font nullfont!
Missing character: There is no æ · in font nullfont!
Missing character: There is no ä¸ in font nullfont!
Missing character: There is no éœ€ in font nullfont!
Missing character: There is no è¦ in font nullfont!
Missing character: There is no r in font nullfont!
Missing character: There is no e in font nullfont!
Missing character: There is no g in font nullfont!
Missing character: There is no i in font nullfont!
Missing character: There is no o in font nullfont!
Missing character: There is no n in font nullfont!
Missing character: There is no p in font nullfont!
Missing character: There is no r in font nullfont!
Missing character: There is no o in font nullfont!
Missing character: There is no p in font nullfont!
Missing character: There is no o in font nullfont!
Missing character: There is no s in font nullfont!
Missing character: There is no a in font nullfont!
Missing character: There is no l in font nullfont!
Missing character: There is no ï¼Œ in font nullfont!
Missing character: There is no ç›´ in font nullfont!
Missing character: There is no æ¥ in font nullfont!
Missing character: There is no å› in font nullfont!
Missing character: There is no å½’ in font nullfont!
Missing character: There is no çš„ in font nullfont!
Missing character: There is no æ£€ in font nullfont!
Missing character: There is no æµ‹ in font nullfont!
Missing character: There is no ç®— in font nullfont!
Missing character: There is no æ³• in font nullfont!
Missing character: There is no ï¼Œ in font nullfont!
Missing character: There is no è¿™ in font nullfont!
Missing character: There is no ç±» in font nullfont!
Missing character: There is no ç®— in font nullfont!
Missing character: There is no æ³• in font nullfont!
Missing character: There is no é€Ÿ in font nullfont!
Missing character: There is no åº¦ in font nullfont!
Missing character: There is no å¾ˆ in font nullfont!
Missing character: There is no å¿« in font nullfont!
Missing character: There is no ï¼Œ in font nullfont!
Missing character: There is no ä½† in font nullfont!
Missing character: There is no æ˜¯ in font nullfont!
Missing character: There is no å‡† in font nullfont!
Missing character: There is no ç¡® in font nullfont!
Missing character: There is no ç‡ in font nullfont!
Missing character: There is no ä¸ in font nullfont!
Missing character: There is no å¦‚ in font nullfont!
Missing character: There is no å‰ in font nullfont!
Missing character: There is no è€… in font nullfont!
Missing character: There is no ã€‚ in font nullfont!
Missing character: There is no ä½œ in font nullfont!
Missing character: There is no è€… in font nullfont!
Missing character: There is no æ in font nullfont!
Missing character: There is no å‡º in font nullfont!
Missing character: There is no f in font nullfont!
Missing character: There is no o in font nullfont!
Missing character: There is no c in font nullfont!
Missing character: There is no a in font nullfont!
Missing character: There is no l in font nullfont!
Missing character: There is no l in font nullfont!
Missing character: There is no o in font nullfont!
Missing character: There is no s in font nullfont!
Missing character: There is no s in font nullfont!
Missing character: There is no çš„ in font nullfont!
Missing character: There is no å‡º in font nullfont!
Missing character: There is no å‘ in font nullfont!
Missing character: There is no ç‚¹ in font nullfont!
Missing character: There is no ä¹Ÿ in font nullfont!
Missing character: There is no æ˜¯ in font nullfont!
Missing character: There is no å¸Œ in font nullfont!
Missing character: There is no æœ› in font nullfont!
Missing character: There is no o in font nullfont!
Missing character: There is no n in font nullfont!
Missing character: There is no e in font nullfont!
Missing character: There is no - in font nullfont!
Missing character: There is no s in font nullfont!
Missing character: There is no t in font nullfont!
Missing character: There is no a in font nullfont!
Missing character: There is no g in font nullfont!
Missing character: There is no e in font nullfont!
Missing character: There is no d in font nullfont!
Missing character: There is no e in font nullfont!
Missing character: There is no t in font nullfont!
Missing character: There is no e in font nullfont!
Missing character: There is no c in font nullfont!
Missing character: There is no t in font nullfont!
Missing character: There is no o in font nullfont!
Missing character: There is no r in font nullfont!
Missing character: There is no å¯ in font nullfont!
Missing character: There is no ä»¥ in font nullfont!
Missing character: There is no è¾¾ in font nullfont!
Missing character: There is no åˆ° in font nullfont!
Missing character: There is no t in font nullfont!
Missing character: There is no w in font nullfont!
Missing character: There is no o in font nullfont!
Missing character: There is no - in font nullfont!
Missing character: There is no s in font nullfont!
Missing character: There is no t in font nullfont!
Missing character: There is no a in font nullfont!
Missing character: There is no g in font nullfont!
Missing character: There is no e in font nullfont!
Missing character: There is no d in font nullfont!
Missing character: There is no e in font nullfont!
Missing character: There is no t in font nullfont!
Missing character: There is no e in font nullfont!
Missing character: There is no c in font nullfont!
Missing character: There is no t in font nullfont!
Missing character: There is no o in font nullfont!
Missing character: There is no r in font nullfont!
Missing character: There is no çš„ in font nullfont!
Missing character: There is no å‡† in font nullfont!
Missing character: There is no ç¡® in font nullfont!
Missing character: There is no ç‡ in font nullfont!
Missing character: There is no ï¼Œ in font nullfont!
Missing character: There is no åŒ in font nullfont!
Missing character: There is no æ—¶ in font nullfont!
Missing character: There is no ä¸ in font nullfont!
Missing character: There is no å½± in font nullfont!
Missing character: There is no å“ in font nullfont!
Missing character: There is no åŸ in font nullfont!
Missing character: There is no æœ‰ in font nullfont!
Missing character: There is no çš„ in font nullfont!
Missing character: There is no é€Ÿ in font nullfont!
Missing character: There is no åº¦ in font nullfont!
Missing character: There is no ã€‚ in font nullfont!

Overfull \hbox (20.0pt too wide) in paragraph at lines 3--5
[]
 []


! LaTeX Error: Missing \begin{document}.

See the LaTeX manual or LaTeX Companion for explanation.
Type  H <return>  for immediate help.
 ...                                              
                                                  
l.6 æ—¢
       ç„¶æœ‰äº†å‡ºå‘ç‚¹ï¼Œé‚£ä¹ˆå°±è¦æ‰¾one-stage detectorçš„å‡†ç¡®ç‡ä¸...

You're in trouble here.  Try typing  <return>  to proceed.
If that doesn't work, type  X <return>  to quit.

Missing character: There is no æ—¢ in font nullfont!
Missing character: There is no ç„¶ in font nullfont!
Missing character: There is no æœ‰ in font nullfont!
Missing character: There is no äº† in font nullfont!
Missing character: There is no å‡º in font nullfont!
Missing character: There is no å‘ in font nullfont!
Missing character: There is no ç‚¹ in font nullfont!
Missing character: There is no ï¼Œ in font nullfont!
Missing character: There is no é‚£ in font nullfont!
Missing character: There is no ä¹ˆ in font nullfont!
Missing character: There is no å°± in font nullfont!
Missing character: There is no è¦ in font nullfont!
Missing character: There is no æ‰¾ in font nullfont!
Missing character: There is no o in font nullfont!
Missing character: There is no n in font nullfont!
Missing character: There is no e in font nullfont!
Missing character: There is no - in font nullfont!
Missing character: There is no s in font nullfont!
Missing character: There is no t in font nullfont!
Missing character: There is no a in font nullfont!
Missing character: There is no g in font nullfont!
Missing character: There is no e in font nullfont!
Missing character: There is no d in font nullfont!
Missing character: There is no e in font nullfont!
Missing character: There is no t in font nullfont!
Missing character: There is no e in font nullfont!
Missing character: There is no c in font nullfont!
Missing character: There is no t in font nullfont!
Missing character: There is no o in font nullfont!
Missing character: There is no r in font nullfont!
Missing character: There is no çš„ in font nullfont!
Missing character: There is no å‡† in font nullfont!
Missing character: There is no ç¡® in font nullfont!
Missing character: There is no ç‡ in font nullfont!
Missing character: There is no ä¸ in font nullfont!
Missing character: There is no å¦‚ in font nullfont!
Missing character: There is no t in font nullfont!
Missing character: There is no w in font nullfont!
Missing character: There is no o in font nullfont!
Missing character: There is no - in font nullfont!
Missing character: There is no s in font nullfont!
Missing character: There is no t in font nullfont!
Missing character: There is no a in font nullfont!
Missing character: There is no g in font nullfont!
Missing character: There is no e in font nullfont!
Missing character: There is no d in font nullfont!
Missing character: There is no e in font nullfont!
Missing character: There is no t in font nullfont!
Missing character: There is no e in font nullfont!
Missing character: There is no c in font nullfont!
Missing character: There is no t in font nullfont!
Missing character: There is no o in font nullfont!
Missing character: There is no r in font nullfont!
Missing character: There is no çš„ in font nullfont!
Missing character: There is no åŸ in font nullfont!
Missing character: There is no å›  in font nullfont!
Missing character: There is no ï¼Œ in font nullfont!
Missing character: There is no ä½œ in font nullfont!
Missing character: There is no è€… in font nullfont!
Missing character: There is no è®¤ in font nullfont!
Missing character: There is no ä¸º in font nullfont!
Missing character: There is no åŸ in font nullfont!
Missing character: There is no å›  in font nullfont!
Missing character: There is no æ˜¯ in font nullfont!
Missing character: There is no ï¼š in font nullfont!
Missing character: There is no æ · in font nullfont!
Missing character: There is no æœ¬ in font nullfont!
Missing character: There is no çš„ in font nullfont!
Missing character: There is no ç±» in font nullfont!
Missing character: There is no åˆ« in font nullfont!
Missing character: There is no ä¸ in font nullfont!
Missing character: There is no å‡ in font nullfont!
Missing character: There is no è¡¡ in font nullfont!
Missing character: There is no å¯¼ in font nullfont!
Missing character: There is no è‡´ in font nullfont!
Missing character: There is no çš„ in font nullfont!
Missing character: There is no ã€‚ in font nullfont!
Missing character: There is no æˆ‘ in font nullfont!
Missing character: There is no ä»¬ in font nullfont!
Missing character: There is no çŸ¥ in font nullfont!
Missing character: There is no é“ in font nullfont!
Missing character: There is no åœ¨ in font nullfont!
Missing character: There is no o in font nullfont!
Missing character: There is no b in font nullfont!
Missing character: There is no j in font nullfont!
Missing character: There is no e in font nullfont!
Missing character: There is no c in font nullfont!
Missing character: There is no t in font nullfont!
Missing character: There is no d in font nullfont!
Missing character: There is no e in font nullfont!
Missing character: There is no t in font nullfont!
Missing character: There is no e in font nullfont!
Missing character: There is no c in font nullfont!
Missing character: There is no t in font nullfont!
Missing character: There is no i in font nullfont!
Missing character: There is no o in font nullfont!
Missing character: There is no n in font nullfont!
Missing character: There is no é¢† in font nullfont!
Missing character: There is no åŸŸ in font nullfont!
Missing character: There is no ï¼Œ in font nullfont!
Missing character: There is no ä¸€ in font nullfont!
Missing character: There is no å¼  in font nullfont!
Missing character: There is no å›¾ in font nullfont!
Missing character: There is no åƒ in font nullfont!
Missing character: There is no å¯ in font nullfont!
Missing character: There is no èƒ½ in font nullfont!
Missing character: There is no ç”Ÿ in font nullfont!
Missing character: There is no æˆ in font nullfont!
Missing character: There is no æˆ in font nullfont!
Missing character: There is no åƒ in font nullfont!
Missing character: There is no ä¸Š in font nullfont!
Missing character: There is no ä¸‡ in font nullfont!
Missing character: There is no çš„ in font nullfont!
Missing character: There is no c in font nullfont!
Missing character: There is no a in font nullfont!
Missing character: There is no n in font nullfont!
Missing character: There is no d in font nullfont!
Missing character: There is no i in font nullfont!
Missing character: There is no d in font nullfont!
Missing character: There is no a in font nullfont!
Missing character: There is no t in font nullfont!
Missing character: There is no e in font nullfont!
Missing character: There is no l in font nullfont!
Missing character: There is no o in font nullfont!
Missing character: There is no c in font nullfont!
Missing character: There is no a in font nullfont!
Missing character: There is no t in font nullfont!
Missing character: There is no i in font nullfont!
Missing character: There is no o in font nullfont!
Missing character: There is no n in font nullfont!
Missing character: There is no s in font nullfont!
Missing character: There is no ï¼Œ in font nullfont!
Missing character: There is no ä½† in font nullfont!
Missing character: There is no æ˜¯ in font nullfont!
Missing character: There is no å…¶ in font nullfont!
Missing character: There is no ä¸­ in font nullfont!
Missing character: There is no åª in font nullfont!
Missing character: There is no æœ‰ in font nullfont!
Missing character: There is no å¾ˆ in font nullfont!
Missing character: There is no å°‘ in font nullfont!
Missing character: There is no ä¸€ in font nullfont!
Missing character: There is no éƒ¨ in font nullfont!
Missing character: There is no åˆ† in font nullfont!
Missing character: There is no æ˜¯ in font nullfont!
Missing character: There is no åŒ… in font nullfont!
Missing character: There is no å« in font nullfont!
Missing character: There is no o in font nullfont!
Missing character: There is no b in font nullfont!
Missing character: There is no j in font nullfont!
Missing character: There is no e in font nullfont!
Missing character: There is no c in font nullfont!
Missing character: There is no t in font nullfont!
Missing character: There is no çš„ in font nullfont!
Missing character: There is no ï¼Œ in font nullfont!
Missing character: There is no è¿™ in font nullfont!
Missing character: There is no å°± in font nullfont!
Missing character: There is no å¸¦ in font nullfont!
Missing character: There is no æ¥ in font nullfont!
Missing character: There is no äº† in font nullfont!
Missing character: There is no ç±» in font nullfont!
Missing character: There is no åˆ« in font nullfont!
Missing character: There is no ä¸ in font nullfont!
Missing character: There is no å‡ in font nullfont!
Missing character: There is no è¡¡ in font nullfont!
Missing character: There is no ã€‚ in font nullfont!
Missing character: There is no é‚£ in font nullfont!
Missing character: There is no ä¹ˆ in font nullfont!
Missing character: There is no ç±» in font nullfont!
Missing character: There is no åˆ« in font nullfont!
Missing character: There is no ä¸ in font nullfont!
Missing character: There is no å‡ in font nullfont!
Missing character: There is no è¡¡ in font nullfont!
Missing character: There is no ä¼š in font nullfont!
Missing character: There is no å¸¦ in font nullfont!
Missing character: There is no æ¥ in font nullfont!
Missing character: There is no ä»€ in font nullfont!
Missing character: There is no ä¹ˆ in font nullfont!
Missing character: There is no å in font nullfont!
Missing character: There is no æœ in font nullfont!
Missing character: There is no å‘¢ in font nullfont!
Missing character: There is no ï¼Ÿ in font nullfont!
Missing character: There is no å¼• in font nullfont!
Missing character: There is no ç”¨ in font nullfont!
Missing character: There is no åŸ in font nullfont!
Missing character: There is no æ–‡ in font nullfont!
Missing character: There is no è®² in font nullfont!
Missing character: There is no çš„ in font nullfont!
Missing character: There is no ä¸¤ in font nullfont!
Missing character: There is no ä¸ª in font nullfont!
Missing character: There is no å in font nullfont!
Missing character: There is no æœ in font nullfont!
Missing character: There is no ï¼š in font nullfont!

Overfull \hbox (20.0pt too wide) in paragraph at lines 6--7
[]
 []


! LaTeX Error: Missing \begin{document}.

See the LaTeX manual or LaTeX Companion for explanation.
Type  H <return>  for immediate help.
 ...                                              
                                                  
l.8 (
     1) training is inefficient as most locations are easy negatives that co...

You're in trouble here.  Try typing  <return>  to proceed.
If that doesn't work, type  X <return>  to quit.

Missing character: There is no ( in font nullfont!
Missing character: There is no 1 in font nullfont!
Missing character: There is no ) in font nullfont!
Missing character: There is no t in font nullfont!
Missing character: There is no r in font nullfont!
Missing character: There is no a in font nullfont!
Missing character: There is no i in font nullfont!
Missing character: There is no n in font nullfont!
Missing character: There is no i in font nullfont!
Missing character: There is no n in font nullfont!
Missing character: There is no g in font nullfont!
Missing character: There is no i in font nullfont!
Missing character: There is no s in font nullfont!
Missing character: There is no i in font nullfont!
Missing character: There is no n in font nullfont!
Missing character: There is no e in font nullfont!
Missing character: There is no f in font nullfont!
Missing character: There is no f in font nullfont!
Missing character: There is no i in font nullfont!
Missing character: There is no c in font nullfont!
Missing character: There is no i in font nullfont!
Missing character: There is no e in font nullfont!
Missing character: There is no n in font nullfont!
Missing character: There is no t in font nullfont!
Missing character: There is no a in font nullfont!
Missing character: There is no s in font nullfont!
Missing character: There is no m in font nullfont!
Missing character: There is no o in font nullfont!
Missing character: There is no s in font nullfont!
Missing character: There is no t in font nullfont!
Missing character: There is no l in font nullfont!
Missing character: There is no o in font nullfont!
Missing character: There is no c in font nullfont!
Missing character: There is no a in font nullfont!
Missing character: There is no t in font nullfont!
Missing character: There is no i in font nullfont!
Missing character: There is no o in font nullfont!
Missing character: There is no n in font nullfont!
Missing character: There is no s in font nullfont!
Missing character: There is no a in font nullfont!
Missing character: There is no r in font nullfont!
Missing character: There is no e in font nullfont!
Missing character: There is no e in font nullfont!
Missing character: There is no a in font nullfont!
Missing character: There is no s in font nullfont!
Missing character: There is no y in font nullfont!
Missing character: There is no n in font nullfont!
Missing character: There is no e in font nullfont!
Missing character: There is no g in font nullfont!
Missing character: There is no a in font nullfont!
Missing character: There is no t in font nullfont!
Missing character: There is no i in font nullfont!
Missing character: There is no v in font nullfont!
Missing character: There is no e in font nullfont!
Missing character: There is no s in font nullfont!
Missing character: There is no t in font nullfont!
Missing character: There is no h in font nullfont!
Missing character: There is no a in font nullfont!
Missing character: There is no t in font nullfont!
Missing character: There is no c in font nullfont!
Missing character: There is no o in font nullfont!
Missing character: There is no n in font nullfont!
Missing character: There is no t in font nullfont!
Missing character: There is no r in font nullfont!
Missing character: There is no i in font nullfont!
Missing character: There is no b in font nullfont!
Missing character: There is no u in font nullfont!
Missing character: There is no t in font nullfont!
Missing character: There is no e in font nullfont!
Missing character: There is no n in font nullfont!
Missing character: There is no o in font nullfont!
Missing character: There is no u in font nullfont!
Missing character: There is no s in font nullfont!
Missing character: There is no e in font nullfont!
Missing character: There is no f in font nullfont!
Missing character: There is no u in font nullfont!
Missing character: There is no l in font nullfont!
Missing character: There is no l in font nullfont!
Missing character: There is no e in font nullfont!
Missing character: There is no a in font nullfont!
Missing character: There is no r in font nullfont!
Missing character: There is no n in font nullfont!
Missing character: There is no i in font nullfont!
Missing character: There is no n in font nullfont!
Missing character: There is no g in font nullfont!
Missing character: There is no s in font nullfont!
Missing character: There is no i in font nullfont!
Missing character: There is no g in font nullfont!
Missing character: There is no n in font nullfont!
Missing character: There is no a in font nullfont!
Missing character: There is no l in font nullfont!
Missing character: There is no ; in font nullfont!

Overfull \hbox (20.0pt too wide) in paragraph at lines 8--9
[]
 []


! LaTeX Error: Missing \begin{document}.

See the LaTeX manual or LaTeX Companion for explanation.
Type  H <return>  for immediate help.
 ...                                              
                                                  
l.10 (
      2) en masse, the easy negatives can overwhelm training and lead to deg...

You're in trouble here.  Try typing  <return>  to proceed.
If that doesn't work, type  X <return>  to quit.

Missing character: There is no ( in font nullfont!
Missing character: There is no 2 in font nullfont!
Missing character: There is no ) in font nullfont!
Missing character: There is no e in font nullfont!
Missing character: There is no n in font nullfont!
Missing character: There is no m in font nullfont!
Missing character: There is no a in font nullfont!
Missing character: There is no s in font nullfont!
Missing character: There is no s in font nullfont!
Missing character: There is no e in font nullfont!
Missing character: There is no , in font nullfont!
Missing character: There is no t in font nullfont!
Missing character: There is no h in font nullfont!
Missing character: There is no e in font nullfont!
Missing character: There is no e in font nullfont!
Missing character: There is no a in font nullfont!
Missing character: There is no s in font nullfont!
Missing character: There is no y in font nullfont!
Missing character: There is no n in font nullfont!
Missing character: There is no e in font nullfont!
Missing character: There is no g in font nullfont!
Missing character: There is no a in font nullfont!
Missing character: There is no t in font nullfont!
Missing character: There is no i in font nullfont!
Missing character: There is no v in font nullfont!
Missing character: There is no e in font nullfont!
Missing character: There is no s in font nullfont!
Missing character: There is no c in font nullfont!
Missing character: There is no a in font nullfont!
Missing character: There is no n in font nullfont!
Missing character: There is no o in font nullfont!
Missing character: There is no v in font nullfont!
Missing character: There is no e in font nullfont!
Missing character: There is no r in font nullfont!
Missing character: There is no w in font nullfont!
Missing character: There is no h in font nullfont!
Missing character: There is no e in font nullfont!
Missing character: There is no l in font nullfont!
Missing character: There is no m in font nullfont!
Missing character: There is no t in font nullfont!
Missing character: There is no r in font nullfont!
Missing character: There is no a in font nullfont!
Missing character: There is no i in font nullfont!
Missing character: There is no n in font nullfont!
Missing character: There is no i in font nullfont!
Missing character: There is no n in font nullfont!
Missing character: There is no g in font nullfont!
Missing character: There is no a in font nullfont!
Missing character: There is no n in font nullfont!
Missing character: There is no d in font nullfont!
Missing character: There is no l in font nullfont!
Missing character: There is no e in font nullfont!
Missing character: There is no a in font nullfont!
Missing character: There is no d in font nullfont!
Missing character: There is no t in font nullfont!
Missing character: There is no o in font nullfont!
Missing character: There is no d in font nullfont!
Missing character: There is no e in font nullfont!
Missing character: There is no g in font nullfont!
Missing character: There is no e in font nullfont!
Missing character: There is no n in font nullfont!
Missing character: There is no e in font nullfont!
Missing character: There is no r in font nullfont!
Missing character: There is no a in font nullfont!
Missing character: There is no t in font nullfont!
Missing character: There is no e in font nullfont!
Missing character: There is no m in font nullfont!
Missing character: There is no o in font nullfont!
Missing character: There is no d in font nullfont!
Missing character: There is no e in font nullfont!
Missing character: There is no l in font nullfont!
Missing character: There is no s in font nullfont!
Missing character: There is no . in font nullfont!

Overfull \hbox (20.0pt too wide) in paragraph at lines 10--11
[]
 []


! LaTeX Error: Missing \begin{document}.

See the LaTeX manual or LaTeX Companion for explanation.
Type  H <return>  for immediate help.
 ...                                              
                                                  
l.12 ä»€
        ä¹ˆæ„æ€å‘¢ï¼Ÿè´Ÿæ ·æœ¬æ•°é‡å¤ªå¤§ï¼Œå æ€»çš„lossçš„å¤§éƒ¨åˆ†ï¼Œè...

You're in trouble here.  Try typing  <return>  to proceed.
If that doesn't work, type  X <return>  to quit.

Missing character: There is no ä»€ in font nullfont!
Missing character: There is no ä¹ˆ in font nullfont!
Missing character: There is no æ„ in font nullfont!
Missing character: There is no æ€ in font nullfont!
Missing character: There is no å‘¢ in font nullfont!
Missing character: There is no ï¼Ÿ in font nullfont!
Missing character: There is no è´Ÿ in font nullfont!
Missing character: There is no æ · in font nullfont!
Missing character: There is no æœ¬ in font nullfont!
Missing character: There is no æ•° in font nullfont!
Missing character: There is no é‡ in font nullfont!
Missing character: There is no å¤ª in font nullfont!
Missing character: There is no å¤§ in font nullfont!
Missing character: There is no ï¼Œ in font nullfont!
Missing character: There is no å  in font nullfont!
Missing character: There is no æ€» in font nullfont!
Missing character: There is no çš„ in font nullfont!
Missing character: There is no l in font nullfont!
Missing character: There is no o in font nullfont!
Missing character: There is no s in font nullfont!
Missing character: There is no s in font nullfont!
Missing character: There is no çš„ in font nullfont!
Missing character: There is no å¤§ in font nullfont!
Missing character: There is no éƒ¨ in font nullfont!
Missing character: There is no åˆ† in font nullfont!
Missing character: There is no ï¼Œ in font nullfont!
Missing character: There is no è€Œ in font nullfont!
Missing character: There is no ä¸” in font nullfont!
Missing character: There is no å¤š in font nullfont!
Missing character: There is no æ˜¯ in font nullfont!
Missing character: There is no å®¹ in font nullfont!
Missing character: There is no æ˜“ in font nullfont!
Missing character: There is no åˆ† in font nullfont!
Missing character: There is no ç±» in font nullfont!
Missing character: There is no çš„ in font nullfont!
Missing character: There is no ï¼Œ in font nullfont!
Missing character: There is no å›  in font nullfont!
Missing character: There is no æ­¤ in font nullfont!
Missing character: There is no ä½¿ in font nullfont!
Missing character: There is no å¾— in font nullfont!
Missing character: There is no æ¨¡ in font nullfont!
Missing character: There is no å‹ in font nullfont!
Missing character: There is no çš„ in font nullfont!
Missing character: There is no ä¼˜ in font nullfont!
Missing character: There is no åŒ– in font nullfont!
Missing character: There is no æ–¹ in font nullfont!
Missing character: There is no å‘ in font nullfont!
Missing character: There is no å¹¶ in font nullfont!
Missing character: There is no ä¸ in font nullfont!
Missing character: There is no æ˜¯ in font nullfont!
Missing character: There is no æˆ‘ in font nullfont!
Missing character: There is no ä»¬ in font nullfont!
Missing character: There is no æ‰€ in font nullfont!
Missing character: There is no å¸Œ in font nullfont!
Missing character: There is no æœ› in font nullfont!
Missing character: There is no çš„ in font nullfont!
Missing character: There is no é‚£ in font nullfont!
Missing character: There is no æ · in font nullfont!
Missing character: There is no ã€‚ in font nullfont!
Missing character: There is no å…¶ in font nullfont!
Missing character: There is no å® in font nullfont!
Missing character: There is no å…ˆ in font nullfont!
Missing character: There is no å‰ in font nullfont!
Missing character: There is no ä¹Ÿ in font nullfont!
Missing character: There is no æœ‰ in font nullfont!
Missing character: There is no ä¸€ in font nullfont!
Missing character: There is no äº› in font nullfont!
Missing character: There is no ç®— in font nullfont!
Missing character: There is no æ³• in font nullfont!
Missing character: There is no æ¥ in font nullfont!
Missing character: There is no å¤„ in font nullfont!
Missing character: There is no ç† in font nullfont!
Missing character: There is no ç±» in font nullfont!
Missing character: There is no åˆ« in font nullfont!
Missing character: There is no ä¸ in font nullfont!
Missing character: There is no å‡ in font nullfont!
Missing character: There is no è¡¡ in font nullfont!
Missing character: There is no çš„ in font nullfont!
Missing character: There is no é—® in font nullfont!
Missing character: There is no é¢˜ in font nullfont!
Missing character: There is no ï¼Œ in font nullfont!
Missing character: There is no æ¯” in font nullfont!
Missing character: There is no å¦‚ in font nullfont!
Missing character: There is no O in font nullfont!
Missing character: There is no H in font nullfont!
Missing character: There is no E in font nullfont!
Missing character: There is no M in font nullfont!
Missing character: There is no ï¼ˆ in font nullfont!
Missing character: There is no o in font nullfont!
Missing character: There is no n in font nullfont!
Missing character: There is no l in font nullfont!
Missing character: There is no i in font nullfont!
Missing character: There is no n in font nullfont!
Missing character: There is no e in font nullfont!
Missing character: There is no h in font nullfont!
Missing character: There is no a in font nullfont!
Missing character: There is no r in font nullfont!
Missing character: There is no d in font nullfont!
Missing character: There is no e in font nullfont!
Missing character: There is no x in font nullfont!
Missing character: There is no a in font nullfont!
Missing character: There is no m in font nullfont!
Missing character: There is no p in font nullfont!
Missing character: There is no l in font nullfont!
Missing character: There is no e in font nullfont!
Missing character: There is no m in font nullfont!
Missing character: There is no i in font nullfont!
Missing character: There is no n in font nullfont!
Missing character: There is no i in font nullfont!
Missing character: There is no n in font nullfont!
Missing character: There is no g in font nullfont!
Missing character: There is no ï¼‰ in font nullfont!
Missing character: There is no ï¼Œ in font nullfont!
Missing character: There is no O in font nullfont!
Missing character: There is no H in font nullfont!
Missing character: There is no E in font nullfont!
Missing character: There is no M in font nullfont!
Missing character: There is no çš„ in font nullfont!
Missing character: There is no ä¸» in font nullfont!
Missing character: There is no è¦ in font nullfont!
Missing character: There is no æ€ in font nullfont!
Missing character: There is no æƒ³ in font nullfont!
Missing character: There is no å¯ in font nullfont!
Missing character: There is no ä»¥ in font nullfont!
Missing character: There is no ç”¨ in font nullfont!
Missing character: There is no åŸ in font nullfont!
Missing character: There is no æ–‡ in font nullfont!
Missing character: There is no çš„ in font nullfont!
Missing character: There is no ä¸€ in font nullfont!
Missing character: There is no å¥ in font nullfont!
Missing character: There is no è¯ in font nullfont!
Missing character: There is no æ¦‚ in font nullfont!
Missing character: There is no æ‹¬ in font nullfont!
Missing character: There is no ï¼š in font nullfont!
Missing character: There is no I in font nullfont!
Missing character: There is no n in font nullfont!
Missing character: There is no O in font nullfont!
Missing character: There is no H in font nullfont!
Missing character: There is no E in font nullfont!
Missing character: There is no M in font nullfont!
Missing character: There is no e in font nullfont!
Missing character: There is no a in font nullfont!
Missing character: There is no c in font nullfont!
Missing character: There is no h in font nullfont!
Missing character: There is no e in font nullfont!
Missing character: There is no x in font nullfont!
Missing character: There is no a in font nullfont!
Missing character: There is no m in font nullfont!
Missing character: There is no p in font nullfont!
Missing character: There is no l in font nullfont!
Missing character: There is no e in font nullfont!
Missing character: There is no i in font nullfont!
Missing character: There is no s in font nullfont!
Missing character: There is no s in font nullfont!
Missing character: There is no c in font nullfont!
Missing character: There is no o in font nullfont!
Missing character: There is no r in font nullfont!
Missing character: There is no e in font nullfont!
Missing character: There is no d in font nullfont!
Missing character: There is no b in font nullfont!
Missing character: There is no y in font nullfont!
Missing character: There is no i in font nullfont!
Missing character: There is no t in font nullfont!
Missing character: There is no s in font nullfont!
Missing character: There is no l in font nullfont!
Missing character: There is no o in font nullfont!
Missing character: There is no s in font nullfont!
Missing character: There is no s in font nullfont!
Missing character: There is no , in font nullfont!
Missing character: There is no n in font nullfont!
Missing character: There is no o in font nullfont!
Missing character: There is no n in font nullfont!
Missing character: There is no - in font nullfont!
Missing character: There is no m in font nullfont!
Missing character: There is no a in font nullfont!
Missing character: There is no x in font nullfont!
Missing character: There is no i in font nullfont!
Missing character: There is no m in font nullfont!
Missing character: There is no u in font nullfont!
Missing character: There is no m in font nullfont!
Missing character: There is no s in font nullfont!
Missing character: There is no u in font nullfont!
Missing character: There is no p in font nullfont!
Missing character: There is no p in font nullfont!
Missing character: There is no r in font nullfont!
Missing character: There is no e in font nullfont!
Missing character: There is no s in font nullfont!
Missing character: There is no s in font nullfont!
Missing character: There is no i in font nullfont!
Missing character: There is no o in font nullfont!
Missing character: There is no n in font nullfont!
Missing character: There is no ( in font nullfont!
Missing character: There is no n in font nullfont!
Missing character: There is no m in font nullfont!
Missing character: There is no s in font nullfont!
Missing character: There is no ) in font nullfont!
Missing character: There is no i in font nullfont!
Missing character: There is no s in font nullfont!
Missing character: There is no t in font nullfont!
Missing character: There is no h in font nullfont!
Missing character: There is no e in font nullfont!
Missing character: There is no n in font nullfont!
Missing character: There is no a in font nullfont!
Missing character: There is no p in font nullfont!
Missing character: There is no p in font nullfont!
Missing character: There is no l in font nullfont!
Missing character: There is no i in font nullfont!
Missing character: There is no e in font nullfont!
Missing character: There is no d in font nullfont!
Missing character: There is no , in font nullfont!
Missing character: There is no a in font nullfont!
Missing character: There is no n in font nullfont!
Missing character: There is no d in font nullfont!
Missing character: There is no a in font nullfont!
Missing character: There is no m in font nullfont!
Missing character: There is no i in font nullfont!
Missing character: There is no n in font nullfont!
Missing character: There is no i in font nullfont!
Missing character: There is no b in font nullfont!
Missing character: There is no a in font nullfont!
Missing character: There is no t in font nullfont!
Missing character: There is no c in font nullfont!
Missing character: There is no h in font nullfont!
Missing character: There is no i in font nullfont!
Missing character: There is no s in font nullfont!
Missing character: There is no c in font nullfont!
Missing character: There is no o in font nullfont!
Missing character: There is no n in font nullfont!
Missing character: There is no s in font nullfont!
Missing character: There is no t in font nullfont!
Missing character: There is no r in font nullfont!
Missing character: There is no u in font nullfont!
Missing character: There is no c in font nullfont!
Missing character: There is no t in font nullfont!
Missing character: There is no e in font nullfont!
Missing character: There is no d in font nullfont!
Missing character: There is no w in font nullfont!
Missing character: There is no i in font nullfont!
Missing character: There is no t in font nullfont!
Missing character: There is no h in font nullfont!
Missing character: There is no t in font nullfont!
Missing character: There is no h in font nullfont!
Missing character: There is no e in font nullfont!
Missing character: There is no h in font nullfont!
Missing character: There is no i in font nullfont!
Missing character: There is no g in font nullfont!
Missing character: There is no h in font nullfont!
Missing character: There is no e in font nullfont!
Missing character: There is no s in font nullfont!
Missing character: There is no t in font nullfont!
Missing character: There is no - in font nullfont!
Missing character: There is no l in font nullfont!
Missing character: There is no o in font nullfont!
Missing character: There is no s in font nullfont!
Missing character: There is no s in font nullfont!
Missing character: There is no e in font nullfont!
Missing character: There is no x in font nullfont!
Missing character: There is no a in font nullfont!
Missing character: There is no m in font nullfont!
Missing character: There is no p in font nullfont!
Missing character: There is no l in font nullfont!
Missing character: There is no e in font nullfont!
Missing character: There is no s in font nullfont!
Missing character: There is no ã€‚ in font nullfont!
Missing character: There is no O in font nullfont!
Missing character: There is no H in font nullfont!
Missing character: There is no E in font nullfont!
Missing character: There is no M in font nullfont!
Missing character: There is no ç®— in font nullfont!
Missing character: There is no æ³• in font nullfont!
Missing character: There is no è™½ in font nullfont!
Missing character: There is no ç„¶ in font nullfont!
Missing character: There is no å¢ in font nullfont!
Missing character: There is no åŠ  in font nullfont!
Missing character: There is no äº† in font nullfont!
Missing character: There is no é”™ in font nullfont!
Missing character: There is no åˆ† in font nullfont!
Missing character: There is no ç±» in font nullfont!
Missing character: There is no æ · in font nullfont!
Missing character: There is no æœ¬ in font nullfont!
Missing character: There is no çš„ in font nullfont!
Missing character: There is no æƒ in font nullfont!
Missing character: There is no é‡ in font nullfont!
Missing character: There is no ï¼Œ in font nullfont!
Missing character: There is no ä½† in font nullfont!
Missing character: There is no æ˜¯ in font nullfont!
Missing character: There is no O in font nullfont!
Missing character: There is no H in font nullfont!
Missing character: There is no E in font nullfont!
Missing character: There is no M in font nullfont!
Missing character: There is no ç®— in font nullfont!
Missing character: There is no æ³• in font nullfont!
Missing character: There is no å¿½ in font nullfont!
Missing character: There is no ç•¥ in font nullfont!
Missing character: There is no äº† in font nullfont!
Missing character: There is no å®¹ in font nullfont!
Missing character: There is no æ˜“ in font nullfont!
Missing character: There is no åˆ† in font nullfont!
Missing character: There is no ç±» in font nullfont!
Missing character: There is no çš„ in font nullfont!
Missing character: There is no æ · in font nullfont!
Missing character: There is no æœ¬ in font nullfont!
Missing character: There is no ã€‚ in font nullfont!
Missing character: There is no å›  in font nullfont!
Missing character: There is no æ­¤ in font nullfont!
Missing character: There is no é’ˆ in font nullfont!
Missing character: There is no å¯¹ in font nullfont!
Missing character: There is no ç±» in font nullfont!
Missing character: There is no åˆ« in font nullfont!
Missing character: There is no ä¸ in font nullfont!
Missing character: There is no å‡ in font nullfont!
Missing character: There is no è¡¡ in font nullfont!
Missing character: There is no é—® in font nullfont!
Missing character: There is no é¢˜ in font nullfont!
Missing character: There is no ï¼Œ in font nullfont!
Missing character: There is no ä½œ in font nullfont!
Missing character: There is no è€… in font nullfont!
Missing character: There is no æ in font nullfont!
Missing character: There is no å‡º in font nullfont!
Missing character: There is no ä¸€ in font nullfont!
Missing character: There is no ç§ in font nullfont!
Missing character: There is no æ–° in font nullfont!
Missing character: There is no çš„ in font nullfont!
Missing character: There is no æŸ in font nullfont!
Missing character: There is no å¤± in font nullfont!
Missing character: There is no å‡½ in font nullfont!
Missing character: There is no æ•° in font nullfont!
Missing character: There is no ï¼š in font nullfont!
Missing character: There is no f in font nullfont!
Missing character: There is no o in font nullfont!
Missing character: There is no c in font nullfont!
Missing character: There is no a in font nullfont!
Missing character: There is no l in font nullfont!
Missing character: There is no l in font nullfont!
Missing character: There is no o in font nullfont!
Missing character: There is no s in font nullfont!
Missing character: There is no s in font nullfont!
Missing character: There is no ï¼Œ in font nullfont!
Missing character: There is no è¿™ in font nullfont!
Missing character: There is no ä¸ª in font nullfont!
Missing character: There is no æŸ in font nullfont!
Missing character: There is no å¤± in font nullfont!
Missing character: There is no å‡½ in font nullfont!
Missing character: There is no æ•° in font nullfont!
Missing character: There is no æ˜¯ in font nullfont!
Missing character: There is no åœ¨ in font nullfont!
Missing character: There is no æ ‡ in font nullfont!
Missing character: There is no å‡† in font nullfont!
Missing character: There is no äº¤ in font nullfont!
Missing character: There is no å‰ in font nullfont!
Missing character: There is no ç†µ in font nullfont!
Missing character: There is no æŸ in font nullfont!
Missing character: There is no å¤± in font nullfont!
Missing character: There is no åŸº in font nullfont!
Missing character: There is no ç¡€ in font nullfont!
Missing character: There is no ä¸Š in font nullfont!
Missing character: There is no ä¿® in font nullfont!
Missing character: There is no æ”¹ in font nullfont!
Missing character: There is no å¾— in font nullfont!
Missing character: There is no åˆ° in font nullfont!
Missing character: There is no çš„ in font nullfont!
Missing character: There is no ã€‚ in font nullfont!
Missing character: There is no è¿™ in font nullfont!
Missing character: There is no ä¸ª in font nullfont!
Missing character: There is no å‡½ in font nullfont!
Missing character: There is no æ•° in font nullfont!
Missing character: There is no å¯ in font nullfont!
Missing character: There is no ä»¥ in font nullfont!
Missing character: There is no é€š in font nullfont!
Missing character: There is no è¿‡ in font nullfont!
Missing character: There is no å‡ in font nullfont!
Missing character: There is no å°‘ in font nullfont!
Missing character: There is no æ˜“ in font nullfont!
Missing character: There is no åˆ† in font nullfont!
Missing character: There is no ç±» in font nullfont!
Missing character: There is no æ · in font nullfont!
Missing character: There is no æœ¬ in font nullfont!
Missing character: There is no çš„ in font nullfont!
Missing character: There is no æƒ in font nullfont!
Missing character: There is no é‡ in font nullfont!
Missing character: There is no ï¼Œ in font nullfont!
Missing character: There is no ä½¿ in font nullfont!
Missing character: There is no å¾— in font nullfont!
Missing character: There is no æ¨¡ in font nullfont!
Missing character: There is no å‹ in font nullfont!
Missing character: There is no åœ¨ in font nullfont!
Missing character: There is no è®­ in font nullfont!
Missing character: There is no ç»ƒ in font nullfont!
Missing character: There is no æ—¶ in font nullfont!
Missing character: There is no æ›´ in font nullfont!
Missing character: There is no ä¸“ in font nullfont!
Missing character: There is no æ³¨ in font nullfont!
Missing character: There is no äº in font nullfont!
Missing character: There is no éš¾ in font nullfont!
Missing character: There is no åˆ† in font nullfont!
Missing character: There is no ç±» in font nullfont!
Missing character: There is no çš„ in font nullfont!
Missing character: There is no æ · in font nullfont!
Missing character: There is no æœ¬ in font nullfont!
Missing character: There is no ã€‚ in font nullfont!
Missing character: There is no ä¸º in font nullfont!
Missing character: There is no äº† in font nullfont!
Missing character: There is no è¯ in font nullfont!
Missing character: There is no æ˜ in font nullfont!
Missing character: There is no f in font nullfont!
Missing character: There is no o in font nullfont!
Missing character: There is no c in font nullfont!
Missing character: There is no a in font nullfont!
Missing character: There is no l in font nullfont!
Missing character: There is no l in font nullfont!
Missing character: There is no o in font nullfont!
Missing character: There is no s in font nullfont!
Missing character: There is no s in font nullfont!
Missing character: There is no çš„ in font nullfont!
Missing character: There is no æœ‰ in font nullfont!
Missing character: There is no æ•ˆ in font nullfont!
Missing character: There is no æ€§ in font nullfont!
Missing character: There is no ï¼Œ in font nullfont!
Missing character: There is no ä½œ in font nullfont!
Missing character: There is no è€… in font nullfont!
Missing character: There is no è®¾ in font nullfont!
Missing character: There is no è®¡ in font nullfont!
Missing character: There is no äº† in font nullfont!
Missing character: There is no ä¸€ in font nullfont!
Missing character: There is no ä¸ª in font nullfont!
Missing character: There is no d in font nullfont!
Missing character: There is no e in font nullfont!
Missing character: There is no n in font nullfont!
Missing character: There is no s in font nullfont!
Missing character: There is no e in font nullfont!
Missing character: There is no d in font nullfont!
Missing character: There is no e in font nullfont!
Missing character: There is no t in font nullfont!
Missing character: There is no e in font nullfont!
Missing character: There is no c in font nullfont!
Missing character: There is no t in font nullfont!
Missing character: There is no o in font nullfont!
Missing character: There is no r in font nullfont!
Missing character: There is no ï¼š in font nullfont!
Missing character: There is no R in font nullfont!
Missing character: There is no e in font nullfont!
Missing character: There is no t in font nullfont!
Missing character: There is no i in font nullfont!
Missing character: There is no n in font nullfont!
Missing character: There is no a in font nullfont!
Missing character: There is no N in font nullfont!
Missing character: There is no e in font nullfont!
Missing character: There is no t in font nullfont!
Missing character: There is no ï¼Œ in font nullfont!
Missing character: There is no å¹¶ in font nullfont!
Missing character: There is no ä¸” in font nullfont!
Missing character: There is no åœ¨ in font nullfont!
Missing character: There is no è®­ in font nullfont!
Missing character: There is no ç»ƒ in font nullfont!
Missing character: There is no æ—¶ in font nullfont!
Missing character: There is no é‡‡ in font nullfont!
Missing character: There is no ç”¨ in font nullfont!
Missing character: There is no f in font nullfont!
Missing character: There is no o in font nullfont!
Missing character: There is no c in font nullfont!
Missing character: There is no a in font nullfont!
Missing character: There is no l in font nullfont!
Missing character: There is no l in font nullfont!
Missing character: There is no o in font nullfont!
Missing character: There is no s in font nullfont!
Missing character: There is no s in font nullfont!
Missing character: There is no è®­ in font nullfont!
Missing character: There is no ç»ƒ in font nullfont!
Missing character: There is no ã€‚ in font nullfont!
Missing character: There is no å® in font nullfont!
Missing character: There is no éªŒ in font nullfont!
Missing character: There is no è¯ in font nullfont!
Missing character: There is no æ˜ in font nullfont!
Missing character: There is no R in font nullfont!
Missing character: There is no e in font nullfont!
Missing character: There is no t in font nullfont!
Missing character: There is no i in font nullfont!
Missing character: There is no n in font nullfont!
Missing character: There is no a in font nullfont!
Missing character: There is no N in font nullfont!
Missing character: There is no e in font nullfont!
Missing character: There is no t in font nullfont!
Missing character: There is no ä¸ in font nullfont!
Missing character: There is no ä»… in font nullfont!
Missing character: There is no å¯ in font nullfont!
Missing character: There is no ä»¥ in font nullfont!
Missing character: There is no è¾¾ in font nullfont!
Missing character: There is no åˆ° in font nullfont!
Missing character: There is no o in font nullfont!
Missing character: There is no n in font nullfont!
Missing character: There is no e in font nullfont!
Missing character: There is no - in font nullfont!
Missing character: There is no s in font nullfont!
Missing character: There is no t in font nullfont!
Missing character: There is no a in font nullfont!
Missing character: There is no g in font nullfont!
Missing character: There is no e in font nullfont!
Missing character: There is no d in font nullfont!
Missing character: There is no e in font nullfont!
Missing character: There is no t in font nullfont!
Missing character: There is no e in font nullfont!
Missing character: There is no c in font nullfont!
Missing character: There is no t in font nullfont!
Missing character: There is no o in font nullfont!
Missing character: There is no r in font nullfont!
Missing character: There is no çš„ in font nullfont!
Missing character: There is no é€Ÿ in font nullfont!
Missing character: There is no åº¦ in font nullfont!
Missing character: There is no ï¼Œ in font nullfont!
Missing character: There is no ä¹Ÿ in font nullfont!
Missing character: There is no èƒ½ in font nullfont!
Missing character: There is no æœ‰ in font nullfont!
Missing character: There is no t in font nullfont!
Missing character: There is no w in font nullfont!
Missing character: There is no o in font nullfont!
Missing character: There is no - in font nullfont!
Missing character: There is no s in font nullfont!
Missing character: There is no t in font nullfont!
Missing character: There is no a in font nullfont!
Missing character: There is no g in font nullfont!
Missing character: There is no e in font nullfont!
Missing character: There is no d in font nullfont!
Missing character: There is no e in font nullfont!
Missing character: There is no t in font nullfont!
Missing character: There is no e in font nullfont!
Missing character: There is no c in font nullfont!
Missing character: There is no t in font nullfont!
Missing character: There is no o in font nullfont!
Missing character: There is no r in font nullfont!
Missing character: There is no çš„ in font nullfont!
Missing character: There is no å‡† in font nullfont!
Missing character: There is no ç¡® in font nullfont!
Missing character: There is no ç‡ in font nullfont!
Missing character: There is no ã€‚ in font nullfont!
)
! Emergency stop.
<*> section3-7.tex
                  
*** (job aborted, no legal \end found)

 
Here is how much of TeX's memory you used:
 4 strings out of 493638
 54 string characters out of 6146796
 53600 words of memory out of 5000000
 3505 multiletter control sequences out of 15000+600000
 3640 words of font info for 14 fonts, out of 8000000 for 9000
 1328 hyphenation exceptions out of 8191
 5i,0n,4p,583b,16s stack positions out of 5000i,500n,10000p,200000b,80000s
No pages of output.
