This is XeTeX, Version 3.14159265-2.6-0.99998 (TeX Live 2017/Debian) (preloaded format=xelatex 2017.12.28)  5 MAY 2018 23:57
entering extended mode
 restricted \write18 enabled.
 %&-line parsing enabled.
**section3-5.tex
(./section3-5.tex
LaTeX2e <2017-04-15>
Babel <3.12> and hyphenation patterns for 84 language(s) loaded.
! Undefined control sequence.
l.2 \subsubsection
                  {Soft-NMS}
The control sequence at the end of the top line
of your error message was never \def'ed. If you have
misspelled it (e.g., `\hobx'), type `I' and the correct
spelling (e.g., `I\hbox'). Otherwise just continue,
and I'll forget about whatever was undefined.


! LaTeX Error: Missing \begin{document}.

See the LaTeX manual or LaTeX Companion for explanation.
Type  H <return>  for immediate help.
 ...                                              
                                                  
l.2 \subsubsection{S
                    oft-NMS}
You're in trouble here.  Try typing  <return>  to proceed.
If that doesn't work, type  X <return>  to quit.

Missing character: There is no S in font nullfont!
Missing character: There is no o in font nullfont!
Missing character: There is no f in font nullfont!
Missing character: There is no t in font nullfont!
Missing character: There is no - in font nullfont!
Missing character: There is no N in font nullfont!
Missing character: There is no M in font nullfont!
Missing character: There is no S in font nullfont!
Missing character: There is no N in font nullfont!
Missing character: There is no M in font nullfont!
Missing character: There is no S in font nullfont!
Missing character: There is no ÁÆó in font nullfont!
Missing character: There is no Ê≥ï in font nullfont!
Missing character: There is no ÁöÑ in font nullfont!
Missing character: There is no Â§ß in font nullfont!
Missing character: There is no Ëá¥ in font nullfont!
Missing character: There is no Ëøá in font nullfont!
Missing character: There is no Á®ã in font nullfont!
Missing character: There is no ÂèØ in font nullfont!
Missing character: There is no ‰ª• in font nullfont!
Missing character: There is no Áúã in font nullfont!
Missing character: There is no Âéü in font nullfont!
Missing character: There is no Êñá in font nullfont!
Missing character: There is no Ëøô in font nullfont!
Missing character: There is no ÊÆµ in font nullfont!
Missing character: There is no ËØù in font nullfont!
Missing character: There is no Ôºö in font nullfont!

Overfull \hbox (20.0pt too wide) in paragraph at lines 2--4
[]
 []


! LaTeX Error: Missing \begin{document}.

See the LaTeX manual or LaTeX Companion for explanation.
Type  H <return>  for immediate help.
 ...                                              
                                                  
l.5 F
     irst, it sorts all detection boxes on the basis of their scores. The de...

You're in trouble here.  Try typing  <return>  to proceed.
If that doesn't work, type  X <return>  to quit.

Missing character: There is no F in font nullfont!
Missing character: There is no i in font nullfont!
Missing character: There is no r in font nullfont!
Missing character: There is no s in font nullfont!
Missing character: There is no t in font nullfont!
Missing character: There is no , in font nullfont!
Missing character: There is no i in font nullfont!
Missing character: There is no t in font nullfont!
Missing character: There is no s in font nullfont!
Missing character: There is no o in font nullfont!
Missing character: There is no r in font nullfont!
Missing character: There is no t in font nullfont!
Missing character: There is no s in font nullfont!
Missing character: There is no a in font nullfont!
Missing character: There is no l in font nullfont!
Missing character: There is no l in font nullfont!
Missing character: There is no d in font nullfont!
Missing character: There is no e in font nullfont!
Missing character: There is no t in font nullfont!
Missing character: There is no e in font nullfont!
Missing character: There is no c in font nullfont!
Missing character: There is no t in font nullfont!
Missing character: There is no i in font nullfont!
Missing character: There is no o in font nullfont!
Missing character: There is no n in font nullfont!
Missing character: There is no b in font nullfont!
Missing character: There is no o in font nullfont!
Missing character: There is no x in font nullfont!
Missing character: There is no e in font nullfont!
Missing character: There is no s in font nullfont!
Missing character: There is no o in font nullfont!
Missing character: There is no n in font nullfont!
Missing character: There is no t in font nullfont!
Missing character: There is no h in font nullfont!
Missing character: There is no e in font nullfont!
Missing character: There is no b in font nullfont!
Missing character: There is no a in font nullfont!
Missing character: There is no s in font nullfont!
Missing character: There is no i in font nullfont!
Missing character: There is no s in font nullfont!
Missing character: There is no o in font nullfont!
Missing character: There is no f in font nullfont!
Missing character: There is no t in font nullfont!
Missing character: There is no h in font nullfont!
Missing character: There is no e in font nullfont!
Missing character: There is no i in font nullfont!
Missing character: There is no r in font nullfont!
Missing character: There is no s in font nullfont!
Missing character: There is no c in font nullfont!
Missing character: There is no o in font nullfont!
Missing character: There is no r in font nullfont!
Missing character: There is no e in font nullfont!
Missing character: There is no s in font nullfont!
Missing character: There is no . in font nullfont!
Missing character: There is no T in font nullfont!
Missing character: There is no h in font nullfont!
Missing character: There is no e in font nullfont!
Missing character: There is no d in font nullfont!
Missing character: There is no e in font nullfont!
Missing character: There is no t in font nullfont!
Missing character: There is no e in font nullfont!
Missing character: There is no c in font nullfont!
Missing character: There is no t in font nullfont!
Missing character: There is no i in font nullfont!
Missing character: There is no o in font nullfont!
Missing character: There is no n in font nullfont!
Missing character: There is no b in font nullfont!
Missing character: There is no o in font nullfont!
Missing character: There is no x in font nullfont!
Missing character: There is no M in font nullfont!
Missing character: There is no w in font nullfont!
Missing character: There is no i in font nullfont!
Missing character: There is no t in font nullfont!
Missing character: There is no h in font nullfont!
Missing character: There is no t in font nullfont!
Missing character: There is no h in font nullfont!
Missing character: There is no e in font nullfont!
Missing character: There is no m in font nullfont!
Missing character: There is no a in font nullfont!
Missing character: There is no x in font nullfont!
Missing character: There is no i in font nullfont!
Missing character: There is no m in font nullfont!
Missing character: There is no u in font nullfont!
Missing character: There is no m in font nullfont!
Missing character: There is no s in font nullfont!
Missing character: There is no c in font nullfont!
Missing character: There is no o in font nullfont!
Missing character: There is no r in font nullfont!
Missing character: There is no e in font nullfont!
Missing character: There is no i in font nullfont!
Missing character: There is no s in font nullfont!
Missing character: There is no s in font nullfont!
Missing character: There is no e in font nullfont!
Missing character: There is no l in font nullfont!
Missing character: There is no e in font nullfont!
Missing character: There is no c in font nullfont!
Missing character: There is no t in font nullfont!
Missing character: There is no e in font nullfont!
Missing character: There is no d in font nullfont!
Missing character: There is no a in font nullfont!
Missing character: There is no n in font nullfont!
Missing character: There is no d in font nullfont!
Missing character: There is no a in font nullfont!
Missing character: There is no l in font nullfont!
Missing character: There is no l in font nullfont!
Missing character: There is no o in font nullfont!
Missing character: There is no t in font nullfont!
Missing character: There is no h in font nullfont!
Missing character: There is no e in font nullfont!
Missing character: There is no r in font nullfont!
Missing character: There is no d in font nullfont!
Missing character: There is no e in font nullfont!
Missing character: There is no t in font nullfont!
Missing character: There is no e in font nullfont!
Missing character: There is no c in font nullfont!
Missing character: There is no t in font nullfont!
Missing character: There is no i in font nullfont!
Missing character: There is no o in font nullfont!
Missing character: There is no n in font nullfont!
Missing character: There is no b in font nullfont!
Missing character: There is no o in font nullfont!
Missing character: There is no x in font nullfont!
Missing character: There is no e in font nullfont!
Missing character: There is no s in font nullfont!
Missing character: There is no w in font nullfont!
Missing character: There is no i in font nullfont!
Missing character: There is no t in font nullfont!
Missing character: There is no h in font nullfont!
Missing character: There is no a in font nullfont!
Missing character: There is no s in font nullfont!
Missing character: There is no i in font nullfont!
Missing character: There is no g in font nullfont!
Missing character: There is no n in font nullfont!
Missing character: There is no i in font nullfont!
Missing character: There is no f in font nullfont!
Missing character: There is no i in font nullfont!
Missing character: There is no c in font nullfont!
Missing character: There is no a in font nullfont!
Missing character: There is no n in font nullfont!
Missing character: There is no t in font nullfont!
Missing character: There is no o in font nullfont!
Missing character: There is no v in font nullfont!
Missing character: There is no e in font nullfont!
Missing character: There is no r in font nullfont!
Missing character: There is no l in font nullfont!
Missing character: There is no a in font nullfont!
Missing character: There is no p in font nullfont!
Missing character: There is no ( in font nullfont!
Missing character: There is no u in font nullfont!
Missing character: There is no s in font nullfont!
Missing character: There is no i in font nullfont!
Missing character: There is no n in font nullfont!
Missing character: There is no g in font nullfont!
Missing character: There is no a in font nullfont!
Missing character: There is no p in font nullfont!
Missing character: There is no r in font nullfont!
Missing character: There is no e in font nullfont!
Missing character: There is no - in font nullfont!
Missing character: There is no d in font nullfont!
Missing character: There is no e in font nullfont!
Missing character: There is no f in font nullfont!
Missing character: There is no i in font nullfont!
Missing character: There is no n in font nullfont!
Missing character: There is no e in font nullfont!
Missing character: There is no d in font nullfont!
Missing character: There is no t in font nullfont!
Missing character: There is no h in font nullfont!
Missing character: There is no r in font nullfont!
Missing character: There is no e in font nullfont!
Missing character: There is no s in font nullfont!
Missing character: There is no h in font nullfont!
Missing character: There is no o in font nullfont!
Missing character: There is no l in font nullfont!
Missing character: There is no d in font nullfont!
Missing character: There is no ) in font nullfont!
Missing character: There is no w in font nullfont!
Missing character: There is no i in font nullfont!
Missing character: There is no t in font nullfont!
Missing character: There is no h in font nullfont!
Missing character: There is no M in font nullfont!
Missing character: There is no a in font nullfont!
Missing character: There is no r in font nullfont!
Missing character: There is no e in font nullfont!
Missing character: There is no s in font nullfont!
Missing character: There is no u in font nullfont!
Missing character: There is no p in font nullfont!
Missing character: There is no p in font nullfont!
Missing character: There is no r in font nullfont!
Missing character: There is no e in font nullfont!
Missing character: There is no s in font nullfont!
Missing character: There is no s in font nullfont!
Missing character: There is no e in font nullfont!
Missing character: There is no d in font nullfont!
Missing character: There is no . in font nullfont!
Missing character: There is no T in font nullfont!
Missing character: There is no h in font nullfont!
Missing character: There is no i in font nullfont!
Missing character: There is no s in font nullfont!
Missing character: There is no p in font nullfont!
Missing character: There is no r in font nullfont!
Missing character: There is no o in font nullfont!
Missing character: There is no c in font nullfont!
Missing character: There is no e in font nullfont!
Missing character: There is no s in font nullfont!
Missing character: There is no s in font nullfont!
Missing character: There is no i in font nullfont!
Missing character: There is no s in font nullfont!
Missing character: There is no r in font nullfont!
Missing character: There is no e in font nullfont!
Missing character: There is no c in font nullfont!
Missing character: There is no u in font nullfont!
Missing character: There is no r in font nullfont!
Missing character: There is no s in font nullfont!
Missing character: There is no i in font nullfont!
Missing character: There is no v in font nullfont!
Missing character: There is no e in font nullfont!
Missing character: There is no l in font nullfont!
Missing character: There is no y in font nullfont!
Missing character: There is no a in font nullfont!
Missing character: There is no p in font nullfont!
Missing character: There is no p in font nullfont!
Missing character: There is no l in font nullfont!
Missing character: There is no i in font nullfont!
Missing character: There is no e in font nullfont!
Missing character: There is no d in font nullfont!
Missing character: There is no o in font nullfont!
Missing character: There is no n in font nullfont!
Missing character: There is no t in font nullfont!
Missing character: There is no h in font nullfont!
Missing character: There is no e in font nullfont!
Missing character: There is no r in font nullfont!
Missing character: There is no e in font nullfont!
Missing character: There is no m in font nullfont!
Missing character: There is no a in font nullfont!
Missing character: There is no i in font nullfont!
Missing character: There is no n in font nullfont!
Missing character: There is no i in font nullfont!
Missing character: There is no n in font nullfont!
Missing character: There is no g in font nullfont!
Missing character: There is no b in font nullfont!
Missing character: There is no o in font nullfont!
Missing character: There is no x in font nullfont!
Missing character: There is no e in font nullfont!
Missing character: There is no s in font nullfont!
Missing character: There is no . in font nullfont!

Overfull \hbox (20.0pt too wide) in paragraph at lines 5--6
[]
 []


! LaTeX Error: Missing \begin{document}.

See the LaTeX manual or LaTeX Companion for explanation.
Type  H <return>  for immediate help.
 ...                                              
                                                  
l.7 ÈÇ£
       ‰πà‰º†ÁªüÁöÑNMSÁÆóÊ≥ïÂ≠òÂú®‰ªÄ‰πàÈóÆÈ¢òÂë¢ÔºüÂèØ‰ª•ÁúãFigure1„ÄÇÂú®Fi...

You're in trouble here.  Try typing  <return>  to proceed.
If that doesn't work, type  X <return>  to quit.

Missing character: There is no ÈÇ£ in font nullfont!
Missing character: There is no ‰πà in font nullfont!
Missing character: There is no ‰º† in font nullfont!
Missing character: There is no Áªü in font nullfont!
Missing character: There is no ÁöÑ in font nullfont!
Missing character: There is no N in font nullfont!
Missing character: There is no M in font nullfont!
Missing character: There is no S in font nullfont!
Missing character: There is no ÁÆó in font nullfont!
Missing character: There is no Ê≥ï in font nullfont!
Missing character: There is no Â≠ò in font nullfont!
Missing character: There is no Âú® in font nullfont!
Missing character: There is no ‰ªÄ in font nullfont!
Missing character: There is no ‰πà in font nullfont!
Missing character: There is no ÈóÆ in font nullfont!
Missing character: There is no È¢ò in font nullfont!
Missing character: There is no Âë¢ in font nullfont!
Missing character: There is no Ôºü in font nullfont!
Missing character: There is no ÂèØ in font nullfont!
Missing character: There is no ‰ª• in font nullfont!
Missing character: There is no Áúã in font nullfont!
Missing character: There is no F in font nullfont!
Missing character: There is no i in font nullfont!
Missing character: There is no g in font nullfont!
Missing character: There is no u in font nullfont!
Missing character: There is no r in font nullfont!
Missing character: There is no e in font nullfont!
Missing character: There is no 1 in font nullfont!
Missing character: There is no „ÄÇ in font nullfont!
Missing character: There is no Âú® in font nullfont!
Missing character: There is no F in font nullfont!
Missing character: There is no i in font nullfont!
Missing character: There is no u in font nullfont!
Missing character: There is no g in font nullfont!
Missing character: There is no r in font nullfont!
Missing character: There is no e in font nullfont!
Missing character: There is no 1 in font nullfont!
Missing character: There is no ‰∏≠ in font nullfont!
Missing character: There is no Ôºå in font nullfont!
Missing character: There is no Ê£Ä in font nullfont!
Missing character: There is no Êµã in font nullfont!
Missing character: There is no ÁÆó in font nullfont!
Missing character: There is no Ê≥ï in font nullfont!
Missing character: There is no Êú¨ in font nullfont!
Missing character: There is no Êù• in font nullfont!
Missing character: There is no Â∫î in font nullfont!
Missing character: There is no ËØ• in font nullfont!
Missing character: There is no Ëæì in font nullfont!
Missing character: There is no Âá∫ in font nullfont!
Missing character: There is no ‰∏§ in font nullfont!
Missing character: There is no ‰∏™ in font nullfont!
Missing character: There is no Ê°Ü in font nullfont!
Missing character: There is no Ôºå in font nullfont!
Missing character: There is no ‰ΩÜ in font nullfont!
Missing character: There is no ÊòØ in font nullfont!
Missing character: There is no ‰º† in font nullfont!
Missing character: There is no Áªü in font nullfont!
Missing character: There is no ÁöÑ in font nullfont!
Missing character: There is no N in font nullfont!
Missing character: There is no M in font nullfont!
Missing character: There is no S in font nullfont!
Missing character: There is no ÁÆó in font nullfont!
Missing character: There is no Ê≥ï in font nullfont!
Missing character: There is no ÂèØ in font nullfont!
Missing character: There is no ËÉΩ in font nullfont!
Missing character: There is no ‰ºö in font nullfont!
Missing character: There is no Êää in font nullfont!
Missing character: There is no s in font nullfont!
Missing character: There is no c in font nullfont!
Missing character: There is no o in font nullfont!
Missing character: There is no r in font nullfont!
Missing character: There is no e in font nullfont!
Missing character: There is no ËæÉ in font nullfont!
Missing character: There is no ‰Ωé in font nullfont!
Missing character: There is no ÁöÑ in font nullfont!
Missing character: There is no Áªø in font nullfont!
Missing character: There is no Ê°Ü in font nullfont!
Missing character: There is no Ëøá in font nullfont!
Missing character: There is no Êª§ in font nullfont!
Missing character: There is no Êéâ in font nullfont!
Missing character: There is no ( in font nullfont!
Missing character: There is no Â¶Ç in font nullfont!
Missing character: There is no Êûú in font nullfont!
Missing character: There is no Áªø in font nullfont!
Missing character: There is no Ê°Ü in font nullfont!
Missing character: There is no Âíå in font nullfont!
Missing character: There is no Á∫¢ in font nullfont!
Missing character: There is no Ê°Ü in font nullfont!
Missing character: There is no ÁöÑ in font nullfont!
Missing character: There is no I in font nullfont!
Missing character: There is no O in font nullfont!
Missing character: There is no U in font nullfont!
Missing character: There is no Â§ß in font nullfont!
Missing character: There is no ‰∫é in font nullfont!
Missing character: There is no ËÆæ in font nullfont!
Missing character: There is no ÂÆö in font nullfont!
Missing character: There is no ÁöÑ in font nullfont!
Missing character: There is no Èòà in font nullfont!
Missing character: There is no ÂÄº in font nullfont!
Missing character: There is no Â∞± in font nullfont!
Missing character: There is no ‰ºö in font nullfont!
Missing character: There is no Ë¢´ in font nullfont!
Missing character: There is no Ëøá in font nullfont!
Missing character: There is no Êª§ in font nullfont!
Missing character: There is no Êéâ in font nullfont!
Missing character: There is no ) in font nullfont!
Missing character: There is no Ôºå in font nullfont!
Missing character: There is no ÂØº in font nullfont!
Missing character: There is no Ëá¥ in font nullfont!
Missing character: There is no Âè™ in font nullfont!
Missing character: There is no Ê£Ä in font nullfont!
Missing character: There is no Êµã in font nullfont!
Missing character: There is no Âá∫ in font nullfont!
Missing character: There is no ‰∏Ä in font nullfont!
Missing character: There is no ‰∏™ in font nullfont!
Missing character: There is no o in font nullfont!
Missing character: There is no b in font nullfont!
Missing character: There is no j in font nullfont!
Missing character: There is no e in font nullfont!
Missing character: There is no c in font nullfont!
Missing character: There is no t in font nullfont!
Missing character: There is no ( in font nullfont!
Missing character: There is no ‰∏Ä in font nullfont!
Missing character: There is no ‰∏™ in font nullfont!
Missing character: There is no È©¨ in font nullfont!
Missing character: There is no ) in font nullfont!
Missing character: There is no Ôºå in font nullfont!
Missing character: There is no Êòæ in font nullfont!
Missing character: There is no ÁÑ∂ in font nullfont!
Missing character: There is no Ëøô in font nullfont!
Missing character: There is no Ê†∑ in font nullfont!
Missing character: There is no o in font nullfont!
Missing character: There is no b in font nullfont!
Missing character: There is no j in font nullfont!
Missing character: There is no e in font nullfont!
Missing character: There is no c in font nullfont!
Missing character: There is no t in font nullfont!
Missing character: There is no ÁöÑ in font nullfont!
Missing character: There is no r in font nullfont!
Missing character: There is no e in font nullfont!
Missing character: There is no c in font nullfont!
Missing character: There is no a in font nullfont!
Missing character: There is no l in font nullfont!
Missing character: There is no l in font nullfont!
Missing character: There is no Â∞± in font nullfont!
Missing character: There is no ÊØî in font nullfont!
Missing character: There is no ËæÉ in font nullfont!
Missing character: There is no ‰Ωé in font nullfont!
Missing character: There is no ‰∫Ü in font nullfont!
Missing character: There is no „ÄÇ in font nullfont!
Missing character: There is no ÂèØ in font nullfont!
Missing character: There is no ‰ª• in font nullfont!
Missing character: There is no Áúã in font nullfont!
Missing character: There is no Âá∫ in font nullfont!
Missing character: There is no N in font nullfont!
Missing character: There is no M in font nullfont!
Missing character: There is no S in font nullfont!
Missing character: There is no ÁÆó in font nullfont!
Missing character: There is no Ê≥ï in font nullfont!
Missing character: There is no ÊòØ in font nullfont!
Missing character: There is no Áï• in font nullfont!
Missing character: There is no Êòæ in font nullfont!
Missing character: There is no Á≤ó in font nullfont!
Missing character: There is no Êö¥ in font nullfont!
Missing character: There is no ( in font nullfont!
Missing character: There is no h in font nullfont!
Missing character: There is no a in font nullfont!
Missing character: There is no r in font nullfont!
Missing character: There is no d in font nullfont!
Missing character: There is no ) in font nullfont!
Missing character: There is no Ôºå in font nullfont!
Missing character: There is no Âõ† in font nullfont!
Missing character: There is no ‰∏∫ in font nullfont!
Missing character: There is no N in font nullfont!
Missing character: There is no M in font nullfont!
Missing character: There is no S in font nullfont!
Missing character: There is no Áõ¥ in font nullfont!
Missing character: There is no Êé• in font nullfont!
Missing character: There is no Â∞Ü in font nullfont!
Missing character: There is no Âíå in font nullfont!
Missing character: There is no Âæó in font nullfont!
Missing character: There is no ÂàÜ in font nullfont!
Missing character: There is no ÊúÄ in font nullfont!
Missing character: There is no Â§ß in font nullfont!
Missing character: There is no ÁöÑ in font nullfont!
Missing character: There is no b in font nullfont!
Missing character: There is no o in font nullfont!
Missing character: There is no x in font nullfont!
Missing character: There is no ÁöÑ in font nullfont!
Missing character: There is no I in font nullfont!
Missing character: There is no O in font nullfont!
Missing character: There is no U in font nullfont!
Missing character: There is no Â§ß in font nullfont!
Missing character: There is no ‰∫é in font nullfont!
Missing character: There is no Êüê in font nullfont!
Missing character: There is no ‰∏™ in font nullfont!
Missing character: There is no Èòà in font nullfont!
Missing character: There is no ÂÄº in font nullfont!
Missing character: There is no ÁöÑ in font nullfont!
Missing character: There is no b in font nullfont!
Missing character: There is no o in font nullfont!
Missing character: There is no x in font nullfont!
Missing character: There is no ÁöÑ in font nullfont!
Missing character: There is no Âæó in font nullfont!
Missing character: There is no ÂàÜ in font nullfont!
Missing character: There is no ÁΩÆ in font nullfont!
Missing character: There is no Èõ∂ in font nullfont!
Missing character: There is no Ôºå in font nullfont!
Missing character: There is no ÈÇ£ in font nullfont!
Missing character: There is no ‰πà in font nullfont!
Missing character: There is no Êúâ in font nullfont!
Missing character: There is no Ê≤° in font nullfont!
Missing character: There is no Êúâ in font nullfont!
Missing character: There is no s in font nullfont!
Missing character: There is no o in font nullfont!
Missing character: There is no f in font nullfont!
Missing character: There is no t in font nullfont!
Missing character: There is no ‰∏Ä in font nullfont!
Missing character: There is no ÁÇπ in font nullfont!
Missing character: There is no ÁöÑ in font nullfont!
Missing character: There is no Êñπ in font nullfont!
Missing character: There is no Ê≥ï in font nullfont!
Missing character: There is no Âë¢ in font nullfont!
Missing character: There is no Ôºü in font nullfont!
Missing character: There is no Ëøô in font nullfont!
Missing character: There is no Â∞± in font nullfont!
Missing character: There is no ÊòØ in font nullfont!
Missing character: There is no Êú¨ in font nullfont!
Missing character: There is no Êñá in font nullfont!
Missing character: There is no Êèê in font nullfont!
Missing character: There is no Âá∫ in font nullfont!
Missing character: There is no S in font nullfont!
Missing character: There is no o in font nullfont!
Missing character: There is no f in font nullfont!
Missing character: There is no t in font nullfont!
Missing character: There is no N in font nullfont!
Missing character: There is no M in font nullfont!
Missing character: There is no S in font nullfont!
Missing character: There is no „ÄÇ in font nullfont!
Missing character: There is no ÈÇ£ in font nullfont!
Missing character: There is no ‰πà in font nullfont!
Missing character: There is no S in font nullfont!
Missing character: There is no o in font nullfont!
Missing character: There is no f in font nullfont!
Missing character: There is no t in font nullfont!
Missing character: There is no - in font nullfont!
Missing character: There is no N in font nullfont!
Missing character: There is no M in font nullfont!
Missing character: There is no S in font nullfont!
Missing character: There is no ÁÆó in font nullfont!
Missing character: There is no Ê≥ï in font nullfont!
Missing character: There is no Âà∞ in font nullfont!
Missing character: There is no Â∫ï in font nullfont!
Missing character: There is no ÊòØ in font nullfont!
Missing character: There is no ‰ªÄ in font nullfont!
Missing character: There is no ‰πà in font nullfont!
Missing character: There is no Ê†∑ in font nullfont!
Missing character: There is no Âë¢ in font nullfont!
Missing character: There is no Ôºü in font nullfont!
Missing character: There is no ÁÆÄ in font nullfont!
Missing character: There is no Âçï in font nullfont!
Missing character: There is no ËÆ≤ in font nullfont!
Missing character: There is no Â∞± in font nullfont!
Missing character: There is no ÊòØ in font nullfont!
Missing character: There is no Ôºö in font nullfont!

Overfull \hbox (20.0pt too wide) in paragraph at lines 7--9
[]
 []


! LaTeX Error: Missing \begin{document}.

See the LaTeX manual or LaTeX Companion for explanation.
Type  H <return>  for immediate help.
 ...                                              
                                                  
l.10 A
      n algorithm which decays the detection scores of all other objects as ...

You're in trouble here.  Try typing  <return>  to proceed.
If that doesn't work, type  X <return>  to quit.

Missing character: There is no A in font nullfont!
Missing character: There is no n in font nullfont!
Missing character: There is no a in font nullfont!
Missing character: There is no l in font nullfont!
Missing character: There is no g in font nullfont!
Missing character: There is no o in font nullfont!
Missing character: There is no r in font nullfont!
Missing character: There is no i in font nullfont!
Missing character: There is no t in font nullfont!
Missing character: There is no h in font nullfont!
Missing character: There is no m in font nullfont!
Missing character: There is no w in font nullfont!
Missing character: There is no h in font nullfont!
Missing character: There is no i in font nullfont!
Missing character: There is no c in font nullfont!
Missing character: There is no h in font nullfont!
Missing character: There is no d in font nullfont!
Missing character: There is no e in font nullfont!
Missing character: There is no c in font nullfont!
Missing character: There is no a in font nullfont!
Missing character: There is no y in font nullfont!
Missing character: There is no s in font nullfont!
Missing character: There is no t in font nullfont!
Missing character: There is no h in font nullfont!
Missing character: There is no e in font nullfont!
Missing character: There is no d in font nullfont!
Missing character: There is no e in font nullfont!
Missing character: There is no t in font nullfont!
Missing character: There is no e in font nullfont!
Missing character: There is no c in font nullfont!
Missing character: There is no t in font nullfont!
Missing character: There is no i in font nullfont!
Missing character: There is no o in font nullfont!
Missing character: There is no n in font nullfont!
Missing character: There is no s in font nullfont!
Missing character: There is no c in font nullfont!
Missing character: There is no o in font nullfont!
Missing character: There is no r in font nullfont!
Missing character: There is no e in font nullfont!
Missing character: There is no s in font nullfont!
Missing character: There is no o in font nullfont!
Missing character: There is no f in font nullfont!
Missing character: There is no a in font nullfont!
Missing character: There is no l in font nullfont!
Missing character: There is no l in font nullfont!
Missing character: There is no o in font nullfont!
Missing character: There is no t in font nullfont!
Missing character: There is no h in font nullfont!
Missing character: There is no e in font nullfont!
Missing character: There is no r in font nullfont!
Missing character: There is no o in font nullfont!
Missing character: There is no b in font nullfont!
Missing character: There is no j in font nullfont!
Missing character: There is no e in font nullfont!
Missing character: There is no c in font nullfont!
Missing character: There is no t in font nullfont!
Missing character: There is no s in font nullfont!
Missing character: There is no a in font nullfont!
Missing character: There is no s in font nullfont!
Missing character: There is no a in font nullfont!
Missing character: There is no c in font nullfont!
Missing character: There is no o in font nullfont!
Missing character: There is no n in font nullfont!
Missing character: There is no t in font nullfont!
Missing character: There is no i in font nullfont!
Missing character: There is no n in font nullfont!
Missing character: There is no u in font nullfont!
Missing character: There is no o in font nullfont!
Missing character: There is no u in font nullfont!
Missing character: There is no s in font nullfont!
Missing character: There is no f in font nullfont!
Missing character: There is no u in font nullfont!
Missing character: There is no n in font nullfont!
Missing character: There is no c in font nullfont!
Missing character: There is no t in font nullfont!
Missing character: There is no i in font nullfont!
Missing character: There is no o in font nullfont!
Missing character: There is no n in font nullfont!
Missing character: There is no o in font nullfont!
Missing character: There is no f in font nullfont!
Missing character: There is no t in font nullfont!
Missing character: There is no h in font nullfont!
Missing character: There is no e in font nullfont!
Missing character: There is no i in font nullfont!
Missing character: There is no r in font nullfont!
Missing character: There is no o in font nullfont!
Missing character: There is no v in font nullfont!
Missing character: There is no e in font nullfont!
Missing character: There is no r in font nullfont!
Missing character: There is no l in font nullfont!
Missing character: There is no a in font nullfont!
Missing character: There is no p in font nullfont!
Missing character: There is no w in font nullfont!
Missing character: There is no i in font nullfont!
Missing character: There is no t in font nullfont!
Missing character: There is no h in font nullfont!
Missing character: There is no M in font nullfont!
Missing character: There is no . in font nullfont!

Overfull \hbox (20.0pt too wide) in paragraph at lines 10--11
[]
 []


! LaTeX Error: Missing \begin{document}.

See the LaTeX manual or LaTeX Companion for explanation.
Type  H <return>  for immediate help.
 ...                                              
                                                  
l.12 Êç¢
        Âè•ËØùËØ¥Â∞±ÊòØÁî®Á®ç‰Ωé‰∏ÄÁÇπÁöÑÂàÜÊï∞Êù•‰ª£ÊõøÂéüÊúâÁöÑÂàÜÊï∞ÔºåËÄ...

You're in trouble here.  Try typing  <return>  to proceed.
If that doesn't work, type  X <return>  to quit.

Missing character: There is no Êç¢ in font nullfont!
Missing character: There is no Âè• in font nullfont!
Missing character: There is no ËØù in font nullfont!
Missing character: There is no ËØ¥ in font nullfont!
Missing character: There is no Â∞± in font nullfont!
Missing character: There is no ÊòØ in font nullfont!
Missing character: There is no Áî® in font nullfont!
Missing character: There is no Á®ç in font nullfont!
Missing character: There is no ‰Ωé in font nullfont!
Missing character: There is no ‰∏Ä in font nullfont!
Missing character: There is no ÁÇπ in font nullfont!
Missing character: There is no ÁöÑ in font nullfont!
Missing character: There is no ÂàÜ in font nullfont!
Missing character: There is no Êï∞ in font nullfont!
Missing character: There is no Êù• in font nullfont!
Missing character: There is no ‰ª£ in font nullfont!
Missing character: There is no Êõø in font nullfont!
Missing character: There is no Âéü in font nullfont!
Missing character: There is no Êúâ in font nullfont!
Missing character: There is no ÁöÑ in font nullfont!
Missing character: There is no ÂàÜ in font nullfont!
Missing character: There is no Êï∞ in font nullfont!
Missing character: There is no Ôºå in font nullfont!
Missing character: There is no ËÄå in font nullfont!
Missing character: There is no ‰∏ç in font nullfont!
Missing character: There is no ÊòØ in font nullfont!
Missing character: There is no Áõ¥ in font nullfont!
Missing character: There is no Êé• in font nullfont!
Missing character: There is no ÁΩÆ in font nullfont!
Missing character: There is no Èõ∂ in font nullfont!
Missing character: There is no „ÄÇ in font nullfont!
Missing character: There is no Âè¶ in font nullfont!
Missing character: There is no Â§ñ in font nullfont!
Missing character: There is no Áî± in font nullfont!
Missing character: There is no ‰∫é in font nullfont!
Missing character: There is no S in font nullfont!
Missing character: There is no o in font nullfont!
Missing character: There is no f in font nullfont!
Missing character: There is no t in font nullfont!
Missing character: There is no N in font nullfont!
Missing character: There is no M in font nullfont!
Missing character: There is no S in font nullfont!
Missing character: There is no ÂèØ in font nullfont!
Missing character: There is no ‰ª• in font nullfont!
Missing character: There is no Âæà in font nullfont!
Missing character: There is no Êñπ in font nullfont!
Missing character: There is no ‰æø in font nullfont!
Missing character: There is no Âú∞ in font nullfont!
Missing character: There is no Âºï in font nullfont!
Missing character: There is no ÂÖ• in font nullfont!
Missing character: There is no Âà∞ in font nullfont!
Missing character: There is no o in font nullfont!
Missing character: There is no b in font nullfont!
Missing character: There is no j in font nullfont!
Missing character: There is no e in font nullfont!
Missing character: There is no c in font nullfont!
Missing character: There is no t in font nullfont!
Missing character: There is no d in font nullfont!
Missing character: There is no e in font nullfont!
Missing character: There is no t in font nullfont!
Missing character: There is no e in font nullfont!
Missing character: There is no c in font nullfont!
Missing character: There is no t in font nullfont!
Missing character: There is no i in font nullfont!
Missing character: There is no o in font nullfont!
Missing character: There is no n in font nullfont!
Missing character: There is no ÁÆó in font nullfont!
Missing character: There is no Ê≥ï in font nullfont!
Missing character: There is no ‰∏≠ in font nullfont!
Missing character: There is no Ôºå in font nullfont!
Missing character: There is no ‰∏ç in font nullfont!
Missing character: There is no ÈúÄ in font nullfont!
Missing character: There is no Ë¶Å in font nullfont!
Missing character: There is no Èáç in font nullfont!
Missing character: There is no Êñ∞ in font nullfont!
Missing character: There is no ËÆ≠ in font nullfont!
Missing character: There is no ÁªÉ in font nullfont!
Missing character: There is no Âéü in font nullfont!
Missing character: There is no Êúâ in font nullfont!
Missing character: There is no ÁöÑ in font nullfont!
Missing character: There is no Ê®° in font nullfont!
Missing character: There is no Âûã in font nullfont!
Missing character: There is no Ôºå in font nullfont!
Missing character: There is no Âõ† in font nullfont!
Missing character: There is no Ê≠§ in font nullfont!
Missing character: There is no Ëøô in font nullfont!
Missing character: There is no ÊòØ in font nullfont!
Missing character: There is no ËØ• in font nullfont!
Missing character: There is no ÁÆó in font nullfont!
Missing character: There is no Ê≥ï in font nullfont!
Missing character: There is no ÁöÑ in font nullfont!
Missing character: There is no ‰∏Ä in font nullfont!
Missing character: There is no Â§ß in font nullfont!
Missing character: There is no ‰ºò in font nullfont!
Missing character: There is no ÁÇπ in font nullfont!
Missing character: There is no „ÄÇ in font nullfont!

Overfull \hbox (20.0pt too wide) in paragraph at lines 12--13
[]
 []


! LaTeX Error: Environment uscfigure undefined.

See the LaTeX manual or LaTeX Companion for explanation.
Type  H <return>  for immediate help.
 ...                                              
                                                  
l.14 \begin{uscfigure}
                      
Your command was ignored.
Type  I <command> <return>  to replace it with another command,
or  <return>  to continue without it.

! Undefined control sequence.
l.15 ^^I\includegraphics
                        [width=\textwidth]{./Pictures/soft-nms.jpeg}
The control sequence at the end of the top line
of your error message was never \def'ed. If you have
misspelled it (e.g., `\hobx'), type `I' and the correct
spelling (e.g., `I\hbox'). Otherwise just continue,
and I'll forget about whatever was undefined.


! LaTeX Error: Missing \begin{document}.

See the LaTeX manual or LaTeX Companion for explanation.
Type  H <return>  for immediate help.
 ...                                              
                                                  
l.15 ^^I\includegraphics[
                         width=\textwidth]{./Pictures/soft-nms.jpeg}
You're in trouble here.  Try typing  <return>  to proceed.
If that doesn't work, type  X <return>  to quit.

Missing character: There is no [ in font nullfont!
Missing character: There is no w in font nullfont!
Missing character: There is no i in font nullfont!
Missing character: There is no d in font nullfont!
Missing character: There is no t in font nullfont!
Missing character: There is no h in font nullfont!
Missing character: There is no = in font nullfont!
! Missing number, treated as zero.
<to be read again> 
                   ]
l.15 ^^I\includegraphics[width=\textwidth]
                                          {./Pictures/soft-nms.jpeg}
A number should have been here; I inserted `0'.
(If you can't figure out why I needed to see a number,
look up `weird error' in the index to The TeXbook.)

! Illegal unit of measure (pt inserted).
<to be read again> 
                   ]
l.15 ^^I\includegraphics[width=\textwidth]
                                          {./Pictures/soft-nms.jpeg}
Dimensions can be in units of em, ex, in, pt, pc,
cm, mm, dd, cc, bp, or sp; but yours is a new one!
I'll assume that you meant to say pt, for printer's points.
To recover gracefully from this error, it's best to
delete the erroneous units; e.g., type `2' to delete
two letters. (See Chapter 27 of The TeXbook.)

Missing character: There is no ] in font nullfont!
Missing character: There is no . in font nullfont!
Missing character: There is no / in font nullfont!
Missing character: There is no P in font nullfont!
Missing character: There is no i in font nullfont!
Missing character: There is no c in font nullfont!
Missing character: There is no t in font nullfont!
Missing character: There is no u in font nullfont!
Missing character: There is no r in font nullfont!
Missing character: There is no e in font nullfont!
Missing character: There is no s in font nullfont!
Missing character: There is no / in font nullfont!
Missing character: There is no s in font nullfont!
Missing character: There is no o in font nullfont!
Missing character: There is no f in font nullfont!
Missing character: There is no t in font nullfont!
Missing character: There is no - in font nullfont!
Missing character: There is no n in font nullfont!
Missing character: There is no m in font nullfont!
Missing character: There is no s in font nullfont!
Missing character: There is no . in font nullfont!
Missing character: There is no j in font nullfont!
Missing character: There is no p in font nullfont!
Missing character: There is no e in font nullfont!
Missing character: There is no g in font nullfont!

! LaTeX Error: \caption outside float.

See the LaTeX manual or LaTeX Companion for explanation.
Type  H <return>  for immediate help.
 ...                                              
                                                  
l.16 ^^I\caption
                {softnms}
You're in trouble here.  Try typing  <return>  to proceed.
If that doesn't work, type  X <return>  to quit.

Missing character: There is no s in font nullfont!
Missing character: There is no o in font nullfont!
Missing character: There is no f in font nullfont!
Missing character: There is no t in font nullfont!
Missing character: There is no n in font nullfont!
Missing character: There is no m in font nullfont!
Missing character: There is no s in font nullfont!

! LaTeX Error: \begin{document} ended by \end{uscfigure}.

See the LaTeX manual or LaTeX Companion for explanation.
Type  H <return>  for immediate help.
 ...                                              
                                                  
l.17 \end{uscfigure}
                    
Your command was ignored.
Type  I <command> <return>  to replace it with another command,
or  <return>  to continue without it.


Overfull \hbox (20.0pt too wide) in paragraph at lines 15--18
[]
 []


! LaTeX Error: Missing \begin{document}.

See the LaTeX manual or LaTeX Companion for explanation.
Type  H <return>  for immediate help.
 ...                                              
                                                  
l.19 ‰º†
        ÁªüÁöÑNMSÂ§ÑÁêÜÊñπÊ≥ïÂèØ‰ª•ÈÄöËøá‰ª•‰∏ãÁöÑÂàÜÊï∞Êô∫ÈáçÁΩÆÂáΩÊï∞(Resc...

You're in trouble here.  Try typing  <return>  to proceed.
If that doesn't work, type  X <return>  to quit.

Missing character: There is no ‰º† in font nullfont!
Missing character: There is no Áªü in font nullfont!
Missing character: There is no ÁöÑ in font nullfont!
Missing character: There is no N in font nullfont!
Missing character: There is no M in font nullfont!
Missing character: There is no S in font nullfont!
Missing character: There is no Â§Ñ in font nullfont!
Missing character: There is no ÁêÜ in font nullfont!
Missing character: There is no Êñπ in font nullfont!
Missing character: There is no Ê≥ï in font nullfont!
Missing character: There is no ÂèØ in font nullfont!
Missing character: There is no ‰ª• in font nullfont!
Missing character: There is no ÈÄö in font nullfont!
Missing character: There is no Ëøá in font nullfont!
Missing character: There is no ‰ª• in font nullfont!
Missing character: There is no ‰∏ã in font nullfont!
Missing character: There is no ÁöÑ in font nullfont!
Missing character: There is no ÂàÜ in font nullfont!
Missing character: There is no Êï∞ in font nullfont!
Missing character: There is no Êô∫ in font nullfont!
Missing character: There is no Èáç in font nullfont!
Missing character: There is no ÁΩÆ in font nullfont!
Missing character: There is no ÂáΩ in font nullfont!
Missing character: There is no Êï∞ in font nullfont!
Missing character: There is no ( in font nullfont!
Missing character: There is no R in font nullfont!
Missing character: There is no e in font nullfont!
Missing character: There is no s in font nullfont!
Missing character: There is no c in font nullfont!
Missing character: There is no o in font nullfont!
Missing character: There is no r in font nullfont!
Missing character: There is no i in font nullfont!
Missing character: There is no n in font nullfont!
Missing character: There is no g in font nullfont!
Missing character: There is no F in font nullfont!
Missing character: There is no u in font nullfont!
Missing character: There is no n in font nullfont!
Missing character: There is no c in font nullfont!
Missing character: There is no t in font nullfont!
Missing character: There is no i in font nullfont!
Missing character: There is no o in font nullfont!
Missing character: There is no n in font nullfont!
Missing character: There is no ) in font nullfont!
Missing character: There is no Êù• in font nullfont!
Missing character: There is no Ë°® in font nullfont!
Missing character: There is no Á§∫ in font nullfont!
Missing character: There is no Ôºö in font nullfont!

Overfull \hbox (20.0pt too wide) in paragraph at lines 19--20
[]
 []

LaTeX Font Info:    External font `cmex10' loaded for size
(Font)              <7> on input line 20.
LaTeX Font Info:    External font `cmex10' loaded for size
(Font)              <5> on input line 20.

! LaTeX Error: Environment aligned undefined.

See the LaTeX manual or LaTeX Companion for explanation.
Type  H <return>  for immediate help.
 ...                                              
                                                  
l.22 ^^I^^I\begin{aligned}
                          
Your command was ignored.
Type  I <command> <return>  to replace it with another command,
or  <return>  to continue without it.

! Misplaced alignment tab character &.
l.23 ^^I^^I&
             s_i , &iou (M,b_i) < N_t \\
I can't figure out why you would want to use a tab mark
here. If you just want an ampersand, the remedy is
simple: Just type `I\&' now. But if some right brace
up above has ended a previous alignment prematurely,
you're probably due for more error messages, and you
might try typing `S' now just to see what is salvageable.

! Misplaced alignment tab character &.
l.23 ^^I^^I& s_i , &
                    iou (M,b_i) < N_t \\
I can't figure out why you would want to use a tab mark
here. If you just want an ampersand, the remedy is
simple: Just type `I\&' now. But if some right brace
up above has ended a previous alignment prematurely,
you're probably due for more error messages, and you
might try typing `S' now just to see what is salvageable.

! Misplaced alignment tab character &.
<recently read> &
                 
l.24 ^^I^^I&
             0, ^^I&iou(M,b_i) \geq N_t
I can't figure out why you would want to use a tab mark
here. If you just want an ampersand, the remedy is
simple: Just type `I\&' now. But if some right brace
up above has ended a previous alignment prematurely,
you're probably due for more error messages, and you
might try typing `S' now just to see what is salvageable.

! Misplaced alignment tab character &.
l.24 ^^I^^I& 0, ^^I&
                    iou(M,b_i) \geq N_t
I can't figure out why you would want to use a tab mark
here. If you just want an ampersand, the remedy is
simple: Just type `I\&' now. But if some right brace
up above has ended a previous alignment prematurely,
you're probably due for more error messages, and you
might try typing `S' now just to see what is salvageable.


! LaTeX Error: \begin{equation} on input line 20 ended by \end{aligned}.

See the LaTeX manual or LaTeX Companion for explanation.
Type  H <return>  for immediate help.
 ...                                              
                                                  
l.25 ^^I^^I\end{aligned}
                        
Your command was ignored.
Type  I <command> <return>  to replace it with another command,
or  <return>  to continue without it.


Overfull \hbox (187.42558pt too wide) detected at line 27
\OML/cmm/m/it/10 s[] \OT1/cmr/m/n/10 = []
 []

Missing character: There is no Âú® in font nullfont!
Missing character: There is no Ëøô in font nullfont!
Missing character: There is no ‰∏™ in font nullfont!
Missing character: There is no ÂÖ¨ in font nullfont!
Missing character: There is no Âºè in font nullfont!
Missing character: There is no ‰∏≠ in font nullfont!
Missing character: There is no Ôºå in font nullfont!
Missing character: There is no N in font nullfont!
Missing character: There is no M in font nullfont!
Missing character: There is no S in font nullfont!
Missing character: There is no Èáá in font nullfont!
Missing character: There is no Áî® in font nullfont!
Missing character: There is no ‰∫Ü in font nullfont!
Missing character: There is no Á°¨ in font nullfont!
Missing character: There is no Èòà in font nullfont!
Missing character: There is no ÂÄº in font nullfont!
Missing character: There is no Êù• in font nullfont!
Missing character: There is no Âà§ in font nullfont!
Missing character: There is no Êñ≠ in font nullfont!
Missing character: There is no Áõ∏ in font nullfont!
Missing character: There is no ÈÇª in font nullfont!
Missing character: There is no Ê£Ä in font nullfont!
Missing character: There is no Êµã in font nullfont!
Missing character: There is no Ê°Ü in font nullfont!
Missing character: There is no ÊòØ in font nullfont!
Missing character: There is no Âê¶ in font nullfont!
Missing character: There is no ‰øù in font nullfont!
Missing character: There is no Áïô in font nullfont!
Missing character: There is no „ÄÇ in font nullfont!
Missing character: There is no ‰ΩÜ in font nullfont!
Missing character: There is no ÊòØ in font nullfont!
Missing character: There is no Ôºå in font nullfont!
Missing character: There is no Êç¢ in font nullfont!
Missing character: There is no ‰∏Ä in font nullfont!
Missing character: There is no Áßç in font nullfont!
Missing character: There is no Êñπ in font nullfont!
Missing character: There is no Ê≥ï in font nullfont!
Missing character: There is no Ôºå in font nullfont!
Missing character: There is no ÂÅá in font nullfont!
Missing character: There is no ËÆæ in font nullfont!
Missing character: There is no Êàë in font nullfont!
Missing character: There is no ‰ª¨ in font nullfont!
Missing character: There is no ÂØπ in font nullfont!
Missing character: There is no ‰∏Ä in font nullfont!
Missing character: There is no ‰∏™ in font nullfont!
Missing character: There is no ‰∏é in font nullfont!
Missing character: There is no M in font nullfont!
Missing character: There is no È´ò in font nullfont!
Missing character: There is no Â∫¶ in font nullfont!
Missing character: There is no Èáç in font nullfont!
Missing character: There is no Âè† in font nullfont!
Missing character: There is no ÁöÑ in font nullfont!
Missing character: There is no Ê£Ä in font nullfont!
Missing character: There is no Êµã in font nullfont!
Missing character: There is no Ê°Ü in font nullfont!
Missing character: There is no ÁöÑ in font nullfont!
Missing character: There is no Ê£Ä in font nullfont!
Missing character: There is no Êµã in font nullfont!
Missing character: There is no ÂàÜ in font nullfont!
Missing character: There is no Êï∞ in font nullfont!
Missing character: There is no Ëøõ in font nullfont!
Missing character: There is no Ë°å in font nullfont!
Missing character: There is no Ë°∞ in font nullfont!
Missing character: There is no Âáè in font nullfont!
Missing character: There is no Ôºå in font nullfont!
Missing character: There is no ËÄå in font nullfont!
Missing character: There is no Èùû in font nullfont!
Missing character: There is no ÂÖ® in font nullfont!
Missing character: There is no ÈÉ® in font nullfont!
Missing character: There is no Êäë in font nullfont!
Missing character: There is no Âà∂ in font nullfont!
Missing character: There is no „ÄÇ in font nullfont!
Missing character: There is no Â¶Ç in font nullfont!
Missing character: There is no Êûú in font nullfont!
Missing character: There is no Ê£Ä in font nullfont!
Missing character: There is no Êµã in font nullfont!
Missing character: There is no Ê°Ü in font nullfont!
Missing character: There is no ‰∏≠ in font nullfont!
Missing character: There is no ÂåÖ in font nullfont!
Missing character: There is no Âê´ in font nullfont!
Missing character: There is no ‰∏ç in font nullfont!
Missing character: There is no Âêå in font nullfont!
Missing character: There is no ‰∫é in font nullfont!
Missing character: There is no M in font nullfont!
Missing character: There is no ‰∏≠ in font nullfont!
Missing character: There is no ÁöÑ in font nullfont!
Missing character: There is no Áâ© in font nullfont!
Missing character: There is no ‰Ωì in font nullfont!
Missing character: There is no Ôºå in font nullfont!
Missing character: There is no ÈÇ£ in font nullfont!
Missing character: There is no ‰πà in font nullfont!
Missing character: There is no Âú® in font nullfont!
Missing character: There is no Ê£Ä in font nullfont!
Missing character: There is no Êµã in font nullfont!
Missing character: There is no Èòà in font nullfont!
Missing character: There is no ÂÄº in font nullfont!
Missing character: There is no ÊØî in font nullfont!
Missing character: There is no ËæÉ in font nullfont!
Missing character: There is no ‰Ωé in font nullfont!
Missing character: There is no ÁöÑ in font nullfont!
Missing character: There is no ÊÉÖ in font nullfont!
Missing character: There is no ÂÜµ in font nullfont!
Missing character: There is no ‰∏ã in font nullfont!
Missing character: There is no Ôºå in font nullfont!
Missing character: There is no ËØ• in font nullfont!
Missing character: There is no Áâ© in font nullfont!
Missing character: There is no ‰Ωì in font nullfont!
Missing character: There is no Âπ∂ in font nullfont!
Missing character: There is no ‰∏ç in font nullfont!
Missing character: There is no ‰ºö in font nullfont!
Missing character: There is no Èîô in font nullfont!
Missing character: There is no Ëøá in font nullfont!
Missing character: There is no Ê£Ä in font nullfont!
Missing character: There is no Êµã in font nullfont!
Missing character: There is no „ÄÇ in font nullfont!
Missing character: There is no ‰ΩÜ in font nullfont!
Missing character: There is no ÊòØ in font nullfont!
Missing character: There is no Ôºå in font nullfont!
Missing character: There is no Â¶Ç in font nullfont!
Missing character: There is no Êûú in font nullfont!
Missing character: There is no ‰∏≠ in font nullfont!
Missing character: There is no Âπ∂ in font nullfont!
Missing character: There is no ‰∏ç in font nullfont!
Missing character: There is no ÂåÖ in font nullfont!
Missing character: There is no Âê´ in font nullfont!
Missing character: There is no ‰ªª in font nullfont!
Missing character: There is no ‰Ωï in font nullfont!
Missing character: There is no Áâ© in font nullfont!
Missing character: There is no ‰Ωì in font nullfont!
Missing character: There is no Ôºå in font nullfont!
Missing character: There is no Âç≥ in font nullfont!
Missing character: There is no ‰Ωø in font nullfont!
Missing character: There is no Âú® in font nullfont!
Missing character: There is no Ë°∞ in font nullfont!
Missing character: There is no Âáè in font nullfont!
Missing character: There is no Ëøá in font nullfont!
Missing character: There is no Âêé in font nullfont!
Missing character: There is no Ôºå in font nullfont!
Missing character: There is no ÁöÑ in font nullfont!
Missing character: There is no ÂàÜ in font nullfont!
Missing character: There is no Êï∞ in font nullfont!
Missing character: There is no ‰ªç in font nullfont!
Missing character: There is no ÁÑ∂ in font nullfont!
Missing character: There is no ËæÉ in font nullfont!
Missing character: There is no È´ò in font nullfont!
Missing character: There is no Ôºå in font nullfont!
Missing character: There is no ÂÆÉ in font nullfont!
Missing character: There is no Ëøò in font nullfont!
Missing character: There is no ÊòØ in font nullfont!
Missing character: There is no ‰ºö in font nullfont!
Missing character: There is no ‰∫ß in font nullfont!
Missing character: There is no Áîü in font nullfont!
Missing character: There is no ‰∏Ä in font nullfont!
Missing character: There is no ‰∏™ in font nullfont!
Missing character: There is no ÂÅá in font nullfont!
Missing character: There is no Èò≥ in font nullfont!
Missing character: There is no ÊÄß in font nullfont!
Missing character: There is no ÁöÑ in font nullfont!
Missing character: There is no Áªì in font nullfont!
Missing character: There is no Êûú in font nullfont!
Missing character: There is no Ôºå in font nullfont!
Missing character: There is no Âõ† in font nullfont!
Missing character: There is no Ê≠§ in font nullfont!
Missing character: There is no Ôºå in font nullfont!
Missing character: There is no Âú® in font nullfont!
Missing character: There is no ‰Ωø in font nullfont!
Missing character: There is no Áî® in font nullfont!
Missing character: There is no N in font nullfont!
Missing character: There is no M in font nullfont!
Missing character: There is no S in font nullfont!
Missing character: There is no ÂÅö in font nullfont!
Missing character: There is no Áâ© in font nullfont!
Missing character: There is no ‰Ωì in font nullfont!
Missing character: There is no Â§Ñ in font nullfont!
Missing character: There is no ÁêÜ in font nullfont!
Missing character: There is no ÁöÑ in font nullfont!
Missing character: There is no Êó∂ in font nullfont!
Missing character: There is no ÂÄô in font nullfont!
Missing character: There is no Ôºå in font nullfont!
Missing character: There is no ÈúÄ in font nullfont!
Missing character: There is no Ë¶Å in font nullfont!
Missing character: There is no Ê≥® in font nullfont!
Missing character: There is no ÊÑè in font nullfont!
Missing character: There is no ‰ª• in font nullfont!
Missing character: There is no ‰∏ã in font nullfont!
Missing character: There is no Âá† in font nullfont!
Missing character: There is no ÁÇπ in font nullfont!
Missing character: There is no Ôºö in font nullfont!

Overfull \hbox (30.48376pt too wide) in paragraph at lines 27--29
$\OML/cmm/m/it/10 b[]$$b[]$$b[]$$b[]$ 
 []


! LaTeX Error: Missing \begin{document}.

See the LaTeX manual or LaTeX Companion for explanation.
Type  H <return>  for immediate help.
 ...                                              
                                                  
l.30 1
      „ÄÅÁõ∏ÈÇªÊ£ÄÊµãÊ°ÜÁöÑÊ£ÄÊµãÂàÜÊï∞Â∫îËØ•Ë¢´Èôç‰ΩéÔºå‰ªéËÄåÂáèÂ∞ëÂÅáÈò≥Ê...

You're in trouble here.  Try typing  <return>  to proceed.
If that doesn't work, type  X <return>  to quit.

Missing character: There is no 1 in font nullfont!
Missing character: There is no „ÄÅ in font nullfont!
Missing character: There is no Áõ∏ in font nullfont!
Missing character: There is no ÈÇª in font nullfont!
Missing character: There is no Ê£Ä in font nullfont!
Missing character: There is no Êµã in font nullfont!
Missing character: There is no Ê°Ü in font nullfont!
Missing character: There is no ÁöÑ in font nullfont!
Missing character: There is no Ê£Ä in font nullfont!
Missing character: There is no Êµã in font nullfont!
Missing character: There is no ÂàÜ in font nullfont!
Missing character: There is no Êï∞ in font nullfont!
Missing character: There is no Â∫î in font nullfont!
Missing character: There is no ËØ• in font nullfont!
Missing character: There is no Ë¢´ in font nullfont!
Missing character: There is no Èôç in font nullfont!
Missing character: There is no ‰Ωé in font nullfont!
Missing character: There is no Ôºå in font nullfont!
Missing character: There is no ‰ªé in font nullfont!
Missing character: There is no ËÄå in font nullfont!
Missing character: There is no Âáè in font nullfont!
Missing character: There is no Â∞ë in font nullfont!
Missing character: There is no ÂÅá in font nullfont!
Missing character: There is no Èò≥ in font nullfont!
Missing character: There is no ÊÄß in font nullfont!
Missing character: There is no Áªì in font nullfont!
Missing character: There is no Êûú in font nullfont!
Missing character: There is no Ôºå in font nullfont!
Missing character: There is no ‰ΩÜ in font nullfont!
Missing character: There is no ÊòØ in font nullfont!
Missing character: There is no Ôºå in font nullfont!
Missing character: There is no Ë°∞ in font nullfont!
Missing character: There is no Âáè in font nullfont!
Missing character: There is no Âêé in font nullfont!
Missing character: There is no ÁöÑ in font nullfont!
Missing character: There is no ÂàÜ in font nullfont!
Missing character: There is no Êï∞ in font nullfont!
Missing character: There is no ‰ªç in font nullfont!
Missing character: There is no ÁÑ∂ in font nullfont!
Missing character: There is no Â∫î in font nullfont!
Missing character: There is no ËØ• in font nullfont!
Missing character: There is no ÊØî in font nullfont!
Missing character: There is no Êòé in font nullfont!
Missing character: There is no Êòæ in font nullfont!
Missing character: There is no ÁöÑ in font nullfont!
Missing character: There is no ÂÅá in font nullfont!
Missing character: There is no Èò≥ in font nullfont!
Missing character: There is no ÊÄß in font nullfont!
Missing character: There is no Áªì in font nullfont!
Missing character: There is no Êûú in font nullfont!
Missing character: There is no Ë¶Å in font nullfont!
Missing character: There is no È´ò in font nullfont!
Missing character: There is no „ÄÇ in font nullfont!

Overfull \hbox (20.0pt too wide) in paragraph at lines 30--31
[] 
 []


! LaTeX Error: Missing \begin{document}.

See the LaTeX manual or LaTeX Companion for explanation.
Type  H <return>  for immediate help.
 ...                                              
                                                  
l.32 2
      „ÄÅÈÄöËøáËæÉ‰ΩéÁöÑNMSÈáçÂè†ÈòàÂÄºÊù•ÁßªÈô§ÊâÄÊúâÁõ∏ÈÇªÊ£ÄÊµãÊ°ÜÂπ∂‰∏çÊ...

You're in trouble here.  Try typing  <return>  to proceed.
If that doesn't work, type  X <return>  to quit.

Missing character: There is no 2 in font nullfont!
Missing character: There is no „ÄÅ in font nullfont!
Missing character: There is no ÈÄö in font nullfont!
Missing character: There is no Ëøá in font nullfont!
Missing character: There is no ËæÉ in font nullfont!
Missing character: There is no ‰Ωé in font nullfont!
Missing character: There is no ÁöÑ in font nullfont!
Missing character: There is no N in font nullfont!
Missing character: There is no M in font nullfont!
Missing character: There is no S in font nullfont!
Missing character: There is no Èáç in font nullfont!
Missing character: There is no Âè† in font nullfont!
Missing character: There is no Èòà in font nullfont!
Missing character: There is no ÂÄº in font nullfont!
Missing character: There is no Êù• in font nullfont!
Missing character: There is no Áßª in font nullfont!
Missing character: There is no Èô§ in font nullfont!
Missing character: There is no ÊâÄ in font nullfont!
Missing character: There is no Êúâ in font nullfont!
Missing character: There is no Áõ∏ in font nullfont!
Missing character: There is no ÈÇª in font nullfont!
Missing character: There is no Ê£Ä in font nullfont!
Missing character: There is no Êµã in font nullfont!
Missing character: There is no Ê°Ü in font nullfont!
Missing character: There is no Âπ∂ in font nullfont!
Missing character: There is no ‰∏ç in font nullfont!
Missing character: There is no ÊòØ in font nullfont!
Missing character: There is no ÊúÄ in font nullfont!
Missing character: There is no ‰ºò in font nullfont!
Missing character: There is no Ëß£ in font nullfont!
Missing character: There is no Ôºå in font nullfont!
Missing character: There is no Âπ∂ in font nullfont!
Missing character: There is no ‰∏î in font nullfont!
Missing character: There is no Âæà in font nullfont!
Missing character: There is no ÂÆπ in font nullfont!
Missing character: There is no Êòì in font nullfont!
Missing character: There is no ÂØº in font nullfont!
Missing character: There is no Ëá¥ in font nullfont!
Missing character: There is no Èîô in font nullfont!
Missing character: There is no Ëøá in font nullfont!
Missing character: There is no Ë¢´ in font nullfont!
Missing character: There is no Ê£Ä in font nullfont!
Missing character: There is no Êµã in font nullfont!
Missing character: There is no Áâ© in font nullfont!
Missing character: There is no ‰Ωì in font nullfont!
Missing character: There is no Ôºå in font nullfont!
Missing character: There is no Áâπ in font nullfont!
Missing character: There is no Âà´ in font nullfont!
Missing character: There is no ÊòØ in font nullfont!
Missing character: There is no Âú® in font nullfont!
Missing character: There is no Áâ© in font nullfont!
Missing character: There is no ‰Ωì in font nullfont!
Missing character: There is no È´ò in font nullfont!
Missing character: There is no Â∫¶ in font nullfont!
Missing character: There is no Èáç in font nullfont!
Missing character: There is no Âè† in font nullfont!
Missing character: There is no ÁöÑ in font nullfont!
Missing character: There is no Âú∞ in font nullfont!
Missing character: There is no Êñπ in font nullfont!
Missing character: There is no „ÄÇ in font nullfont!

Overfull \hbox (20.0pt too wide) in paragraph at lines 32--33
[] 
 []


! LaTeX Error: Missing \begin{document}.

See the LaTeX manual or LaTeX Companion for explanation.
Type  H <return>  for immediate help.
 ...                                              
                                                  
l.34 3
      „ÄÅÂΩìNMSÈááÁî®‰∏Ä‰∏™ËæÉÈ´òÁöÑÈáçÂè†ÈòàÂÄºÊó∂ÔºåÂπ≥ÂùáÂáÜÁ°ÆÁéáÂèØËÉΩ‰...

You're in trouble here.  Try typing  <return>  to proceed.
If that doesn't work, type  X <return>  to quit.

Missing character: There is no 3 in font nullfont!
Missing character: There is no „ÄÅ in font nullfont!
Missing character: There is no ÂΩì in font nullfont!
Missing character: There is no N in font nullfont!
Missing character: There is no M in font nullfont!
Missing character: There is no S in font nullfont!
Missing character: There is no Èáá in font nullfont!
Missing character: There is no Áî® in font nullfont!
Missing character: There is no ‰∏Ä in font nullfont!
Missing character: There is no ‰∏™ in font nullfont!
Missing character: There is no ËæÉ in font nullfont!
Missing character: There is no È´ò in font nullfont!
Missing character: There is no ÁöÑ in font nullfont!
Missing character: There is no Èáç in font nullfont!
Missing character: There is no Âè† in font nullfont!
Missing character: There is no Èòà in font nullfont!
Missing character: There is no ÂÄº in font nullfont!
Missing character: There is no Êó∂ in font nullfont!
Missing character: There is no Ôºå in font nullfont!
Missing character: There is no Âπ≥ in font nullfont!
Missing character: There is no Âùá in font nullfont!
Missing character: There is no ÂáÜ in font nullfont!
Missing character: There is no Á°Æ in font nullfont!
Missing character: There is no Áéá in font nullfont!
Missing character: There is no ÂèØ in font nullfont!
Missing character: There is no ËÉΩ in font nullfont!
Missing character: There is no ‰ºö in font nullfont!
Missing character: There is no Áõ∏ in font nullfont!
Missing character: There is no Â∫î in font nullfont!
Missing character: There is no Èôç in font nullfont!
Missing character: There is no ‰Ωé in font nullfont!
Missing character: There is no „ÄÇ in font nullfont!

Overfull \hbox (20.0pt too wide) in paragraph at lines 34--35
[] 
 []


! LaTeX Error: Missing \begin{document}.

See the LaTeX manual or LaTeX Companion for explanation.
Type  H <return>  for immediate help.
 ...                                              
                                                  
l.36 ÂÄº
        ÂæóÊ≥®ÊÑèÁöÑÊòØÔºåsoft-NMS‰πüÊòØ‰∏ÄÁßçË¥™ÂøÉÁÆóÊ≥ïÔºåÂπ∂‰∏çËÉΩ‰øùËØÅ...

You're in trouble here.  Try typing  <return>  to proceed.
If that doesn't work, type  X <return>  to quit.

Missing character: There is no ÂÄº in font nullfont!
Missing character: There is no Âæó in font nullfont!
Missing character: There is no Ê≥® in font nullfont!
Missing character: There is no ÊÑè in font nullfont!
Missing character: There is no ÁöÑ in font nullfont!
Missing character: There is no ÊòØ in font nullfont!
Missing character: There is no Ôºå in font nullfont!
Missing character: There is no s in font nullfont!
Missing character: There is no o in font nullfont!
Missing character: There is no f in font nullfont!
Missing character: There is no t in font nullfont!
Missing character: There is no - in font nullfont!
Missing character: There is no N in font nullfont!
Missing character: There is no M in font nullfont!
Missing character: There is no S in font nullfont!
Missing character: There is no ‰πü in font nullfont!
Missing character: There is no ÊòØ in font nullfont!
Missing character: There is no ‰∏Ä in font nullfont!
Missing character: There is no Áßç in font nullfont!
Missing character: There is no Ë¥™ in font nullfont!
Missing character: There is no ÂøÉ in font nullfont!
Missing character: There is no ÁÆó in font nullfont!
Missing character: There is no Ê≥ï in font nullfont!
Missing character: There is no Ôºå in font nullfont!
Missing character: There is no Âπ∂ in font nullfont!
Missing character: There is no ‰∏ç in font nullfont!
Missing character: There is no ËÉΩ in font nullfont!
Missing character: There is no ‰øù in font nullfont!
Missing character: There is no ËØÅ in font nullfont!
Missing character: There is no Êâæ in font nullfont!
Missing character: There is no Âà∞ in font nullfont!
Missing character: There is no ÂÖ® in font nullfont!
Missing character: There is no Â±Ä in font nullfont!
Missing character: There is no ÊúÄ in font nullfont!
Missing character: There is no ‰ºò in font nullfont!
Missing character: There is no ÁöÑ in font nullfont!
Missing character: There is no Ê£Ä in font nullfont!
Missing character: There is no Êµã in font nullfont!
Missing character: There is no Ê°Ü in font nullfont!
Missing character: There is no ÂàÜ in font nullfont!
Missing character: There is no Êï∞ in font nullfont!
Missing character: There is no Èáç in font nullfont!
Missing character: There is no ÁΩÆ in font nullfont!
Missing character: There is no „ÄÇ in font nullfont!
Missing character: There is no ‰ΩÜ in font nullfont!
Missing character: There is no ÊòØ in font nullfont!
Missing character: There is no Ôºå in font nullfont!
Missing character: There is no s in font nullfont!
Missing character: There is no o in font nullfont!
Missing character: There is no f in font nullfont!
Missing character: There is no t in font nullfont!
Missing character: There is no - in font nullfont!
Missing character: There is no N in font nullfont!
Missing character: There is no M in font nullfont!
Missing character: There is no S in font nullfont!
Missing character: There is no ÁÆó in font nullfont!
Missing character: There is no Ê≥ï in font nullfont!
Missing character: There is no ÊòØ in font nullfont!
Missing character: There is no ‰∏Ä in font nullfont!
Missing character: There is no Áßç in font nullfont!
Missing character: There is no Êõ¥ in font nullfont!
Missing character: There is no Âä† in font nullfont!
Missing character: There is no ÈÄö in font nullfont!
Missing character: There is no Áî® in font nullfont!
Missing character: There is no ÁöÑ in font nullfont!
Missing character: There is no Èùû in font nullfont!
Missing character: There is no ÊúÄ in font nullfont!
Missing character: There is no Â§ß in font nullfont!
Missing character: There is no Êäë in font nullfont!
Missing character: There is no Âà∂ in font nullfont!
Missing character: There is no ÁÆó in font nullfont!
Missing character: There is no Ê≥ï in font nullfont!
Missing character: There is no Ôºå in font nullfont!
Missing character: There is no ‰º† in font nullfont!
Missing character: There is no Áªü in font nullfont!
Missing character: There is no ÁöÑ in font nullfont!
Missing character: There is no N in font nullfont!
Missing character: There is no M in font nullfont!
Missing character: There is no S in font nullfont!
Missing character: There is no ÁÆó in font nullfont!
Missing character: There is no Ê≥ï in font nullfont!
Missing character: There is no ÂèØ in font nullfont!
Missing character: There is no ‰ª• in font nullfont!
Missing character: There is no Áúã in font nullfont!
Missing character: There is no ÂÅö in font nullfont!
Missing character: There is no ÊòØ in font nullfont!
Missing character: There is no ÂÆÉ in font nullfont!
Missing character: There is no ÁöÑ in font nullfont!
Missing character: There is no ‰∏Ä in font nullfont!
Missing character: There is no ‰∏™ in font nullfont!
Missing character: There is no Èáá in font nullfont!
Missing character: There is no Áî® in font nullfont!
Missing character: There is no ‰∏ç in font nullfont!
Missing character: There is no Ëøû in font nullfont!
Missing character: There is no Áª≠ in font nullfont!
Missing character: There is no ‰∫å in font nullfont!
Missing character: There is no ÂÄº in font nullfont!
Missing character: There is no ÊùÉ in font nullfont!
Missing character: There is no Èáç in font nullfont!
Missing character: There is no ÂáΩ in font nullfont!
Missing character: There is no Êï∞ in font nullfont!
Missing character: There is no ÁöÑ in font nullfont!
Missing character: There is no Áâπ in font nullfont!
Missing character: There is no ‰æã in font nullfont!
Missing character: There is no „ÄÇ in font nullfont!
Missing character: There is no Èô§ in font nullfont!
Missing character: There is no ‰∫Ü in font nullfont!
Missing character: There is no ‰ª• in font nullfont!
Missing character: There is no ‰∏ä in font nullfont!
Missing character: There is no Ëøô in font nullfont!
Missing character: There is no ‰∏§ in font nullfont!
Missing character: There is no Áßç in font nullfont!
Missing character: There is no ÂàÜ in font nullfont!
Missing character: There is no Êï∞ in font nullfont!
Missing character: There is no Èáç in font nullfont!
Missing character: There is no ÁΩÆ in font nullfont!
Missing character: There is no ÂáΩ in font nullfont!
Missing character: There is no Êï∞ in font nullfont!
Missing character: There is no Ôºå in font nullfont!
Missing character: There is no Êàë in font nullfont!
Missing character: There is no ‰ª¨ in font nullfont!
Missing character: There is no ‰πü in font nullfont!
Missing character: There is no ÂèØ in font nullfont!
Missing character: There is no ‰ª• in font nullfont!
Missing character: There is no ËÄÉ in font nullfont!
Missing character: There is no Ëôë in font nullfont!
Missing character: There is no ÂºÄ in font nullfont!
Missing character: There is no Âèë in font nullfont!
Missing character: There is no ÂÖ∂ in font nullfont!
Missing character: There is no ‰ªñ in font nullfont!
Missing character: There is no ÂåÖ in font nullfont!
Missing character: There is no Âê´ in font nullfont!
Missing character: There is no Êõ¥ in font nullfont!
Missing character: There is no Â§ö in font nullfont!
Missing character: There is no ÂèÇ in font nullfont!
Missing character: There is no Êï∞ in font nullfont!
Missing character: There is no ÁöÑ in font nullfont!
Missing character: There is no ÂàÜ in font nullfont!
Missing character: There is no Êï∞ in font nullfont!
Missing character: There is no Èáç in font nullfont!
Missing character: There is no ÁΩÆ in font nullfont!
Missing character: There is no ÂáΩ in font nullfont!
Missing character: There is no Êï∞ in font nullfont!
Missing character: There is no Ôºå in font nullfont!
Missing character: There is no ÊØî in font nullfont!
Missing character: There is no Â¶Ç in font nullfont!
Missing character: There is no G in font nullfont!
Missing character: There is no o in font nullfont!
Missing character: There is no m in font nullfont!
Missing character: There is no p in font nullfont!
Missing character: There is no e in font nullfont!
Missing character: There is no r in font nullfont!
Missing character: There is no t in font nullfont!
Missing character: There is no z in font nullfont!
Missing character: There is no ÂáΩ in font nullfont!
Missing character: There is no Êï∞ in font nullfont!
Missing character: There is no Á≠â in font nullfont!
Missing character: There is no „ÄÇ in font nullfont!
Missing character: There is no ‰ΩÜ in font nullfont!
Missing character: There is no ÊòØ in font nullfont!
Missing character: There is no ÂÆÉ in font nullfont!
Missing character: There is no ‰ª¨ in font nullfont!
Missing character: There is no Âú® in font nullfont!
Missing character: There is no ÂÆå in font nullfont!
Missing character: There is no Êàê in font nullfont!
Missing character: There is no ÂàÜ in font nullfont!
Missing character: There is no Êï∞ in font nullfont!
Missing character: There is no Èáç in font nullfont!
Missing character: There is no ÁΩÆ in font nullfont!
Missing character: There is no ÁöÑ in font nullfont!
Missing character: There is no Ëøá in font nullfont!
Missing character: There is no Á®ã in font nullfont!
Missing character: There is no ‰∏≠ in font nullfont!
Missing character: There is no Â¢û in font nullfont!
Missing character: There is no Âä† in font nullfont!
Missing character: There is no ‰∫Ü in font nullfont!
Missing character: There is no È¢ù in font nullfont!
Missing character: There is no Â§ñ in font nullfont!
Missing character: There is no ÁöÑ in font nullfont!
Missing character: There is no ÂèÇ in font nullfont!
Missing character: There is no Êï∞ in font nullfont!
Missing character: There is no „ÄÇ in font nullfont!
! Undefined control sequence.
l.37 \subsubsection
                   {Êï∞ÊçÆÂ¢ûÂº∫}
The control sequence at the end of the top line
of your error message was never \def'ed. If you have
misspelled it (e.g., `\hobx'), type `I' and the correct
spelling (e.g., `I\hbox'). Otherwise just continue,
and I'll forget about whatever was undefined.

Missing character: There is no Êï∞ in font nullfont!
Missing character: There is no ÊçÆ in font nullfont!
Missing character: There is no Â¢û in font nullfont!
Missing character: There is no Âº∫ in font nullfont!
Missing character: There is no Èáá in font nullfont!
Missing character: There is no Áî® in font nullfont!
Missing character: There is no Êï∞ in font nullfont!
Missing character: There is no ÊçÆ in font nullfont!
Missing character: There is no Êâ© in font nullfont!
Missing character: There is no Â¢û in font nullfont!
Missing character: There is no ( in font nullfont!
Missing character: There is no D in font nullfont!
Missing character: There is no a in font nullfont!
Missing character: There is no t in font nullfont!
Missing character: There is no a in font nullfont!
Missing character: There is no A in font nullfont!
Missing character: There is no u in font nullfont!
Missing character: There is no g in font nullfont!
Missing character: There is no m in font nullfont!
Missing character: There is no e in font nullfont!
Missing character: There is no n in font nullfont!
Missing character: There is no t in font nullfont!
Missing character: There is no a in font nullfont!
Missing character: There is no t in font nullfont!
Missing character: There is no i in font nullfont!
Missing character: There is no o in font nullfont!
Missing character: There is no n in font nullfont!
Missing character: There is no ) in font nullfont!
Missing character: There is no ÂèØ in font nullfont!
Missing character: There is no ‰ª• in font nullfont!
Missing character: There is no Êèê in font nullfont!
Missing character: There is no Âçá in font nullfont!
Missing character: There is no S in font nullfont!
Missing character: There is no S in font nullfont!
Missing character: There is no D in font nullfont!
Missing character: There is no ÁöÑ in font nullfont!
Missing character: There is no ÊÄß in font nullfont!
Missing character: There is no ËÉΩ in font nullfont!
Missing character: There is no Ôºå in font nullfont!
Missing character: There is no ‰∏ª in font nullfont!
Missing character: There is no Ë¶Å in font nullfont!
Missing character: There is no Èáá in font nullfont!
Missing character: There is no Áî® in font nullfont!
Missing character: There is no ÁöÑ in font nullfont!
Missing character: There is no ÊäÄ in font nullfont!
Missing character: There is no ÊúØ in font nullfont!
Missing character: There is no Êúâ in font nullfont!
Missing character: There is no Ê∞¥ in font nullfont!
Missing character: There is no Âπ≥ in font nullfont!
Missing character: There is no Áøª in font nullfont!
Missing character: There is no ËΩ¨ in font nullfont!
Missing character: There is no ( in font nullfont!
Missing character: There is no h in font nullfont!
Missing character: There is no o in font nullfont!
Missing character: There is no r in font nullfont!
Missing character: There is no i in font nullfont!
Missing character: There is no z in font nullfont!
Missing character: There is no o in font nullfont!
Missing character: There is no n in font nullfont!
Missing character: There is no t in font nullfont!
Missing character: There is no a in font nullfont!
Missing character: There is no l in font nullfont!
Missing character: There is no f in font nullfont!
Missing character: There is no l in font nullfont!
Missing character: There is no i in font nullfont!
Missing character: There is no p in font nullfont!
Missing character: There is no ) in font nullfont!
Missing character: There is no Ôºå in font nullfont!
Missing character: There is no Èöè in font nullfont!
Missing character: There is no Êú∫ in font nullfont!
Missing character: There is no Ë£Å in font nullfont!
Missing character: There is no Ââ™ in font nullfont!
Missing character: There is no Âä† in font nullfont!
Missing character: There is no È¢ú in font nullfont!
Missing character: There is no Ëâ≤ in font nullfont!
Missing character: There is no Êâ≠ in font nullfont!
Missing character: There is no Êõ≤ in font nullfont!
Missing character: There is no ( in font nullfont!
Missing character: There is no r in font nullfont!
Missing character: There is no a in font nullfont!
Missing character: There is no n in font nullfont!
Missing character: There is no d in font nullfont!
Missing character: There is no o in font nullfont!
Missing character: There is no m in font nullfont!
Missing character: There is no c in font nullfont!
Missing character: There is no r in font nullfont!
Missing character: There is no o in font nullfont!
Missing character: There is no p in font nullfont!
Missing character: There is no & in font nullfont!
Missing character: There is no c in font nullfont!
Missing character: There is no o in font nullfont!
Missing character: There is no l in font nullfont!
Missing character: There is no o in font nullfont!
Missing character: There is no r in font nullfont!
Missing character: There is no d in font nullfont!
Missing character: There is no i in font nullfont!
Missing character: There is no s in font nullfont!
Missing character: There is no t in font nullfont!
Missing character: There is no o in font nullfont!
Missing character: There is no r in font nullfont!
Missing character: There is no t in font nullfont!
Missing character: There is no i in font nullfont!
Missing character: There is no o in font nullfont!
Missing character: There is no n in font nullfont!
Missing character: There is no ) in font nullfont!
Missing character: There is no Ôºå in font nullfont!
Missing character: There is no Èöè in font nullfont!
Missing character: There is no Êú∫ in font nullfont!
Missing character: There is no Èáá in font nullfont!
Missing character: There is no ÈõÜ in font nullfont!
Missing character: There is no Âùó in font nullfont!
Missing character: There is no Âüü in font nullfont!
Missing character: There is no ( in font nullfont!
Missing character: There is no R in font nullfont!
Missing character: There is no a in font nullfont!
Missing character: There is no n in font nullfont!
Missing character: There is no d in font nullfont!
Missing character: There is no o in font nullfont!
Missing character: There is no m in font nullfont!
Missing character: There is no l in font nullfont!
Missing character: There is no y in font nullfont!
Missing character: There is no s in font nullfont!
Missing character: There is no a in font nullfont!
Missing character: There is no m in font nullfont!
Missing character: There is no p in font nullfont!
Missing character: There is no l in font nullfont!
Missing character: There is no e in font nullfont!
Missing character: There is no a in font nullfont!
Missing character: There is no p in font nullfont!
Missing character: There is no a in font nullfont!
Missing character: There is no t in font nullfont!
Missing character: There is no c in font nullfont!
Missing character: There is no h in font nullfont!
Missing character: There is no ) in font nullfont!
Missing character: There is no Ëé∑ in font nullfont!
Missing character: There is no Âèñ in font nullfont!
Missing character: There is no Â∞è in font nullfont!
Missing character: There is no ÁõÆ in font nullfont!
Missing character: There is no Ê†á in font nullfont!
Missing character: There is no ËÆ≠ in font nullfont!
Missing character: There is no ÁªÉ in font nullfont!
Missing character: There is no Ê†∑ in font nullfont!
Missing character: There is no Êú¨ in font nullfont!
)
! Emergency stop.
<*> section3-5.tex
                  
*** (job aborted, no legal \end found)

 
Here is how much of TeX's memory you used:
 14 strings out of 492998
 211 string characters out of 6136604
 62710 words of memory out of 5000000
 4092 multiletter control sequences out of 15000+600000
 3648 words of font info for 15 fonts, out of 8000000 for 9000
 1348 hyphenation exceptions out of 8191
 18i,3n,12p,309b,97s stack positions out of 5000i,500n,10000p,200000b,80000s
No pages of output.
