This is XeTeX, Version 3.14159265-2.6-0.99992 (TeX Live 2015/Debian) (preloaded format=xelatex 2018.4.17)  26 APR 2018 11:01
entering extended mode
 restricted \write18 enabled.
 %&-line parsing enabled.
**subsection1-3.tex
(./subsection1-3.tex
LaTeX2e <2016/02/01>
Babel <3.9q> and hyphenation patterns for 81 language(s) loaded.

! LaTeX Error: Missing \begin{document}.

See the LaTeX manual or LaTeX Companion for explanation.
Type  H <return>  for immediate help.
 ...                                              
                                                  
l.1 ç¬¬
       ä¸€ç« ï¼šç»ªè®ºã€‚æœ¬ç« æ¦‚è¦é˜è¿°æœ¬æ–‡ä¸»è¦å†…å®¹ï¼ŒåŠç ”ç©¶èƒŒ...

You're in trouble here.  Try typing  <return>  to proceed.
If that doesn't work, type  X <return>  to quit.

Missing character: There is no ç¬¬ in font nullfont!
Missing character: There is no ä¸€ in font nullfont!
Missing character: There is no ç«  in font nullfont!
Missing character: There is no ï¼š in font nullfont!
Missing character: There is no ç»ª in font nullfont!
Missing character: There is no è®º in font nullfont!
Missing character: There is no ã€‚ in font nullfont!
Missing character: There is no æœ¬ in font nullfont!
Missing character: There is no ç«  in font nullfont!
Missing character: There is no æ¦‚ in font nullfont!
Missing character: There is no è¦ in font nullfont!
Missing character: There is no é˜ in font nullfont!
Missing character: There is no è¿° in font nullfont!
Missing character: There is no æœ¬ in font nullfont!
Missing character: There is no æ–‡ in font nullfont!
Missing character: There is no ä¸» in font nullfont!
Missing character: There is no è¦ in font nullfont!
Missing character: There is no å†… in font nullfont!
Missing character: There is no å®¹ in font nullfont!
Missing character: There is no ï¼Œ in font nullfont!
Missing character: There is no åŠ in font nullfont!
Missing character: There is no ç ” in font nullfont!
Missing character: There is no ç©¶ in font nullfont!
Missing character: There is no èƒŒ in font nullfont!
Missing character: There is no æ™¯ in font nullfont!
Missing character: There is no åŠ in font nullfont!
Missing character: There is no æ„ in font nullfont!
Missing character: There is no ä¹‰ in font nullfont!
Missing character: There is no ã€‚ in font nullfont!

Overfull \hbox (20.0pt too wide) in paragraph at lines 1--2
[] 
 []


! LaTeX Error: Missing \begin{document}.

See the LaTeX manual or LaTeX Companion for explanation.
Type  H <return>  for immediate help.
 ...                                              
                                                  
l.3 ç¬¬
       äºŒç« ï¼šç›®æ ‡æ£€æµ‹ç›¸å…³ç®—æ³•ã€‚æœ¬ç« æŒ‰ç…§ä¸¤æ¡ä¸»çº¿ç³»ç»Ÿè®²...

You're in trouble here.  Try typing  <return>  to proceed.
If that doesn't work, type  X <return>  to quit.

Missing character: There is no ç¬¬ in font nullfont!
Missing character: There is no äºŒ in font nullfont!
Missing character: There is no ç«  in font nullfont!
Missing character: There is no ï¼š in font nullfont!
Missing character: There is no ç›® in font nullfont!
Missing character: There is no æ ‡ in font nullfont!
Missing character: There is no æ£€ in font nullfont!
Missing character: There is no æµ‹ in font nullfont!
Missing character: There is no ç›¸ in font nullfont!
Missing character: There is no å…³ in font nullfont!
Missing character: There is no ç®— in font nullfont!
Missing character: There is no æ³• in font nullfont!
Missing character: There is no ã€‚ in font nullfont!
Missing character: There is no æœ¬ in font nullfont!
Missing character: There is no ç«  in font nullfont!
Missing character: There is no æŒ‰ in font nullfont!
Missing character: There is no ç…§ in font nullfont!
Missing character: There is no ä¸¤ in font nullfont!
Missing character: There is no æ¡ in font nullfont!
Missing character: There is no ä¸» in font nullfont!
Missing character: There is no çº¿ in font nullfont!
Missing character: There is no ç³» in font nullfont!
Missing character: There is no ç»Ÿ in font nullfont!
Missing character: There is no è®² in font nullfont!
Missing character: There is no è§£ in font nullfont!
Missing character: There is no å›½ in font nullfont!
Missing character: There is no å†… in font nullfont!
Missing character: There is no å¤– in font nullfont!
Missing character: There is no å¯¹ in font nullfont!
Missing character: There is no äº in font nullfont!
Missing character: There is no ç›® in font nullfont!
Missing character: There is no æ ‡ in font nullfont!
Missing character: There is no æ£€ in font nullfont!
Missing character: There is no æµ‹ in font nullfont!
Missing character: There is no ç®— in font nullfont!
Missing character: There is no æ³• in font nullfont!
Missing character: There is no çš„ in font nullfont!
Missing character: There is no ç ” in font nullfont!
Missing character: There is no ç©¶ in font nullfont!
Missing character: There is no ã€‚ in font nullfont!

Overfull \hbox (20.0pt too wide) in paragraph at lines 3--4
[] 
 []


! LaTeX Error: Missing \begin{document}.

See the LaTeX manual or LaTeX Companion for explanation.
Type  H <return>  for immediate help.
 ...                                              
                                                  
l.5 ç¬¬
       ä¸‰ç« ï¼šç“¦ç‰‡æŸå®³æ£€æµ‹ç®—æ³•è®¾è®¡ã€‚é€šè¿‡ç¬¬äºŒç« çš„ç»¼è¿°ï¼Œ...

You're in trouble here.  Try typing  <return>  to proceed.
If that doesn't work, type  X <return>  to quit.

Missing character: There is no ç¬¬ in font nullfont!
Missing character: There is no ä¸‰ in font nullfont!
Missing character: There is no ç«  in font nullfont!
Missing character: There is no ï¼š in font nullfont!
Missing character: There is no ç“¦ in font nullfont!
Missing character: There is no ç‰‡ in font nullfont!
Missing character: There is no æŸ in font nullfont!
Missing character: There is no å®³ in font nullfont!
Missing character: There is no æ£€ in font nullfont!
Missing character: There is no æµ‹ in font nullfont!
Missing character: There is no ç®— in font nullfont!
Missing character: There is no æ³• in font nullfont!
Missing character: There is no è®¾ in font nullfont!
Missing character: There is no è®¡ in font nullfont!
Missing character: There is no ã€‚ in font nullfont!
Missing character: There is no é€š in font nullfont!
Missing character: There is no è¿‡ in font nullfont!
Missing character: There is no ç¬¬ in font nullfont!
Missing character: There is no äºŒ in font nullfont!
Missing character: There is no ç«  in font nullfont!
Missing character: There is no çš„ in font nullfont!
Missing character: There is no ç»¼ in font nullfont!
Missing character: There is no è¿° in font nullfont!
Missing character: There is no ï¼Œ in font nullfont!
Missing character: There is no ä½¿ in font nullfont!
Missing character: There is no æˆ‘ in font nullfont!
Missing character: There is no ä»¬ in font nullfont!
Missing character: There is no äº† in font nullfont!
Missing character: There is no è§£ in font nullfont!
Missing character: There is no åˆ° in font nullfont!
Missing character: There is no ç° in font nullfont!
Missing character: There is no æœ‰ in font nullfont!
Missing character: There is no çš„ in font nullfont!
Missing character: There is no ç›® in font nullfont!
Missing character: There is no æ ‡ in font nullfont!
Missing character: There is no æ£€ in font nullfont!
Missing character: There is no æµ‹ in font nullfont!
Missing character: There is no ç›¸ in font nullfont!
Missing character: There is no å…³ in font nullfont!
Missing character: There is no ç®— in font nullfont!
Missing character: There is no æ³• in font nullfont!
Missing character: There is no ã€‚ in font nullfont!
Missing character: There is no åœ¨ in font nullfont!
Missing character: There is no ç¬¬ in font nullfont!
Missing character: There is no ä¸‰ in font nullfont!
Missing character: There is no ç«  in font nullfont!
Missing character: There is no å¸ in font nullfont!
Missing character: There is no æ”¶ in font nullfont!
Missing character: There is no äº† in font nullfont!
Missing character: There is no å„ in font nullfont!
Missing character: There is no ç§ in font nullfont!
Missing character: There is no ç®— in font nullfont!
Missing character: There is no æ³• in font nullfont!
Missing character: There is no çš„ in font nullfont!
Missing character: There is no ä¼˜ in font nullfont!
Missing character: There is no åŠ£ in font nullfont!
Missing character: There is no ï¼Œ in font nullfont!
Missing character: There is no æˆ‘ in font nullfont!
Missing character: There is no å¯¹ in font nullfont!
Missing character: There is no S in font nullfont!
Missing character: There is no S in font nullfont!
Missing character: There is no D in font nullfont!
Missing character: There is no ç®— in font nullfont!
Missing character: There is no æ³• in font nullfont!
Missing character: There is no è¿› in font nullfont!
Missing character: There is no è¡Œ in font nullfont!
Missing character: There is no äº† in font nullfont!
Missing character: There is no ä¸¤ in font nullfont!
Missing character: There is no ç‚¹ in font nullfont!
Missing character: There is no æ”¹ in font nullfont!
Missing character: There is no è¿› in font nullfont!
Missing character: There is no ï¼š in font nullfont!

Overfull \hbox (20.0pt too wide) in paragraph at lines 5--6
[] 
 []


! LaTeX Error: Missing \begin{document}.

See the LaTeX manual or LaTeX Companion for explanation.
Type  H <return>  for immediate help.
 ...                                              
                                                  
l.7 ï¼‘
       ã€Losså‡½æ•°
You're in trouble here.  Try typing  <return>  to proceed.
If that doesn't work, type  X <return>  to quit.

Missing character: There is no ï¼‘ in font nullfont!
Missing character: There is no ã€ in font nullfont!
Missing character: There is no L in font nullfont!
Missing character: There is no o in font nullfont!
Missing character: There is no s in font nullfont!
Missing character: There is no s in font nullfont!
Missing character: There is no å‡½ in font nullfont!
Missing character: There is no æ•° in font nullfont!
Missing character: There is no ï¼’ in font nullfont!
Missing character: There is no ã€ in font nullfont!
Missing character: There is no S in font nullfont!
Missing character: There is no o in font nullfont!
Missing character: There is no f in font nullfont!
Missing character: There is no t in font nullfont!
Missing character: There is no - in font nullfont!
Missing character: There is no N in font nullfont!
Missing character: There is no M in font nullfont!
Missing character: There is no S in font nullfont!

Overfull \hbox (20.0pt too wide) in paragraph at lines 7--9
[]
 []


! LaTeX Error: Missing \begin{document}.

See the LaTeX manual or LaTeX Companion for explanation.
Type  H <return>  for immediate help.
 ...                                              
                                                  
l.10 ç¬¬
        å››ç« ï¼šç“¦ç‰‡æŸå®³æ£€æµ‹ç®—æ³•å®ç°ã€‚æœ¬ç« å±•ç¤ºå…·ä½“çš„ç®—æ³...

You're in trouble here.  Try typing  <return>  to proceed.
If that doesn't work, type  X <return>  to quit.

Missing character: There is no ç¬¬ in font nullfont!
Missing character: There is no å›› in font nullfont!
Missing character: There is no ç«  in font nullfont!
Missing character: There is no ï¼š in font nullfont!
Missing character: There is no ç“¦ in font nullfont!
Missing character: There is no ç‰‡ in font nullfont!
Missing character: There is no æŸ in font nullfont!
Missing character: There is no å®³ in font nullfont!
Missing character: There is no æ£€ in font nullfont!
Missing character: There is no æµ‹ in font nullfont!
Missing character: There is no ç®— in font nullfont!
Missing character: There is no æ³• in font nullfont!
Missing character: There is no å® in font nullfont!
Missing character: There is no ç° in font nullfont!
Missing character: There is no ã€‚ in font nullfont!
Missing character: There is no æœ¬ in font nullfont!
Missing character: There is no ç«  in font nullfont!
Missing character: There is no å±• in font nullfont!
Missing character: There is no ç¤º in font nullfont!
Missing character: There is no å…· in font nullfont!
Missing character: There is no ä½“ in font nullfont!
Missing character: There is no çš„ in font nullfont!
Missing character: There is no ç®— in font nullfont!
Missing character: There is no æ³• in font nullfont!
Missing character: There is no å® in font nullfont!
Missing character: There is no ç° in font nullfont!
Missing character: There is no ï¼Œ in font nullfont!
Missing character: There is no åŸº in font nullfont!
Missing character: There is no äº in font nullfont!
Missing character: There is no p in font nullfont!
Missing character: There is no y in font nullfont!
Missing character: There is no t in font nullfont!
Missing character: There is no o in font nullfont!
Missing character: There is no r in font nullfont!
Missing character: There is no c in font nullfont!
Missing character: There is no h in font nullfont!
Missing character: There is no ã€‚ in font nullfont!

Overfull \hbox (20.0pt too wide) in paragraph at lines 10--11
[] 
 []


! LaTeX Error: Missing \begin{document}.

See the LaTeX manual or LaTeX Companion for explanation.
Type  H <return>  for immediate help.
 ...                                              
                                                  
l.12 ç¬¬
        äº”ç« ï¼šå®éªŒç»“æœåŠåˆ†æã€‚æœ¬ç« ç»“åˆåŸå§‹ç®—æ³•ä¸æ”¹è¿›ç®...

You're in trouble here.  Try typing  <return>  to proceed.
If that doesn't work, type  X <return>  to quit.

Missing character: There is no ç¬¬ in font nullfont!
Missing character: There is no äº” in font nullfont!
Missing character: There is no ç«  in font nullfont!
Missing character: There is no ï¼š in font nullfont!
Missing character: There is no å® in font nullfont!
Missing character: There is no éªŒ in font nullfont!
Missing character: There is no ç»“ in font nullfont!
Missing character: There is no æœ in font nullfont!
Missing character: There is no åŠ in font nullfont!
Missing character: There is no åˆ† in font nullfont!
Missing character: There is no æ in font nullfont!
Missing character: There is no ã€‚ in font nullfont!
Missing character: There is no æœ¬ in font nullfont!
Missing character: There is no ç«  in font nullfont!
Missing character: There is no ç»“ in font nullfont!
Missing character: There is no åˆ in font nullfont!
Missing character: There is no åŸ in font nullfont!
Missing character: There is no å§‹ in font nullfont!
Missing character: There is no ç®— in font nullfont!
Missing character: There is no æ³• in font nullfont!
Missing character: There is no ä¸ in font nullfont!
Missing character: There is no æ”¹ in font nullfont!
Missing character: There is no è¿› in font nullfont!
Missing character: There is no ç®— in font nullfont!
Missing character: There is no æ³• in font nullfont!
Missing character: There is no è¿› in font nullfont!
Missing character: There is no è¡Œ in font nullfont!
Missing character: There is no å‡† in font nullfont!
Missing character: There is no ç¡® in font nullfont!
Missing character: There is no ç‡ in font nullfont!
Missing character: There is no å’Œ in font nullfont!
Missing character: There is no å¬ in font nullfont!
Missing character: There is no å› in font nullfont!
Missing character: There is no ç‡ in font nullfont!
Missing character: There is no çš„ in font nullfont!
Missing character: There is no å¯¹ in font nullfont!
Missing character: There is no æ¯” in font nullfont!
Missing character: There is no ï¼Œ in font nullfont!
Missing character: There is no å¹¶ in font nullfont!
Missing character: There is no å±• in font nullfont!
Missing character: There is no ç¤º in font nullfont!
Missing character: There is no è¯¥ in font nullfont!
Missing character: There is no ç®— in font nullfont!
Missing character: There is no æ³• in font nullfont!
Missing character: There is no å¯¹ in font nullfont!
Missing character: There is no äº in font nullfont!
Missing character: There is no ç“¦ in font nullfont!
Missing character: There is no ç‰‡ in font nullfont!
Missing character: There is no æŸ in font nullfont!
Missing character: There is no å®³ in font nullfont!
Missing character: There is no æ£€ in font nullfont!
Missing character: There is no æµ‹ in font nullfont!
Missing character: There is no çš„ in font nullfont!
Missing character: There is no æ•ˆ in font nullfont!
Missing character: There is no æœ in font nullfont!
Missing character: There is no ã€€ in font nullfont!

Overfull \hbox (20.0pt too wide) in paragraph at lines 12--13
[] 
 []


! LaTeX Error: Missing \begin{document}.

See the LaTeX manual or LaTeX Companion for explanation.
Type  H <return>  for immediate help.
 ...                                              
                                                  
l.14 ç¬¬
        å…­ç« ï¼šæ€»ç»“åŠå±•æœ›ã€‚
You're in trouble here.  Try typing  <return>  to proceed.
If that doesn't work, type  X <return>  to quit.

Missing character: There is no ç¬¬ in font nullfont!
Missing character: There is no å…­ in font nullfont!
Missing character: There is no ç«  in font nullfont!
Missing character: There is no ï¼š in font nullfont!
Missing character: There is no æ€» in font nullfont!
Missing character: There is no ç»“ in font nullfont!
Missing character: There is no åŠ in font nullfont!
Missing character: There is no å±• in font nullfont!
Missing character: There is no æœ› in font nullfont!
Missing character: There is no ã€‚ in font nullfont!

Overfull \hbox (20.0pt too wide) in paragraph at lines 14--15
[] 
 []


! LaTeX Error: Missing \begin{document}.

See the LaTeX manual or LaTeX Companion for explanation.
Type  H <return>  for immediate help.
 ...                                              
                                                  
l.16 ç¬¬
        ä¸ƒç« ï¼šè‡´è°¢ã€‚
You're in trouble here.  Try typing  <return>  to proceed.
If that doesn't work, type  X <return>  to quit.

Missing character: There is no ç¬¬ in font nullfont!
Missing character: There is no ä¸ƒ in font nullfont!
Missing character: There is no ç«  in font nullfont!
Missing character: There is no ï¼š in font nullfont!
Missing character: There is no è‡´ in font nullfont!
Missing character: There is no è°¢ in font nullfont!
Missing character: There is no ã€‚ in font nullfont!
)
! Emergency stop.
<*> subsection1-3.tex
                     
*** (job aborted, no legal \end found)

 
Here is how much of TeX's memory you used:
 4 strings out of 493638
 66 string characters out of 6146796
 53600 words of memory out of 5000000
 3505 multiletter control sequences out of 15000+600000
 3640 words of font info for 14 fonts, out of 8000000 for 9000
 1328 hyphenation exceptions out of 8191
 5i,0n,4p,92b,14s stack positions out of 5000i,500n,10000p,200000b,80000s
No pages of output.
