This is XeTeX, Version 3.14159265-2.6-0.99998 (TeX Live 2017/Debian) (preloaded format=xelatex 2017.12.28)  6 MAY 2018 10:21
entering extended mode
 restricted \write18 enabled.
 %&-line parsing enabled.
**section4-1.tex
(./section4-1.tex
LaTeX2e <2017-04-15>
Babel <3.12> and hyphenation patterns for 84 language(s) loaded.
! Undefined control sequence.
l.1 \subsubsection
                  {æ ‡æ³¨å·¥å…·}
The control sequence at the end of the top line
of your error message was never \def'ed. If you have
misspelled it (e.g., `\hobx'), type `I' and the correct
spelling (e.g., `I\hbox'). Otherwise just continue,
and I'll forget about whatever was undefined.


! LaTeX Error: Missing \begin{document}.

See the LaTeX manual or LaTeX Companion for explanation.
Type  H <return>  for immediate help.
 ...                                              
                                                  
l.1 \subsubsection{æ ‡
                      æ³¨å·¥å…·}
You're in trouble here.  Try typing  <return>  to proceed.
If that doesn't work, type  X <return>  to quit.

Missing character: There is no æ ‡ in font nullfont!
Missing character: There is no æ³¨ in font nullfont!
Missing character: There is no å·¥ in font nullfont!
Missing character: There is no å…· in font nullfont!
Missing character: There is no ä»‹ in font [lmroman10-bold]:mapping=tex-text;!
Missing character: There is no ç» in font [lmroman10-bold]:mapping=tex-text;!
Missing character: There is no å›¾ in font nullfont!
Missing character: There is no ç‰‡ in font nullfont!
Missing character: There is no æ ‡ in font nullfont!
Missing character: There is no æ³¨ in font nullfont!
Missing character: There is no ä¸» in font nullfont!
Missing character: There is no è¦ in font nullfont!
Missing character: There is no æ˜¯ in font nullfont!
Missing character: There is no ç”¨ in font nullfont!
Missing character: There is no æ¥ in font nullfont!
Missing character: There is no åˆ› in font nullfont!
Missing character: There is no å»º in font nullfont!
Missing character: There is no è‡ª in font nullfont!
Missing character: There is no å·± in font nullfont!
Missing character: There is no çš„ in font nullfont!
Missing character: There is no æ•° in font nullfont!
Missing character: There is no æ® in font nullfont!
Missing character: There is no é›† in font nullfont!
Missing character: There is no ï¼Œ in font nullfont!
Missing character: There is no æ–¹ in font nullfont!
Missing character: There is no ä¾¿ in font nullfont!
Missing character: There is no è¿› in font nullfont!
Missing character: There is no è¡Œ in font nullfont!
Missing character: There is no æ·± in font nullfont!
Missing character: There is no åº¦ in font nullfont!
Missing character: There is no å­¦ in font nullfont!
Missing character: There is no ä¹  in font nullfont!
Missing character: There is no è®­ in font nullfont!
Missing character: There is no ç»ƒ in font nullfont!
Missing character: There is no ã€‚ in font nullfont!
Missing character: There is no æœ¬ in font nullfont!
Missing character: There is no æ–‡ in font nullfont!
Missing character: There is no ä½¿ in font nullfont!
Missing character: There is no ç”¨ in font nullfont!
Missing character: There is no l in font nullfont!
Missing character: There is no a in font nullfont!
Missing character: There is no b in font nullfont!
Missing character: There is no e in font nullfont!
Missing character: There is no l in font nullfont!
Missing character: There is no I in font nullfont!
Missing character: There is no m in font nullfont!
Missing character: There is no g in font nullfont!

! LaTeX Error: Environment uscfigure undefined.

See the LaTeX manual or LaTeX Companion for explanation.
Type  H <return>  for immediate help.
 ...                                              
                                                  
l.3 \begin{uscfigure}
                     
Your command was ignored.
Type  I <command> <return>  to replace it with another command,
or  <return>  to continue without it.

! Undefined control sequence.
l.4 ^^I\includegraphics
                       [width=\textwidth]{./Pictures/labelimg.jpg}
The control sequence at the end of the top line
of your error message was never \def'ed. If you have
misspelled it (e.g., `\hobx'), type `I' and the correct
spelling (e.g., `I\hbox'). Otherwise just continue,
and I'll forget about whatever was undefined.

Missing character: There is no [ in font nullfont!
Missing character: There is no w in font nullfont!
Missing character: There is no i in font nullfont!
Missing character: There is no d in font nullfont!
Missing character: There is no t in font nullfont!
Missing character: There is no h in font nullfont!
Missing character: There is no = in font nullfont!
! Missing number, treated as zero.
<to be read again> 
                   ]
l.4 ^^I\includegraphics[width=\textwidth]
                                         {./Pictures/labelimg.jpg}
A number should have been here; I inserted `0'.
(If you can't figure out why I needed to see a number,
look up `weird error' in the index to The TeXbook.)

! Illegal unit of measure (pt inserted).
<to be read again> 
                   ]
l.4 ^^I\includegraphics[width=\textwidth]
                                         {./Pictures/labelimg.jpg}
Dimensions can be in units of em, ex, in, pt, pc,
cm, mm, dd, cc, bp, or sp; but yours is a new one!
I'll assume that you meant to say pt, for printer's points.
To recover gracefully from this error, it's best to
delete the erroneous units; e.g., type `2' to delete
two letters. (See Chapter 27 of The TeXbook.)

Missing character: There is no ] in font nullfont!
Missing character: There is no . in font nullfont!
Missing character: There is no / in font nullfont!
Missing character: There is no P in font nullfont!
Missing character: There is no i in font nullfont!
Missing character: There is no c in font nullfont!
Missing character: There is no t in font nullfont!
Missing character: There is no u in font nullfont!
Missing character: There is no r in font nullfont!
Missing character: There is no e in font nullfont!
Missing character: There is no s in font nullfont!
Missing character: There is no / in font nullfont!
Missing character: There is no l in font nullfont!
Missing character: There is no a in font nullfont!
Missing character: There is no b in font nullfont!
Missing character: There is no e in font nullfont!
Missing character: There is no l in font nullfont!
Missing character: There is no i in font nullfont!
Missing character: There is no m in font nullfont!
Missing character: There is no g in font nullfont!
Missing character: There is no . in font nullfont!
Missing character: There is no j in font nullfont!
Missing character: There is no p in font nullfont!
Missing character: There is no g in font nullfont!

! LaTeX Error: \caption outside float.

See the LaTeX manual or LaTeX Companion for explanation.
Type  H <return>  for immediate help.
 ...                                              
                                                  
l.5 ^^I\caption
               {labelImgç•Œé¢}
You're in trouble here.  Try typing  <return>  to proceed.
If that doesn't work, type  X <return>  to quit.

Missing character: There is no l in font nullfont!
Missing character: There is no a in font nullfont!
Missing character: There is no b in font nullfont!
Missing character: There is no e in font nullfont!
Missing character: There is no l in font nullfont!
Missing character: There is no I in font nullfont!
Missing character: There is no m in font nullfont!
Missing character: There is no g in font nullfont!
Missing character: There is no ç•Œ in font nullfont!
Missing character: There is no é¢ in font nullfont!

! LaTeX Error: \begin{document} ended by \end{uscfigure}.

See the LaTeX manual or LaTeX Companion for explanation.
Type  H <return>  for immediate help.
 ...                                              
                                                  
l.6 \end{uscfigure}
                   
Your command was ignored.
Type  I <command> <return>  to replace it with another command,
or  <return>  to continue without it.

! Undefined control sequence.
l.7 \subsubsection
                  {æ•°æ®é›†}
The control sequence at the end of the top line
of your error message was never \def'ed. If you have
misspelled it (e.g., `\hobx'), type `I' and the correct
spelling (e.g., `I\hbox'). Otherwise just continue,
and I'll forget about whatever was undefined.

Missing character: There is no æ•° in font nullfont!
Missing character: There is no æ® in font nullfont!
Missing character: There is no é›† in font nullfont!
Missing character: There is no æ•° in font [lmroman10-bold]:mapping=tex-text;!
Missing character: There is no æ® in font [lmroman10-bold]:mapping=tex-text;!
Missing character: There is no é›† in font [lmroman10-bold]:mapping=tex-text;!
Missing character: There is no ä»‹ in font [lmroman10-bold]:mapping=tex-text;!
Missing character: There is no ç» in font [lmroman10-bold]:mapping=tex-text;!
Missing character: There is no P in font nullfont!
Missing character: There is no A in font nullfont!
Missing character: There is no S in font nullfont!
Missing character: There is no C in font nullfont!
Missing character: There is no A in font nullfont!
Missing character: There is no L in font nullfont!
Missing character: There is no V in font nullfont!
Missing character: There is no O in font nullfont!
Missing character: There is no C in font nullfont!
Missing character: There is no ä¸º in font nullfont!
Missing character: There is no å›¾ in font nullfont!
Missing character: There is no åƒ in font nullfont!
Missing character: There is no è¯† in font nullfont!
Missing character: There is no åˆ« in font nullfont!
Missing character: There is no å’Œ in font nullfont!
Missing character: There is no åˆ† in font nullfont!
Missing character: There is no ç±» in font nullfont!
Missing character: There is no æ in font nullfont!
Missing character: There is no ä¾› in font nullfont!
Missing character: There is no äº† in font nullfont!
Missing character: There is no ä¸€ in font nullfont!
Missing character: There is no æ•´ in font nullfont!
Missing character: There is no å¥— in font nullfont!
Missing character: There is no æ ‡ in font nullfont!
Missing character: There is no å‡† in font nullfont!
Missing character: There is no åŒ– in font nullfont!
Missing character: There is no çš„ in font nullfont!
Missing character: There is no ä¼˜ in font nullfont!
Missing character: There is no ç§€ in font nullfont!
Missing character: There is no çš„ in font nullfont!
Missing character: There is no æ•° in font nullfont!
Missing character: There is no æ® in font nullfont!
Missing character: There is no é›† in font nullfont!
Missing character: There is no ã€‚ in font nullfont!
Missing character: There is no å¯¹ in font nullfont!
Missing character: There is no äº in font nullfont!
Missing character: There is no ç›® in font nullfont!
Missing character: There is no æ ‡ in font nullfont!
Missing character: There is no æ£€ in font nullfont!
Missing character: There is no æµ‹ in font nullfont!
Missing character: There is no ä»» in font nullfont!
Missing character: There is no åŠ¡ in font nullfont!
Missing character: There is no ï¼Œ in font nullfont!
Missing character: There is no æˆ‘ in font nullfont!
Missing character: There is no ä»¬ in font nullfont!
Missing character: There is no åª in font nullfont!
Missing character: There is no éœ€ in font nullfont!
Missing character: There is no è¦ in font nullfont!
Missing character: There is no ä½¿ in font nullfont!
Missing character: There is no ç”¨ in font nullfont!
Missing character: There is no J in font nullfont!
Missing character: There is no P in font nullfont!
Missing character: There is no E in font nullfont!
Missing character: There is no G in font nullfont!
Missing character: There is no I in font nullfont!
Missing character: There is no m in font nullfont!
Missing character: There is no a in font nullfont!
Missing character: There is no g in font nullfont!
Missing character: There is no e in font nullfont!
Missing character: There is no ã€ in font nullfont!
Missing character: There is no A in font nullfont!
Missing character: There is no n in font nullfont!
Missing character: There is no n in font nullfont!
Missing character: There is no o in font nullfont!
Missing character: There is no t in font nullfont!
Missing character: There is no a in font nullfont!
Missing character: There is no t in font nullfont!
Missing character: There is no i in font nullfont!
Missing character: There is no o in font nullfont!
Missing character: There is no n in font nullfont!
Missing character: There is no s in font nullfont!
Missing character: There is no ã€ in font nullfont!
Missing character: There is no I in font nullfont!
Missing character: There is no m in font nullfont!
Missing character: There is no a in font nullfont!
Missing character: There is no g in font nullfont!
Missing character: There is no e in font nullfont!
Missing character: There is no S in font nullfont!
Missing character: There is no e in font nullfont!
Missing character: There is no t in font nullfont!
Missing character: There is no s in font nullfont!
Missing character: There is no ä¸‰ in font nullfont!
Missing character: There is no ä¸ª in font nullfont!
Missing character: There is no æ–‡ in font nullfont!
Missing character: There is no ä»¶ in font nullfont!
Missing character: There is no å¤¹ in font nullfont!
Missing character: There is no ã€‚ in font nullfont!

Overfull \hbox (20.0pt too wide) in paragraph at lines 1--9
[]
 []


Overfull \hbox (12.61pt too wide) in paragraph at lines 1--9
\TU/lmr/bx/n/10 la-
 []


Overfull \hbox (15.81pt too wide) in paragraph at lines 1--9
\TU/lmr/bx/n/10 be-
 []


Overfull \hbox (31.67pt too wide) in paragraph at lines 1--9
\TU/lmr/bx/n/10 lImgä»‹ç»:
 []


Overfull \hbox (42.51pt too wide) in paragraph at lines 1--9
\TU/lmr/bx/n/10 VOCæ•°æ®é›†ä»‹ç»:
 []


! LaTeX Error: Missing \begin{document}.

See the LaTeX manual or LaTeX Companion for explanation.
Type  H <return>  for immediate help.
 ...                                              
                                                  
l.10 å…¶
        ç›®å½•ç»“æ„
You're in trouble here.  Try typing  <return>  to proceed.
If that doesn't work, type  X <return>  to quit.

Missing character: There is no å…¶ in font nullfont!
Missing character: There is no ç›® in font nullfont!
Missing character: There is no å½• in font nullfont!
Missing character: There is no ç»“ in font nullfont!
Missing character: There is no æ„ in font nullfont!

Overfull \hbox (20.0pt too wide) in paragraph at lines 10--11
[] 
 []


! LaTeX Error: Missing \begin{document}.

See the LaTeX manual or LaTeX Companion for explanation.
Type  H <return>  for immediate help.
 ...                                              
                                                  
l.12 -
       JPEGImage:æ–‡ä»¶å¤¹åŒ…å«äº†PASCAL VOCæ‰€æä¾›çš„æ‰€æœ‰çš„å›¾ç‰‡ä¿¡æ...

You're in trouble here.  Try typing  <return>  to proceed.
If that doesn't work, type  X <return>  to quit.

Missing character: There is no - in font nullfont!
Missing character: There is no J in font nullfont!
Missing character: There is no P in font nullfont!
Missing character: There is no E in font nullfont!
Missing character: There is no G in font nullfont!
Missing character: There is no I in font nullfont!
Missing character: There is no m in font nullfont!
Missing character: There is no a in font nullfont!
Missing character: There is no g in font nullfont!
Missing character: There is no e in font nullfont!
Missing character: There is no : in font nullfont!
Missing character: There is no æ–‡ in font nullfont!
Missing character: There is no ä»¶ in font nullfont!
Missing character: There is no å¤¹ in font nullfont!
Missing character: There is no åŒ… in font nullfont!
Missing character: There is no å« in font nullfont!
Missing character: There is no äº† in font nullfont!
Missing character: There is no P in font nullfont!
Missing character: There is no A in font nullfont!
Missing character: There is no S in font nullfont!
Missing character: There is no C in font nullfont!
Missing character: There is no A in font nullfont!
Missing character: There is no L in font nullfont!
Missing character: There is no V in font nullfont!
Missing character: There is no O in font nullfont!
Missing character: There is no C in font nullfont!
Missing character: There is no æ‰€ in font nullfont!
Missing character: There is no æ in font nullfont!
Missing character: There is no ä¾› in font nullfont!
Missing character: There is no çš„ in font nullfont!
Missing character: There is no æ‰€ in font nullfont!
Missing character: There is no æœ‰ in font nullfont!
Missing character: There is no çš„ in font nullfont!
Missing character: There is no å›¾ in font nullfont!
Missing character: There is no ç‰‡ in font nullfont!
Missing character: There is no ä¿¡ in font nullfont!
Missing character: There is no æ¯ in font nullfont!
Missing character: There is no ï¼Œ in font nullfont!
Missing character: There is no åŒ… in font nullfont!
Missing character: There is no æ‹¬ in font nullfont!
Missing character: There is no äº† in font nullfont!
Missing character: There is no è®­ in font nullfont!
Missing character: There is no ç»ƒ in font nullfont!
Missing character: There is no å›¾ in font nullfont!
Missing character: There is no ç‰‡ in font nullfont!
Missing character: There is no å’Œ in font nullfont!
Missing character: There is no æµ‹ in font nullfont!
Missing character: There is no è¯• in font nullfont!
Missing character: There is no å›¾ in font nullfont!
Missing character: There is no ç‰‡ in font nullfont!
Missing character: There is no ã€‚ in font nullfont!

Overfull \hbox (20.0pt too wide) in paragraph at lines 12--13
[]
 []


! LaTeX Error: Missing \begin{document}.

See the LaTeX manual or LaTeX Companion for explanation.
Type  H <return>  for immediate help.
 ...                                              
                                                  
l.14 -
       Annotations:æ–‡ä»¶å¤¹ä¸­å­˜æ”¾çš„æ˜¯xmlæ ¼å¼çš„æ ‡ç­¾æ–‡ä»¶ï¼Œæ¯ä¸€...

You're in trouble here.  Try typing  <return>  to proceed.
If that doesn't work, type  X <return>  to quit.

Missing character: There is no - in font nullfont!
Missing character: There is no A in font nullfont!
Missing character: There is no n in font nullfont!
Missing character: There is no n in font nullfont!
Missing character: There is no o in font nullfont!
Missing character: There is no t in font nullfont!
Missing character: There is no a in font nullfont!
Missing character: There is no t in font nullfont!
Missing character: There is no i in font nullfont!
Missing character: There is no o in font nullfont!
Missing character: There is no n in font nullfont!
Missing character: There is no s in font nullfont!
Missing character: There is no : in font nullfont!
Missing character: There is no æ–‡ in font nullfont!
Missing character: There is no ä»¶ in font nullfont!
Missing character: There is no å¤¹ in font nullfont!
Missing character: There is no ä¸­ in font nullfont!
Missing character: There is no å­˜ in font nullfont!
Missing character: There is no æ”¾ in font nullfont!
Missing character: There is no çš„ in font nullfont!
Missing character: There is no æ˜¯ in font nullfont!
Missing character: There is no x in font nullfont!
Missing character: There is no m in font nullfont!
Missing character: There is no l in font nullfont!
Missing character: There is no æ ¼ in font nullfont!
Missing character: There is no å¼ in font nullfont!
Missing character: There is no çš„ in font nullfont!
Missing character: There is no æ ‡ in font nullfont!
Missing character: There is no ç­¾ in font nullfont!
Missing character: There is no æ–‡ in font nullfont!
Missing character: There is no ä»¶ in font nullfont!
Missing character: There is no ï¼Œ in font nullfont!
Missing character: There is no æ¯ in font nullfont!
Missing character: There is no ä¸€ in font nullfont!
Missing character: There is no ä¸ª in font nullfont!
Missing character: There is no x in font nullfont!
Missing character: There is no m in font nullfont!
Missing character: There is no l in font nullfont!
Missing character: There is no æ–‡ in font nullfont!
Missing character: There is no ä»¶ in font nullfont!
Missing character: There is no éƒ½ in font nullfont!
Missing character: There is no å¯¹ in font nullfont!
Missing character: There is no åº” in font nullfont!
Missing character: There is no äº in font nullfont!
Missing character: There is no J in font nullfont!
Missing character: There is no P in font nullfont!
Missing character: There is no E in font nullfont!
Missing character: There is no G in font nullfont!
Missing character: There is no I in font nullfont!
Missing character: There is no m in font nullfont!
Missing character: There is no a in font nullfont!
Missing character: There is no g in font nullfont!
Missing character: There is no e in font nullfont!
Missing character: There is no s in font nullfont!
Missing character: There is no æ–‡ in font nullfont!
Missing character: There is no ä»¶ in font nullfont!
Missing character: There is no å¤¹ in font nullfont!
Missing character: There is no ä¸­ in font nullfont!
Missing character: There is no çš„ in font nullfont!
Missing character: There is no ä¸€ in font nullfont!
Missing character: There is no å¼  in font nullfont!
Missing character: There is no å›¾ in font nullfont!
Missing character: There is no ç‰‡ in font nullfont!
Missing character: There is no ã€‚ in font nullfont!

Overfull \hbox (20.0pt too wide) in paragraph at lines 14--15
[]
 []


! LaTeX Error: Missing \begin{document}.

See the LaTeX manual or LaTeX Companion for explanation.
Type  H <return>  for immediate help.
 ...                                              
                                                  
l.16 -
       ImageSet:å­˜æ”¾çš„æ˜¯æ¯ä¸€ç§ç±»å‹çš„challengeå¯¹åº”çš„å›¾åƒæ•°æ®ã€‚

You're in trouble here.  Try typing  <return>  to proceed.
If that doesn't work, type  X <return>  to quit.

Missing character: There is no - in font nullfont!
Missing character: There is no I in font nullfont!
Missing character: There is no m in font nullfont!
Missing character: There is no a in font nullfont!
Missing character: There is no g in font nullfont!
Missing character: There is no e in font nullfont!
Missing character: There is no S in font nullfont!
Missing character: There is no e in font nullfont!
Missing character: There is no t in font nullfont!
Missing character: There is no : in font nullfont!
Missing character: There is no å­˜ in font nullfont!
Missing character: There is no æ”¾ in font nullfont!
Missing character: There is no çš„ in font nullfont!
Missing character: There is no æ˜¯ in font nullfont!
Missing character: There is no æ¯ in font nullfont!
Missing character: There is no ä¸€ in font nullfont!
Missing character: There is no ç§ in font nullfont!
Missing character: There is no ç±» in font nullfont!
Missing character: There is no å‹ in font nullfont!
Missing character: There is no çš„ in font nullfont!
Missing character: There is no c in font nullfont!
Missing character: There is no h in font nullfont!
Missing character: There is no a in font nullfont!
Missing character: There is no l in font nullfont!
Missing character: There is no l in font nullfont!
Missing character: There is no e in font nullfont!
Missing character: There is no n in font nullfont!
Missing character: There is no g in font nullfont!
Missing character: There is no e in font nullfont!
Missing character: There is no å¯¹ in font nullfont!
Missing character: There is no åº” in font nullfont!
Missing character: There is no çš„ in font nullfont!
Missing character: There is no å›¾ in font nullfont!
Missing character: There is no åƒ in font nullfont!
Missing character: There is no æ•° in font nullfont!
Missing character: There is no æ® in font nullfont!
Missing character: There is no ã€‚ in font nullfont!

Overfull \hbox (20.0pt too wide) in paragraph at lines 16--17
[]
 []

! Undefined control sequence.
l.19 \subsubsection
                   {Pytorchä»‹ç»}
The control sequence at the end of the top line
of your error message was never \def'ed. If you have
misspelled it (e.g., `\hobx'), type `I' and the correct
spelling (e.g., `I\hbox'). Otherwise just continue,
and I'll forget about whatever was undefined.


! LaTeX Error: Missing \begin{document}.

See the LaTeX manual or LaTeX Companion for explanation.
Type  H <return>  for immediate help.
 ...                                              
                                                  
l.19 \subsubsection{P
                     ytorchä»‹ç»}
You're in trouble here.  Try typing  <return>  to proceed.
If that doesn't work, type  X <return>  to quit.

Missing character: There is no P in font nullfont!
Missing character: There is no y in font nullfont!
Missing character: There is no t in font nullfont!
Missing character: There is no o in font nullfont!
Missing character: There is no r in font nullfont!
Missing character: There is no c in font nullfont!
Missing character: There is no h in font nullfont!
Missing character: There is no ä»‹ in font nullfont!
Missing character: There is no ç» in font nullfont!
Missing character: There is no P in font nullfont!
Missing character: There is no y in font nullfont!
Missing character: There is no T in font nullfont!
Missing character: There is no o in font nullfont!
Missing character: There is no r in font nullfont!
Missing character: There is no c in font nullfont!
Missing character: There is no h in font nullfont!
Missing character: There is no æ˜¯ in font nullfont!
Missing character: There is no ä¸€ in font nullfont!
Missing character: There is no ä¸ª in font nullfont!
Missing character: There is no æ¯” in font nullfont!
Missing character: There is no è¾ƒ in font nullfont!
Missing character: There is no æ–° in font nullfont!
Missing character: There is no çš„ in font nullfont!
Missing character: There is no æ·± in font nullfont!
Missing character: There is no åº¦ in font nullfont!
Missing character: There is no å­¦ in font nullfont!
Missing character: There is no ä¹  in font nullfont!
Missing character: There is no æ¡† in font nullfont!
Missing character: There is no æ¶ in font nullfont!
Missing character: There is no ï¼Œ in font nullfont!
Missing character: There is no æ­£ in font nullfont!
Missing character: There is no åœ¨ in font nullfont!
Missing character: There is no ç ” in font nullfont!
Missing character: There is no ç©¶ in font nullfont!
Missing character: There is no äºº in font nullfont!
Missing character: There is no å‘˜ in font nullfont!
Missing character: There is no ä¸­ in font nullfont!
Missing character: There is no è¿… in font nullfont!
Missing character: There is no é€Ÿ in font nullfont!
Missing character: There is no æ™® in font nullfont!
Missing character: There is no åŠ in font nullfont!
Missing character: There is no ã€‚ in font nullfont!
Missing character: There is no å’Œ in font nullfont!
Missing character: There is no æ·± in font nullfont!
Missing character: There is no åº¦ in font nullfont!
Missing character: There is no å­¦ in font nullfont!
Missing character: There is no ä¹  in font nullfont!
Missing character: There is no æ¡† in font nullfont!
Missing character: There is no æ¶ in font nullfont!
Missing character: There is no C in font nullfont!
Missing character: There is no h in font nullfont!
Missing character: There is no a in font nullfont!
Missing character: There is no i in font nullfont!
Missing character: There is no n in font nullfont!
Missing character: There is no e in font nullfont!
Missing character: There is no r in font nullfont!
Missing character: There is no ç±» in font nullfont!
Missing character: There is no ä¼¼ in font nullfont!
Missing character: There is no ï¼Œ in font nullfont!
Missing character: There is no P in font nullfont!
Missing character: There is no y in font nullfont!
Missing character: There is no T in font nullfont!
Missing character: There is no o in font nullfont!
Missing character: There is no r in font nullfont!
Missing character: There is no c in font nullfont!
Missing character: There is no h in font nullfont!
Missing character: There is no æ”¯ in font nullfont!
Missing character: There is no æŒ in font nullfont!
Missing character: There is no åŠ¨ in font nullfont!
Missing character: There is no æ€ in font nullfont!
Missing character: There is no è®¡ in font nullfont!
Missing character: There is no ç®— in font nullfont!
Missing character: There is no å›¾ in font nullfont!
Missing character: There is no ï¼Œ in font nullfont!
Missing character: There is no è¿™ in font nullfont!
Missing character: There is no ä¸ª in font nullfont!
Missing character: There is no åŠŸ in font nullfont!
Missing character: There is no èƒ½ in font nullfont!
Missing character: There is no ä½¿ in font nullfont!
Missing character: There is no P in font nullfont!
Missing character: There is no y in font nullfont!
Missing character: There is no T in font nullfont!
Missing character: There is no o in font nullfont!
Missing character: There is no r in font nullfont!
Missing character: There is no c in font nullfont!
Missing character: There is no h in font nullfont!
Missing character: There is no å¯¹ in font nullfont!
Missing character: There is no ä½¿ in font nullfont!
Missing character: There is no ç”¨ in font nullfont!
Missing character: There is no æ–‡ in font nullfont!
Missing character: There is no æœ¬ in font nullfont!
Missing character: There is no ä¸ in font nullfont!
Missing character: There is no æ—¶ in font nullfont!
Missing character: There is no é—´ in font nullfont!
Missing character: There is no åº in font nullfont!
Missing character: There is no åˆ— in font nullfont!
Missing character: There is no çš„ in font nullfont!
Missing character: There is no ç ” in font nullfont!
Missing character: There is no ç©¶ in font nullfont!
Missing character: There is no è€… in font nullfont!
Missing character: There is no å’Œ in font nullfont!
Missing character: There is no å·¥ in font nullfont!
Missing character: There is no ç¨‹ in font nullfont!
Missing character: There is no å¸ˆ in font nullfont!
Missing character: There is no å¾ˆ in font nullfont!
Missing character: There is no æœ‰ in font nullfont!
Missing character: There is no å¸ in font nullfont!
Missing character: There is no å¼• in font nullfont!
Missing character: There is no åŠ› in font nullfont!
Missing character: There is no ã€‚ in font nullfont!
Missing character: There is no T in font nullfont!
Missing character: There is no e in font nullfont!
Missing character: There is no n in font nullfont!
Missing character: There is no s in font nullfont!
Missing character: There is no o in font nullfont!
Missing character: There is no r in font nullfont!
Missing character: There is no F in font nullfont!
Missing character: There is no l in font nullfont!
Missing character: There is no o in font nullfont!
Missing character: There is no w in font nullfont!
Missing character: There is no è§£ in font nullfont!
Missing character: There is no å†³ in font nullfont!
Missing character: There is no äº† in font nullfont!
Missing character: There is no è´¨ in font nullfont!
Missing character: There is no é‡ in font nullfont!
Missing character: There is no æ§ in font nullfont!
Missing character: There is no åˆ¶ in font nullfont!
Missing character: There is no å’Œ in font nullfont!
Missing character: There is no åŒ… in font nullfont!
Missing character: There is no è£… in font nullfont!
Missing character: There is no çš„ in font nullfont!
Missing character: There is no é—® in font nullfont!
Missing character: There is no é¢˜ in font nullfont!
Missing character: There is no ã€‚ in font nullfont!
Missing character: There is no å®ƒ in font nullfont!
Missing character: There is no æ in font nullfont!
Missing character: There is no ä¾› in font nullfont!
Missing character: There is no äº† in font nullfont!
Missing character: There is no ä¸€ in font nullfont!
Missing character: There is no ç§ in font nullfont!
Missing character: There is no T in font nullfont!
Missing character: There is no h in font nullfont!
Missing character: There is no e in font nullfont!
Missing character: There is no a in font nullfont!
Missing character: There is no n in font nullfont!
Missing character: There is no o in font nullfont!
Missing character: There is no é£ in font nullfont!
Missing character: There is no æ ¼ in font nullfont!
Missing character: There is no çš„ in font nullfont!
Missing character: There is no ç¼– in font nullfont!
Missing character: There is no ç¨‹ in font nullfont!
Missing character: There is no æ¨¡ in font nullfont!
Missing character: There is no å¼ in font nullfont!
Missing character: There is no ï¼Œ in font nullfont!
Missing character: There is no æ‰€ in font nullfont!
Missing character: There is no ä»¥ in font nullfont!
Missing character: There is no å®ƒ in font nullfont!
Missing character: There is no æ˜¯ in font nullfont!
Missing character: There is no ä¸€ in font nullfont!
Missing character: There is no ç§ in font nullfont!
Missing character: There is no é in font nullfont!
Missing character: There is no å¸¸ in font nullfont!
Missing character: There is no åº• in font nullfont!
Missing character: There is no å±‚ in font nullfont!
Missing character: There is no çš„ in font nullfont!
Missing character: There is no æ·± in font nullfont!
Missing character: There is no åº¦ in font nullfont!
Missing character: There is no å­¦ in font nullfont!
Missing character: There is no ä¹  in font nullfont!
Missing character: There is no æ¡† in font nullfont!
Missing character: There is no æ¶ in font nullfont!
Missing character: There is no ã€‚ in font nullfont!
Missing character: There is no ç”± in font nullfont!
Missing character: There is no äº in font nullfont!
Missing character: There is no T in font nullfont!
Missing character: There is no e in font nullfont!
Missing character: There is no n in font nullfont!
Missing character: There is no s in font nullfont!
Missing character: There is no o in font nullfont!
Missing character: There is no r in font nullfont!
Missing character: There is no F in font nullfont!
Missing character: There is no l in font nullfont!
Missing character: There is no o in font nullfont!
Missing character: There is no w in font nullfont!
Missing character: There is no æœ¬ in font nullfont!
Missing character: There is no èº« in font nullfont!
Missing character: There is no æ˜¯ in font nullfont!
Missing character: There is no é in font nullfont!
Missing character: There is no å¸¸ in font nullfont!
Missing character: There is no åº• in font nullfont!
Missing character: There is no å±‚ in font nullfont!
Missing character: There is no çš„ in font nullfont!
Missing character: There is no æ¡† in font nullfont!
Missing character: There is no æ¶ in font nullfont!
Missing character: There is no ï¼Œ in font nullfont!
Missing character: There is no æ‰€ in font nullfont!
Missing character: There is no ä»¥ in font nullfont!
Missing character: There is no è®¸ in font nullfont!
Missing character: There is no å¤š in font nullfont!
Missing character: There is no åŸº in font nullfont!
Missing character: There is no äº in font nullfont!
Missing character: There is no T in font nullfont!
Missing character: There is no e in font nullfont!
Missing character: There is no n in font nullfont!
Missing character: There is no s in font nullfont!
Missing character: There is no o in font nullfont!
Missing character: There is no r in font nullfont!
Missing character: There is no F in font nullfont!
Missing character: There is no l in font nullfont!
Missing character: There is no o in font nullfont!
Missing character: There is no w in font nullfont!
Missing character: There is no çš„ in font nullfont!
Missing character: There is no å‰ in font nullfont!
Missing character: There is no ç«¯ in font nullfont!
Missing character: There is no æ¡† in font nullfont!
Missing character: There is no æ¶ in font nullfont!
Missing character: There is no åº” in font nullfont!
Missing character: There is no è¿ in font nullfont!
Missing character: There is no è€Œ in font nullfont!
Missing character: There is no ç”Ÿ in font nullfont!
Missing character: There is no ï¼Œ in font nullfont!
Missing character: There is no æ¯” in font nullfont!
Missing character: There is no å¦‚ in font nullfont!
Missing character: There is no T in font nullfont!
Missing character: There is no F in font nullfont!
Missing character: There is no - in font nullfont!
Missing character: There is no s in font nullfont!
Missing character: There is no l in font nullfont!
Missing character: There is no i in font nullfont!
Missing character: There is no m in font nullfont!
Missing character: There is no å’Œ in font nullfont!
Missing character: There is no K in font nullfont!
Missing character: There is no e in font nullfont!
Missing character: There is no r in font nullfont!
Missing character: There is no a in font nullfont!
Missing character: There is no s in font nullfont!
Missing character: There is no ã€‚ in font nullfont!
Missing character: There is no è¿™ in font nullfont!
Missing character: There is no æ · in font nullfont!
Missing character: There is no çš„ in font nullfont!
Missing character: There is no æ¡† in font nullfont!
Missing character: There is no æ¶ in font nullfont!
Missing character: There is no ç›® in font nullfont!
Missing character: There is no å‰ in font nullfont!
Missing character: There is no æœ‰ in font nullfont!
Missing character: There is no 1 in font nullfont!
Missing character: There is no 0 in font nullfont!
Missing character: There is no åˆ° in font nullfont!
Missing character: There is no 1 in font nullfont!
Missing character: There is no 5 in font nullfont!
Missing character: There is no ä¸ª in font nullfont!
Missing character: There is no ï¼Œ in font nullfont!
Missing character: There is no ä»… in font nullfont!
Missing character: There is no G in font nullfont!
Missing character: There is no o in font nullfont!
Missing character: There is no o in font nullfont!
Missing character: There is no g in font nullfont!
Missing character: There is no l in font nullfont!
Missing character: There is no e in font nullfont!
Missing character: There is no å°± in font nullfont!
Missing character: There is no å¯ in font nullfont!
Missing character: There is no èƒ½ in font nullfont!
Missing character: There is no æœ‰ in font nullfont!
Missing character: There is no å›› in font nullfont!
Missing character: There is no äº” in font nullfont!
Missing character: There is no ä¸ª in font nullfont!
Missing character: There is no ã€‚ in font nullfont!

Overfull \hbox (20.0pt too wide) in paragraph at lines 19--21
[]
 []


! LaTeX Error: Missing \begin{document}.

See the LaTeX manual or LaTeX Companion for explanation.
Type  H <return>  for immediate help.
 ...                                              
                                                  
l.22 T
      orchçš„æ€æƒ³å’ŒTheanoä¸€ç›´ç•¥æœ‰ä¸åŒã€‚TensorFlowæ˜¯ä¸€ä¸ªæ›´å¥½çš...

You're in trouble here.  Try typing  <return>  to proceed.
If that doesn't work, type  X <return>  to quit.

Missing character: There is no T in font nullfont!
Missing character: There is no o in font nullfont!
Missing character: There is no r in font nullfont!
Missing character: There is no c in font nullfont!
Missing character: There is no h in font nullfont!
Missing character: There is no çš„ in font nullfont!
Missing character: There is no æ€ in font nullfont!
Missing character: There is no æƒ³ in font nullfont!
Missing character: There is no å’Œ in font nullfont!
Missing character: There is no T in font nullfont!
Missing character: There is no h in font nullfont!
Missing character: There is no e in font nullfont!
Missing character: There is no a in font nullfont!
Missing character: There is no n in font nullfont!
Missing character: There is no o in font nullfont!
Missing character: There is no ä¸€ in font nullfont!
Missing character: There is no ç›´ in font nullfont!
Missing character: There is no ç•¥ in font nullfont!
Missing character: There is no æœ‰ in font nullfont!
Missing character: There is no ä¸ in font nullfont!
Missing character: There is no åŒ in font nullfont!
Missing character: There is no ã€‚ in font nullfont!
Missing character: There is no T in font nullfont!
Missing character: There is no e in font nullfont!
Missing character: There is no n in font nullfont!
Missing character: There is no s in font nullfont!
Missing character: There is no o in font nullfont!
Missing character: There is no r in font nullfont!
Missing character: There is no F in font nullfont!
Missing character: There is no l in font nullfont!
Missing character: There is no o in font nullfont!
Missing character: There is no w in font nullfont!
Missing character: There is no æ˜¯ in font nullfont!
Missing character: There is no ä¸€ in font nullfont!
Missing character: There is no ä¸ª in font nullfont!
Missing character: There is no æ›´ in font nullfont!
Missing character: There is no å¥½ in font nullfont!
Missing character: There is no çš„ in font nullfont!
Missing character: There is no T in font nullfont!
Missing character: There is no h in font nullfont!
Missing character: There is no e in font nullfont!
Missing character: There is no a in font nullfont!
Missing character: There is no n in font nullfont!
Missing character: There is no o in font nullfont!
Missing character: There is no é£ in font nullfont!
Missing character: There is no æ ¼ in font nullfont!
Missing character: There is no çš„ in font nullfont!
Missing character: There is no æ¡† in font nullfont!
Missing character: There is no æ¶ in font nullfont!
Missing character: There is no ï¼Œ in font nullfont!
Missing character: There is no å¹¶ in font nullfont!
Missing character: There is no ä¸” in font nullfont!
Missing character: There is no æˆ‘ in font nullfont!
Missing character: There is no ä»¬ in font nullfont!
Missing character: There is no åœ¨ in font nullfont!
Missing character: There is no T in font nullfont!
Missing character: There is no o in font nullfont!
Missing character: There is no r in font nullfont!
Missing character: There is no c in font nullfont!
Missing character: There is no h in font nullfont!
Missing character: There is no ä¸­ in font nullfont!
Missing character: There is no æ³¨ in font nullfont!
Missing character: There is no å…¥ in font nullfont!
Missing character: There is no äº† in font nullfont!
Missing character: There is no å¼º in font nullfont!
Missing character: There is no åˆ¶ in font nullfont!
Missing character: There is no çš„ in font nullfont!
Missing character: There is no æ€ in font nullfont!
Missing character: There is no æƒ³ in font nullfont!
Missing character: There is no ï¼Œ in font nullfont!
Missing character: There is no è¿™ in font nullfont!
Missing character: There is no æ„ in font nullfont!
Missing character: There is no å‘³ in font nullfont!
Missing character: There is no ç€ in font nullfont!
Missing character: There is no ä½  in font nullfont!
Missing character: There is no å¯ in font nullfont!
Missing character: There is no ä»¥ in font nullfont!
Missing character: There is no ç«‹ in font nullfont!
Missing character: There is no å³ in font nullfont!
Missing character: There is no è¿ in font nullfont!
Missing character: There is no è¡Œ in font nullfont!
Missing character: There is no ä½  in font nullfont!
Missing character: There is no çš„ in font nullfont!
Missing character: There is no è®¡ in font nullfont!
Missing character: There is no ç®— in font nullfont!
Missing character: There is no ã€‚ in font nullfont!
Missing character: There is no è°ƒ in font nullfont!
Missing character: There is no è¯• in font nullfont!
Missing character: There is no åº” in font nullfont!
Missing character: There is no è¯¥ in font nullfont!
Missing character: There is no æ˜¯ in font nullfont!
Missing character: There is no å¹³ in font nullfont!
Missing character: There is no ç¨³ in font nullfont!
Missing character: There is no é¡º in font nullfont!
Missing character: There is no åˆ© in font nullfont!
Missing character: There is no çš„ in font nullfont!
Missing character: There is no ï¼Œ in font nullfont!
Missing character: There is no ç”¨ in font nullfont!
Missing character: There is no æˆ· in font nullfont!
Missing character: There is no åœ¨ in font nullfont!
Missing character: There is no è°ƒ in font nullfont!
Missing character: There is no è¯• in font nullfont!
Missing character: There is no è¿‡ in font nullfont!
Missing character: There is no ç¨‹ in font nullfont!
Missing character: There is no ä¸­ in font nullfont!
Missing character: There is no ä¸ in font nullfont!
Missing character: There is no åº” in font nullfont!
Missing character: There is no å½“ in font nullfont!
Missing character: There is no é‡ in font nullfont!
Missing character: There is no åˆ° in font nullfont!
Missing character: There is no éš¾ in font nullfont!
Missing character: There is no é¢˜ in font nullfont!
Missing character: There is no ï¼Œ in font nullfont!
Missing character: There is no æ—  in font nullfont!
Missing character: There is no è®º in font nullfont!
Missing character: There is no ä½¿ in font nullfont!
Missing character: There is no ç”¨ in font nullfont!
Missing character: There is no P in font nullfont!
Missing character: There is no y in font nullfont!
Missing character: There is no t in font nullfont!
Missing character: There is no h in font nullfont!
Missing character: There is no o in font nullfont!
Missing character: There is no n in font nullfont!
Missing character: There is no è°ƒ in font nullfont!
Missing character: There is no è¯• in font nullfont!
Missing character: There is no å™¨ in font nullfont!
Missing character: There is no è¿˜ in font nullfont!
Missing character: There is no æ˜¯ in font nullfont!
Missing character: There is no åƒ in font nullfont!
Missing character: There is no G in font nullfont!
Missing character: There is no D in font nullfont!
Missing character: There is no B in font nullfont!
Missing character: There is no æˆ– in font nullfont!
Missing character: There is no å…¶ in font nullfont!
Missing character: There is no ä»– in font nullfont!
Missing character: There is no ç±» in font nullfont!
Missing character: There is no ä¼¼ in font nullfont!
Missing character: There is no çš„ in font nullfont!
Missing character: There is no ä¸œ in font nullfont!
Missing character: There is no è¥¿ in font nullfont!
Missing character: There is no ã€‚ in font nullfont!
! Undefined control sequence.
l.23 \subsubsection
                   {OpenCVä»‹ç»}
The control sequence at the end of the top line
of your error message was never \def'ed. If you have
misspelled it (e.g., `\hobx'), type `I' and the correct
spelling (e.g., `I\hbox'). Otherwise just continue,
and I'll forget about whatever was undefined.

Missing character: There is no O in font nullfont!
Missing character: There is no p in font nullfont!
Missing character: There is no e in font nullfont!
Missing character: There is no n in font nullfont!
Missing character: There is no C in font nullfont!
Missing character: There is no V in font nullfont!
Missing character: There is no ä»‹ in font nullfont!
Missing character: There is no ç» in font nullfont!
Missing character: There is no O in font nullfont!
Missing character: There is no p in font nullfont!
Missing character: There is no e in font nullfont!
Missing character: There is no n in font nullfont!
Missing character: There is no C in font nullfont!
Missing character: There is no V in font nullfont!
Missing character: There is no æ˜¯ in font nullfont!
Missing character: There is no I in font nullfont!
Missing character: There is no n in font nullfont!
Missing character: There is no t in font nullfont!
Missing character: There is no e in font nullfont!
Missing character: There is no l in font nullfont!
LaTeX Font Info:    Try loading font information for OMS+lmr on input line 24.
(/usr/share/texmf/tex/latex/lm/omslmr.fd
File: omslmr.fd 2009/10/30 v1.6 Font defs for Latin Modern
)
LaTeX Font Info:    Try loading font information for OMS+lmsy on input line 24.


(/usr/share/texmf/tex/latex/lm/omslmsy.fd
File: omslmsy.fd 2009/10/30 v1.6 Font defs for Latin Modern
)
LaTeX Font Info:    Font shape `OMS/lmr/m/n' in size <10> not available
(Font)              Font shape `OMS/lmsy/m/n' tried instead on input line 24.
LaTeX Font Info:    Try loading font information for +lmr on input line 24.
LaTeX Font Info:    No file lmr.fd. on input line 24.
LaTeX Font Info:    Try loading font information for +cmsy on input line 24.
LaTeX Font Info:    No file cmsy.fd. on input line 24.


LaTeX Font Warning: Font shape `/lmr/m/n' undefined
(Font)              using `/cmsy/m/n' instead on input line 24.


LaTeX Font Warning: Font shape `/cmsy/m/n' undefined
(Font)              using `/cmsy/m/n' instead on input line 24.

! Corrupted NFSS tables.
wrong@fontshape ...message {Corrupted NFSS tables}
                                                  error@fontshape else let f...
l.24 OpenCVæ˜¯Intel\copyright
                             ã€€å¼€æºçš„è®¡ç®—æœºè§†è§‰åº“ã€‚å®ƒç”±ä¸€ç³»åˆ...
This error message was generated by an \errmessage
command, so I can't give any explicit help.
Pretend that you're Hercule Poirot: Examine all clues,
and deduce the truth by order and method.


LaTeX Font Warning: Font shape `/cmsy/m/n' undefined
(Font)              using `OT1/cmr/m/n' instead on input line 24.

Missing character: There is no ã€€ in font nullfont!
Missing character: There is no å¼€ in font nullfont!
Missing character: There is no æº in font nullfont!
Missing character: There is no çš„ in font nullfont!
Missing character: There is no è®¡ in font nullfont!
Missing character: There is no ç®— in font nullfont!
Missing character: There is no æœº in font nullfont!
Missing character: There is no è§† in font nullfont!
Missing character: There is no è§‰ in font nullfont!
Missing character: There is no åº“ in font nullfont!
Missing character: There is no ã€‚ in font nullfont!
Missing character: There is no å®ƒ in font nullfont!
Missing character: There is no ç”± in font nullfont!
Missing character: There is no ä¸€ in font nullfont!
Missing character: There is no ç³» in font nullfont!
Missing character: There is no åˆ— in font nullfont!
Missing character: There is no C in font nullfont!
Missing character: There is no å‡½ in font nullfont!
Missing character: There is no æ•° in font nullfont!
Missing character: There is no å’Œ in font nullfont!
Missing character: There is no å°‘ in font nullfont!
Missing character: There is no é‡ in font nullfont!
Missing character: There is no C in font nullfont!
Missing character: There is no + in font nullfont!
Missing character: There is no + in font nullfont!
Missing character: There is no ç±» in font nullfont!
Missing character: There is no æ„ in font nullfont!
Missing character: There is no æˆ in font nullfont!
Missing character: There is no ã€€ in font nullfont!
Missing character: There is no ï¼Œ in font nullfont!
Missing character: There is no å® in font nullfont!
Missing character: There is no ç° in font nullfont!
Missing character: There is no äº† in font nullfont!
Missing character: There is no å›¾ in font nullfont!
Missing character: There is no åƒ in font nullfont!
Missing character: There is no å¤„ in font nullfont!
Missing character: There is no ç† in font nullfont!
Missing character: There is no å’Œ in font nullfont!
Missing character: There is no è®¡ in font nullfont!
Missing character: There is no ç®— in font nullfont!
Missing character: There is no æœº in font nullfont!
Missing character: There is no è§† in font nullfont!
Missing character: There is no è§‰ in font nullfont!
Missing character: There is no æ–¹ in font nullfont!
Missing character: There is no é¢ in font nullfont!
Missing character: There is no çš„ in font nullfont!
Missing character: There is no å¾ˆ in font nullfont!
Missing character: There is no å¤š in font nullfont!
Missing character: There is no é€š in font nullfont!
Missing character: There is no ç”¨ in font nullfont!
Missing character: There is no ç®— in font nullfont!
Missing character: There is no æ³• in font nullfont!
Missing character: There is no ã€‚ in font nullfont!
! Undefined control sequence.
l.25 \subsubsection
                   {å°†å›¾ç‰‡åˆ‡å‰²æˆ300pxå¤§å°}
The control sequence at the end of the top line
of your error message was never \def'ed. If you have
misspelled it (e.g., `\hobx'), type `I' and the correct
spelling (e.g., `I\hbox'). Otherwise just continue,
and I'll forget about whatever was undefined.

Missing character: There is no å°† in font nullfont!
Missing character: There is no å›¾ in font nullfont!
Missing character: There is no ç‰‡ in font nullfont!
Missing character: There is no åˆ‡ in font nullfont!
Missing character: There is no å‰² in font nullfont!
Missing character: There is no æˆ in font nullfont!
Missing character: There is no 3 in font nullfont!
Missing character: There is no 0 in font nullfont!
Missing character: There is no 0 in font nullfont!
Missing character: There is no p in font nullfont!
Missing character: There is no x in font nullfont!
Missing character: There is no å¤§ in font nullfont!
Missing character: There is no å° in font nullfont!

! LaTeX Error: Environment lstlisting undefined.

See the LaTeX manual or LaTeX Companion for explanation.
Type  H <return>  for immediate help.
 ...                                              
                                                  
l.26 \begin{lstlisting}
                       [caption={å›¾åƒåˆ‡å‰²}]
Your command was ignored.
Type  I <command> <return>  to replace it with another command,
or  <return>  to continue without it.

Missing character: There is no [ in font nullfont!
Missing character: There is no c in font nullfont!
Missing character: There is no a in font nullfont!
Missing character: There is no p in font nullfont!
Missing character: There is no t in font nullfont!
Missing character: There is no i in font nullfont!
Missing character: There is no o in font nullfont!
Missing character: There is no n in font nullfont!
Missing character: There is no = in font nullfont!
Missing character: There is no å›¾ in font nullfont!
Missing character: There is no åƒ in font nullfont!
Missing character: There is no åˆ‡ in font nullfont!
Missing character: There is no å‰² in font nullfont!
Missing character: There is no ] in font nullfont!

Overfull \hbox (20.0pt too wide) in paragraph at lines 22--27
[]
 []


Overfull \hbox (10.00002pt too wide) in paragraph at lines 22--27
[]
 []


! LaTeX Error: \begin{document} ended by \end{lstlisting}.

See the LaTeX manual or LaTeX Companion for explanation.
Type  H <return>  for immediate help.
 ...                                              
                                                  
l.28 \end{lstlisting}
                     
Your command was ignored.
Type  I <command> <return>  to replace it with another command,
or  <return>  to continue without it.

)
! Emergency stop.
<*> section4-1.tex
                  
*** (job aborted, no legal \end found)

 
Here is how much of TeX's memory you used:
 52 strings out of 492998
 813 string characters out of 6136604
 61710 words of memory out of 5000000
 4120 multiletter control sequences out of 15000+600000
 3951 words of font info for 16 fonts, out of 8000000 for 9000
 1348 hyphenation exceptions out of 8191
 24i,6n,16p,279b,165s stack positions out of 5000i,500n,10000p,200000b,80000s
No pages of output.
